Determining if the system is big endian passed with the following output:
Change Dir: /users/nstroustrup/nstroustrup/projects/lifespan/external_compile_libraries/openjpeg-2.1.2/CMakeFiles/CMakeTmp

Run Build Command:/usr/bin/gmake "cmTryCompileExec1713704007/fast"
/usr/bin/gmake -f CMakeFiles/cmTryCompileExec1713704007.dir/build.make CMakeFiles/cmTryCompileExec1713704007.dir/build
gmake[1]: Entering directory `/nfs/users2/nstroustrup/nstroustrup/projects/lifespan/external_compile_libraries/openjpeg-2.1.2/CMakeFiles/CMakeTmp'
/usr/bin/cmake -E cmake_progress_report /users/nstroustrup/nstroustrup/projects/lifespan/external_compile_libraries/openjpeg-2.1.2/CMakeFiles/CMakeTmp/CMakeFiles 1
Building C object CMakeFiles/cmTryCompileExec1713704007.dir/TestEndianess.c.o
/usr/bin/cc    -o CMakeFiles/cmTryCompileExec1713704007.dir/TestEndianess.c.o   -c /users/nstroustrup/nstroustrup/projects/lifespan/external_compile_libraries/openjpeg-2.1.2/CMakeFiles/CMakeTmp/TestEndianess.c
Linking C executable cmTryCompileExec1713704007
/usr/bin/cmake -E cmake_link_script CMakeFiles/cmTryCompileExec1713704007.dir/link.txt --verbose=1
/usr/bin/cc         CMakeFiles/cmTryCompileExec1713704007.dir/TestEndianess.c.o  -o cmTryCompileExec1713704007 -rdynamic 
gmake[1]: Leaving directory `/nfs/users2/nstroustrup/nstroustrup/projects/lifespan/external_compile_libraries/openjpeg-2.1.2/CMakeFiles/CMakeTmp'

TestEndianess.c:
/* A 16 bit integer is required. */
typedef unsigned short cmakeint16;

/* On a little endian machine, these 16bit ints will give "THIS IS LITTLE ENDIAN."
   On a big endian machine the characters will be exchanged pairwise. */
const cmakeint16 info_little[] =  {0x4854, 0x5349, 0x4920, 0x2053, 0x494c, 0x5454, 0x454c, 0x4520, 0x444e, 0x4149, 0x2e4e, 0x0000};

/* on a big endian machine, these 16bit ints will give "THIS IS BIG ENDIAN."
   On a little endian machine the characters will be exchanged pairwise. */
const cmakeint16 info_big[] =     {0x5448, 0x4953, 0x2049, 0x5320, 0x4249, 0x4720, 0x454e, 0x4449, 0x414e, 0x2e2e, 0x0000};

#ifdef __CLASSIC_C__
int main(argc, argv) int argc; char *argv[];
#else
int main(int argc, char *argv[])
#endif
{
  int require = 0;
  require += info_little[argc];
  require += info_big[argc];
  (void)argv;
  return require;
}


Determining if the _aligned_malloc exist failed with the following output:
Change Dir: /users/nstroustrup/nstroustrup/projects/lifespan/external_compile_libraries/openjpeg-2.1.2/CMakeFiles/CMakeTmp

Run Build Command:/usr/bin/gmake "cmTryCompileExec3159380580/fast"
/usr/bin/gmake -f CMakeFiles/cmTryCompileExec3159380580.dir/build.make CMakeFiles/cmTryCompileExec3159380580.dir/build
gmake[1]: Entering directory `/nfs/users2/nstroustrup/nstroustrup/projects/lifespan/external_compile_libraries/openjpeg-2.1.2/CMakeFiles/CMakeTmp'
/usr/bin/cmake -E cmake_progress_report /users/nstroustrup/nstroustrup/projects/lifespan/external_compile_libraries/openjpeg-2.1.2/CMakeFiles/CMakeTmp/CMakeFiles 1
Building C object CMakeFiles/cmTryCompileExec3159380580.dir/CheckSymbolExists.c.o
/usr/bin/cc    -o CMakeFiles/cmTryCompileExec3159380580.dir/CheckSymbolExists.c.o   -c /users/nstroustrup/nstroustrup/projects/lifespan/external_compile_libraries/openjpeg-2.1.2/CMakeFiles/CMakeTmp/CheckSymbolExists.c
/users/nstroustrup/nstroustrup/projects/lifespan/external_compile_libraries/openjpeg-2.1.2/CMakeFiles/CMakeTmp/CheckSymbolExists.c: In function ‘main’:
/users/nstroustrup/nstroustrup/projects/lifespan/external_compile_libraries/openjpeg-2.1.2/CMakeFiles/CMakeTmp/CheckSymbolExists.c:8:19: error: ‘_aligned_malloc’ undeclared (first use in this function)
   return ((int*)(&_aligned_malloc))[argc];
                   ^
/users/nstroustrup/nstroustrup/projects/lifespan/external_compile_libraries/openjpeg-2.1.2/CMakeFiles/CMakeTmp/CheckSymbolExists.c:8:19: note: each undeclared identifier is reported only once for each function it appears in
gmake[1]: Leaving directory `/nfs/users2/nstroustrup/nstroustrup/projects/lifespan/external_compile_libraries/openjpeg-2.1.2/CMakeFiles/CMakeTmp'
gmake[1]: *** [CMakeFiles/cmTryCompileExec3159380580.dir/CheckSymbolExists.c.o] Error 1
gmake: *** [cmTryCompileExec3159380580/fast] Error 2

File /users/nstroustrup/nstroustrup/projects/lifespan/external_compile_libraries/openjpeg-2.1.2/CMakeFiles/CMakeTmp/CheckSymbolExists.c:
/* */
#include <malloc.h>

int main(int argc, char** argv)
{
  (void)argv;
#ifndef _aligned_malloc
  return ((int*)(&_aligned_malloc))[argc];
#else
  (void)argc;
  return 0;
#endif
}

Determining if the system is big endian passed with the following output:
Change Dir: /users/nstroustrup/nstroustrup/projects/lifespan/external_compile_libraries/openjpeg-2.1.2/CMakeFiles/CMakeTmp

Run Build Command:/usr/bin/gmake "cmTryCompileExec3619348545/fast"
/usr/bin/gmake -f CMakeFiles/cmTryCompileExec3619348545.dir/build.make CMakeFiles/cmTryCompileExec3619348545.dir/build
gmake[1]: Entering directory `/nfs/users2/nstroustrup/nstroustrup/projects/lifespan/external_compile_libraries/openjpeg-2.1.2/CMakeFiles/CMakeTmp'
/usr/bin/cmake -E cmake_progress_report /users/nstroustrup/nstroustrup/projects/lifespan/external_compile_libraries/openjpeg-2.1.2/CMakeFiles/CMakeTmp/CMakeFiles 1
Building C object CMakeFiles/cmTryCompileExec3619348545.dir/TestEndianess.c.o
/usr/bin/cc    -o CMakeFiles/cmTryCompileExec3619348545.dir/TestEndianess.c.o   -c /users/nstroustrup/nstroustrup/projects/lifespan/external_compile_libraries/openjpeg-2.1.2/CMakeFiles/CMakeTmp/TestEndianess.c
Linking C executable cmTryCompileExec3619348545
/usr/bin/cmake -E cmake_link_script CMakeFiles/cmTryCompileExec3619348545.dir/link.txt --verbose=1
/usr/bin/cc         CMakeFiles/cmTryCompileExec3619348545.dir/TestEndianess.c.o  -o cmTryCompileExec3619348545 -rdynamic 
gmake[1]: Leaving directory `/nfs/users2/nstroustrup/nstroustrup/projects/lifespan/external_compile_libraries/openjpeg-2.1.2/CMakeFiles/CMakeTmp'

TestEndianess.c:
/* A 16 bit integer is required. */
typedef unsigned short cmakeint16;

/* On a little endian machine, these 16bit ints will give "THIS IS LITTLE ENDIAN."
   On a big endian machine the characters will be exchanged pairwise. */
const cmakeint16 info_little[] =  {0x4854, 0x5349, 0x4920, 0x2053, 0x494c, 0x5454, 0x454c, 0x4520, 0x444e, 0x4149, 0x2e4e, 0x0000};

/* on a big endian machine, these 16bit ints will give "THIS IS BIG ENDIAN."
   On a little endian machine the characters will be exchanged pairwise. */
const cmakeint16 info_big[] =     {0x5448, 0x4953, 0x2049, 0x5320, 0x4249, 0x4720, 0x454e, 0x4449, 0x414e, 0x2e2e, 0x0000};

#ifdef __CLASSIC_C__
int main(argc, argv) int argc; char *argv[];
#else
int main(int argc, char *argv[])
#endif
{
  int require = 0;
  require += info_little[argc];
  require += info_big[argc];
  (void)argv;
  return require;
}


Determining if files jpeglib.h exist failed with the following output:
Change Dir: /users/nstroustrup/nstroustrup/projects/lifespan/external_compile_libraries/openjpeg-2.1.2/CMakeFiles/CMakeTmp

Run Build Command:/usr/bin/gmake "cmTryCompileExec1133602935/fast"
/usr/bin/gmake -f CMakeFiles/cmTryCompileExec1133602935.dir/build.make CMakeFiles/cmTryCompileExec1133602935.dir/build
gmake[1]: Entering directory `/nfs/users2/nstroustrup/nstroustrup/projects/lifespan/external_compile_libraries/openjpeg-2.1.2/CMakeFiles/CMakeTmp'
/usr/bin/cmake -E cmake_progress_report /users/nstroustrup/nstroustrup/projects/lifespan/external_compile_libraries/openjpeg-2.1.2/CMakeFiles/CMakeTmp/CMakeFiles 1
Building C object CMakeFiles/cmTryCompileExec1133602935.dir/CheckIncludeFiles.c.o
/usr/bin/cc    -o CMakeFiles/cmTryCompileExec1133602935.dir/CheckIncludeFiles.c.o   -c /users/nstroustrup/nstroustrup/projects/lifespan/external_compile_libraries/openjpeg-2.1.2/CMakeFiles/CMakeTmp/CheckIncludeFiles.c
In file included from /users/nstroustrup/nstroustrup/projects/lifespan/external_compile_libraries/openjpeg-2.1.2/CMakeFiles/CMakeTmp/CheckIncludeFiles.c:2:0:
/usr/include/jpeglib.h:792:3: error: unknown type name ‘size_t’
   size_t free_in_buffer; /* # of byte spaces remaining in buffer */
   ^
/usr/include/jpeglib.h:804:3: error: unknown type name ‘size_t’
   size_t bytes_in_buffer; /* # of bytes remaining in buffer */
   ^
In file included from /usr/include/jpeglib.h:29:0,
                 from /users/nstroustrup/nstroustrup/projects/lifespan/external_compile_libraries/openjpeg-2.1.2/CMakeFiles/CMakeTmp/CheckIncludeFiles.c:2:
/usr/include/jpeglib.h:835:3: error: unknown type name ‘size_t’
   JMETHOD(void *, alloc_small, (j_common_ptr cinfo, int pool_id,
   ^
/usr/include/jpeglib.h:837:3: error: unknown type name ‘size_t’
   JMETHOD(void FAR *, alloc_large, (j_common_ptr cinfo, int pool_id,
   ^
In file included from /users/nstroustrup/nstroustrup/projects/lifespan/external_compile_libraries/openjpeg-2.1.2/CMakeFiles/CMakeTmp/CheckIncludeFiles.c:2:0:
/usr/include/jpeglib.h:990:34: error: unknown type name ‘size_t’
 EXTERN(void) jpeg_CreateCompress JPP((j_compress_ptr cinfo,
                                  ^
/usr/include/jpeglib.h:992:36: error: unknown type name ‘size_t’
 EXTERN(void) jpeg_CreateDecompress JPP((j_decompress_ptr cinfo,
                                    ^
/usr/include/jpeglib.h:1000:30: error: unknown type name ‘FILE’
 EXTERN(void) jpeg_stdio_dest JPP((j_compress_ptr cinfo, FILE * outfile));
                              ^
/usr/include/jpeglib.h:1001:29: error: unknown type name ‘FILE’
 EXTERN(void) jpeg_stdio_src JPP((j_decompress_ptr cinfo, FILE * infile));
                             ^
gmake[1]: Leaving directory `/nfs/users2/nstroustrup/nstroustrup/projects/lifespan/external_compile_libraries/openjpeg-2.1.2/CMakeFiles/CMakeTmp'
gmake[1]: *** [CMakeFiles/cmTryCompileExec1133602935.dir/CheckIncludeFiles.c.o] Error 1
gmake: *** [cmTryCompileExec1133602935/fast] Error 2

Source:
/* */
#include <jpeglib.h>


int main(){return 0;}

Determining if files io.h exist failed with the following output:
Change Dir: /users/nstroustrup/nstroustrup/projects/lifespan/external_compile_libraries/openjpeg-2.1.2/CMakeFiles/CMakeTmp

Run Build Command:/usr/bin/gmake "cmTryCompileExec2535022831/fast"
/usr/bin/gmake -f CMakeFiles/cmTryCompileExec2535022831.dir/build.make CMakeFiles/cmTryCompileExec2535022831.dir/build
gmake[1]: Entering directory `/nfs/users2/nstroustrup/nstroustrup/projects/lifespan/external_compile_libraries/openjpeg-2.1.2/CMakeFiles/CMakeTmp'
/usr/bin/cmake -E cmake_progress_report /users/nstroustrup/nstroustrup/projects/lifespan/external_compile_libraries/openjpeg-2.1.2/CMakeFiles/CMakeTmp/CMakeFiles 1
Building C object CMakeFiles/cmTryCompileExec2535022831.dir/CheckIncludeFiles.c.o
/usr/bin/cc    -o CMakeFiles/cmTryCompileExec2535022831.dir/CheckIncludeFiles.c.o   -c /users/nstroustrup/nstroustrup/projects/lifespan/external_compile_libraries/openjpeg-2.1.2/CMakeFiles/CMakeTmp/CheckIncludeFiles.c
/users/nstroustrup/nstroustrup/projects/lifespan/external_compile_libraries/openjpeg-2.1.2/CMakeFiles/CMakeTmp/CheckIncludeFiles.c:2:16: fatal error: io.h: No such file or directory
 #include <io.h>
                ^
compilation terminated.
gmake[1]: Leaving directory `/nfs/users2/nstroustrup/nstroustrup/projects/lifespan/external_compile_libraries/openjpeg-2.1.2/CMakeFiles/CMakeTmp'
gmake[1]: *** [CMakeFiles/cmTryCompileExec2535022831.dir/CheckIncludeFiles.c.o] Error 1
gmake: *** [cmTryCompileExec2535022831/fast] Error 2

Source:
/* */
#include <io.h>


int main(){return 0;}

Determining if files windows.h exist failed with the following output:
Change Dir: /users/nstroustrup/nstroustrup/projects/lifespan/external_compile_libraries/openjpeg-2.1.2/CMakeFiles/CMakeTmp

Run Build Command:/usr/bin/gmake "cmTryCompileExec1067866481/fast"
/usr/bin/gmake -f CMakeFiles/cmTryCompileExec1067866481.dir/build.make CMakeFiles/cmTryCompileExec1067866481.dir/build
gmake[1]: Entering directory `/nfs/users2/nstroustrup/nstroustrup/projects/lifespan/external_compile_libraries/openjpeg-2.1.2/CMakeFiles/CMakeTmp'
/usr/bin/cmake -E cmake_progress_report /users/nstroustrup/nstroustrup/projects/lifespan/external_compile_libraries/openjpeg-2.1.2/CMakeFiles/CMakeTmp/CMakeFiles 1
Building C object CMakeFiles/cmTryCompileExec1067866481.dir/CheckIncludeFiles.c.o
/usr/bin/cc    -o CMakeFiles/cmTryCompileExec1067866481.dir/CheckIncludeFiles.c.o   -c /users/nstroustrup/nstroustrup/projects/lifespan/external_compile_libraries/openjpeg-2.1.2/CMakeFiles/CMakeTmp/CheckIncludeFiles.c
/users/nstroustrup/nstroustrup/projects/lifespan/external_compile_libraries/openjpeg-2.1.2/CMakeFiles/CMakeTmp/CheckIncludeFiles.c:2:21: fatal error: windows.h: No such file or directory
 #include <windows.h>
                     ^
compilation terminated.
gmake[1]: Leaving directory `/nfs/users2/nstroustrup/nstroustrup/projects/lifespan/external_compile_libraries/openjpeg-2.1.2/CMakeFiles/CMakeTmp'
gmake[1]: *** [CMakeFiles/cmTryCompileExec1067866481.dir/CheckIncludeFiles.c.o] Error 1
gmake: *** [cmTryCompileExec1067866481/fast] Error 2

Source:
/* */
#include <windows.h>


int main(){return 0;}

Determining if files ieeefp.h exist failed with the following output:
Change Dir: /users/nstroustrup/nstroustrup/projects/lifespan/external_compile_libraries/openjpeg-2.1.2/CMakeFiles/CMakeTmp

Run Build Command:/usr/bin/gmake "cmTryCompileExec2037150146/fast"
/usr/bin/gmake -f CMakeFiles/cmTryCompileExec2037150146.dir/build.make CMakeFiles/cmTryCompileExec2037150146.dir/build
gmake[1]: Entering directory `/nfs/users2/nstroustrup/nstroustrup/projects/lifespan/external_compile_libraries/openjpeg-2.1.2/CMakeFiles/CMakeTmp'
/usr/bin/cmake -E cmake_progress_report /users/nstroustrup/nstroustrup/projects/lifespan/external_compile_libraries/openjpeg-2.1.2/CMakeFiles/CMakeTmp/CMakeFiles 1
Building C object CMakeFiles/cmTryCompileExec2037150146.dir/CheckIncludeFiles.c.o
/usr/bin/cc    -o CMakeFiles/cmTryCompileExec2037150146.dir/CheckIncludeFiles.c.o   -c /users/nstroustrup/nstroustrup/projects/lifespan/external_compile_libraries/openjpeg-2.1.2/CMakeFiles/CMakeTmp/CheckIncludeFiles.c
/users/nstroustrup/nstroustrup/projects/lifespan/external_compile_libraries/openjpeg-2.1.2/CMakeFiles/CMakeTmp/CheckIncludeFiles.c:2:20: fatal error: ieeefp.h: No such file or directory
 #include <ieeefp.h>
                    ^
compilation terminated.
gmake[1]: Leaving directory `/nfs/users2/nstroustrup/nstroustrup/projects/lifespan/external_compile_libraries/openjpeg-2.1.2/CMakeFiles/CMakeTmp'
gmake[1]: *** [CMakeFiles/cmTryCompileExec2037150146.dir/CheckIncludeFiles.c.o] Error 1
gmake: *** [cmTryCompileExec2037150146/fast] Error 2

Source:
/* */
#include <ieeefp.h>


int main(){return 0;}

Determining if the setmod exist failed with the following output:
Change Dir: /users/nstroustrup/nstroustrup/projects/lifespan/external_compile_libraries/openjpeg-2.1.2/CMakeFiles/CMakeTmp

Run Build Command:/usr/bin/gmake "cmTryCompileExec769579747/fast"
/usr/bin/gmake -f CMakeFiles/cmTryCompileExec769579747.dir/build.make CMakeFiles/cmTryCompileExec769579747.dir/build
gmake[1]: Entering directory `/nfs/users2/nstroustrup/nstroustrup/projects/lifespan/external_compile_libraries/openjpeg-2.1.2/CMakeFiles/CMakeTmp'
/usr/bin/cmake -E cmake_progress_report /users/nstroustrup/nstroustrup/projects/lifespan/external_compile_libraries/openjpeg-2.1.2/CMakeFiles/CMakeTmp/CMakeFiles 1
Building C object CMakeFiles/cmTryCompileExec769579747.dir/CheckSymbolExists.c.o
/usr/bin/cc    -o CMakeFiles/cmTryCompileExec769579747.dir/CheckSymbolExists.c.o   -c /users/nstroustrup/nstroustrup/projects/lifespan/external_compile_libraries/openjpeg-2.1.2/CMakeFiles/CMakeTmp/CheckSymbolExists.c
/users/nstroustrup/nstroustrup/projects/lifespan/external_compile_libraries/openjpeg-2.1.2/CMakeFiles/CMakeTmp/CheckSymbolExists.c:2:16: fatal error: io.h: No such file or directory
 #include <io.h>
                ^
compilation terminated.
gmake[1]: Leaving directory `/nfs/users2/nstroustrup/nstroustrup/projects/lifespan/external_compile_libraries/openjpeg-2.1.2/CMakeFiles/CMakeTmp'
gmake[1]: *** [CMakeFiles/cmTryCompileExec769579747.dir/CheckSymbolExists.c.o] Error 1
gmake: *** [cmTryCompileExec769579747/fast] Error 2

File /users/nstroustrup/nstroustrup/projects/lifespan/external_compile_libraries/openjpeg-2.1.2/CMakeFiles/CMakeTmp/CheckSymbolExists.c:
/* */
#include <io.h>

int main(int argc, char** argv)
{
  (void)argv;
#ifndef setmod
  return ((int*)(&setmod))[argc];
#else
  (void)argc;
  return 0;
#endif
}

Determining if the system is big endian passed with the following output:
Change Dir: /home/image_server/lifespan/external_compile_libraries/openjpeg-2.1.2/CMakeFiles/CMakeTmp

Run Build Command:/usr/bin/gmake "cmTryCompileExec3809163274/fast"
/usr/bin/gmake -f CMakeFiles/cmTryCompileExec3809163274.dir/build.make CMakeFiles/cmTryCompileExec3809163274.dir/build
gmake[1]: Entering directory `/home/image_server/lifespan/external_compile_libraries/openjpeg-2.1.2/CMakeFiles/CMakeTmp'
/usr/bin/cmake -E cmake_progress_report /home/image_server/lifespan/external_compile_libraries/openjpeg-2.1.2/CMakeFiles/CMakeTmp/CMakeFiles 1
Building C object CMakeFiles/cmTryCompileExec3809163274.dir/TestEndianess.c.o
/usr/bin/cc    -o CMakeFiles/cmTryCompileExec3809163274.dir/TestEndianess.c.o   -c /home/image_server/lifespan/external_compile_libraries/openjpeg-2.1.2/CMakeFiles/CMakeTmp/TestEndianess.c
Linking C executable cmTryCompileExec3809163274
/usr/bin/cmake -E cmake_link_script CMakeFiles/cmTryCompileExec3809163274.dir/link.txt --verbose=1
/usr/bin/cc       CMakeFiles/cmTryCompileExec3809163274.dir/TestEndianess.c.o  -o cmTryCompileExec3809163274 -rdynamic 
gmake[1]: Leaving directory `/home/image_server/lifespan/external_compile_libraries/openjpeg-2.1.2/CMakeFiles/CMakeTmp'

TestEndianess.c:
/* A 16 bit integer is required. */
typedef unsigned short cmakeint16;

/* On a little endian machine, these 16bit ints will give "THIS IS LITTLE ENDIAN."
   On a big endian machine the characters will be exchanged pairwise. */
const cmakeint16 info_little[] =  {0x4854, 0x5349, 0x4920, 0x2053, 0x494c, 0x5454, 0x454c, 0x4520, 0x444e, 0x4149, 0x2e4e, 0x0000};

/* on a big endian machine, these 16bit ints will give "THIS IS BIG ENDIAN."
   On a little endian machine the characters will be exchanged pairwise. */
const cmakeint16 info_big[] =     {0x5448, 0x4953, 0x2049, 0x5320, 0x4249, 0x4720, 0x454e, 0x4449, 0x414e, 0x2e2e, 0x0000};

#ifdef __CLASSIC_C__
int main(argc, argv) int argc; char *argv[];
#else
int main(int argc, char *argv[])
#endif
{
  int require = 0;
  require += info_little[argc];
  require += info_big[argc];
  (void)argv;
  return require;
}


Determining if the _aligned_malloc exist failed with the following output:
Change Dir: /home/image_server/lifespan/external_compile_libraries/openjpeg-2.1.2/CMakeFiles/CMakeTmp

Run Build Command:/usr/bin/gmake "cmTryCompileExec1765017902/fast"
/usr/bin/gmake -f CMakeFiles/cmTryCompileExec1765017902.dir/build.make CMakeFiles/cmTryCompileExec1765017902.dir/build
gmake[1]: Entering directory `/home/image_server/lifespan/external_compile_libraries/openjpeg-2.1.2/CMakeFiles/CMakeTmp'
/usr/bin/cmake -E cmake_progress_report /home/image_server/lifespan/external_compile_libraries/openjpeg-2.1.2/CMakeFiles/CMakeTmp/CMakeFiles 1
Building C object CMakeFiles/cmTryCompileExec1765017902.dir/CheckSymbolExists.c.o
/usr/bin/cc    -o CMakeFiles/cmTryCompileExec1765017902.dir/CheckSymbolExists.c.o   -c /home/image_server/lifespan/external_compile_libraries/openjpeg-2.1.2/CMakeFiles/CMakeTmp/CheckSymbolExists.c
/home/image_server/lifespan/external_compile_libraries/openjpeg-2.1.2/CMakeFiles/CMakeTmp/CheckSymbolExists.c: In function ‘main’:
/home/image_server/lifespan/external_compile_libraries/openjpeg-2.1.2/CMakeFiles/CMakeTmp/CheckSymbolExists.c:8:19: error: ‘_aligned_malloc’ undeclared (first use in this function)
   return ((int*)(&_aligned_malloc))[argc];
                   ^
/home/image_server/lifespan/external_compile_libraries/openjpeg-2.1.2/CMakeFiles/CMakeTmp/CheckSymbolExists.c:8:19: note: each undeclared identifier is reported only once for each function it appears in
gmake[1]: *** [CMakeFiles/cmTryCompileExec1765017902.dir/CheckSymbolExists.c.o] Error 1
gmake[1]: Leaving directory `/home/image_server/lifespan/external_compile_libraries/openjpeg-2.1.2/CMakeFiles/CMakeTmp'
gmake: *** [cmTryCompileExec1765017902/fast] Error 2

File /home/image_server/lifespan/external_compile_libraries/openjpeg-2.1.2/CMakeFiles/CMakeTmp/CheckSymbolExists.c:
/* */
#include <malloc.h>

int main(int argc, char** argv)
{
  (void)argv;
#ifndef _aligned_malloc
  return ((int*)(&_aligned_malloc))[argc];
#else
  (void)argc;
  return 0;
#endif
}

