This file contains any messages produced by compilers while
running configure, to aid debugging if configure makes a mistake.

It was created by OpenJPEG configure 1.5.0, which was
generated by GNU Autoconf 2.65.  Invocation command line was

  $ ./configure --no-create --no-recursion

## --------- ##
## Platform. ##
## --------- ##

hostname = fontanacluster.med.harvard.edu
uname -m = x86_64
uname -r = 2.6.18-274.3.1.el5
uname -s = Linux
uname -v = #1 SMP Tue Sep 6 18:52:56 EDT 2011

/usr/bin/uname -p = unknown
/bin/uname -X     = unknown

/bin/arch              = x86_64
/usr/bin/arch -k       = unknown
/usr/convex/getsysinfo = unknown
/usr/bin/hostinfo      = unknown
/bin/machine           = unknown
/usr/bin/oslevel       = unknown
/bin/universe          = unknown

PATH: /usr/kerberos/sbin
PATH: /usr/lib64/qt-3.3/bin
PATH: /usr/kerberos/bin
PATH: /usr/local/bin
PATH: /bin
PATH: /usr/bin
PATH: /home/ns89/bin


## ----------- ##
## Core tests. ##
## ----------- ##

configure:2373: checking build system type
configure:2387: result: x86_64-unknown-linux-gnu
configure:2407: checking host system type
configure:2420: result: x86_64-unknown-linux-gnu
configure:2440: checking target system type
configure:2453: result: x86_64-unknown-linux-gnu
configure:2498: checking for a BSD-compatible install
configure:2566: result: /usr/bin/install -c
configure:2577: checking whether build environment is sane
configure:2627: result: yes
configure:2768: checking for a thread-safe mkdir -p
configure:2807: result: /bin/mkdir -p
configure:2820: checking for gawk
configure:2836: found /bin/gawk
configure:2847: result: gawk
configure:2858: checking whether make sets $(MAKE)
configure:2880: result: yes
configure:3018: checking for style of include used by make
configure:3046: result: GNU
configure:3116: checking for gcc
configure:3132: found /usr/bin/gcc
configure:3143: result: gcc
configure:3372: checking for C compiler version
configure:3381: gcc --version >&5
gcc (GCC) 4.1.2 20080704 (Red Hat 4.1.2-50)
Copyright (C) 2006 Free Software Foundation, Inc.
This is free software; see the source for copying conditions.  There is NO
warranty; not even for MERCHANTABILITY or FITNESS FOR A PARTICULAR PURPOSE.

configure:3392: $? = 0
configure:3381: gcc -v >&5
Using built-in specs.
Target: x86_64-redhat-linux
Configured with: ../configure --prefix=/usr --mandir=/usr/share/man --infodir=/usr/share/info --enable-shared --enable-threads=posix --enable-checking=release --with-system-zlib --enable-__cxa_atexit --disable-libunwind-exceptions --enable-libgcj-multifile --enable-languages=c,c++,objc,obj-c++,java,fortran,ada --enable-java-awt=gtk --disable-dssi --disable-plugin --with-java-home=/usr/lib/jvm/java-1.4.2-gcj-1.4.2.0/jre --with-cpu=generic --host=x86_64-redhat-linux
Thread model: posix
gcc version 4.1.2 20080704 (Red Hat 4.1.2-50)
configure:3392: $? = 0
configure:3381: gcc -V >&5
gcc: '-V' option must have argument
configure:3392: $? = 1
configure:3381: gcc -qversion >&5
gcc: unrecognized option '-qversion'
gcc: no input files
configure:3392: $? = 1
configure:3412: checking whether the C compiler works
configure:3434: gcc    conftest.c  >&5
configure:3438: $? = 0
configure:3487: result: yes
configure:3490: checking for C compiler default output file name
configure:3492: result: a.out
configure:3498: checking for suffix of executables
configure:3505: gcc -o conftest    conftest.c  >&5
configure:3509: $? = 0
configure:3531: result: 
configure:3553: checking whether we are cross compiling
configure:3561: gcc -o conftest    conftest.c  >&5
configure:3565: $? = 0
configure:3572: ./conftest
configure:3576: $? = 0
configure:3591: result: no
configure:3596: checking for suffix of object files
configure:3618: gcc -c   conftest.c >&5
configure:3622: $? = 0
configure:3643: result: o
configure:3647: checking whether we are using the GNU C compiler
configure:3666: gcc -c   conftest.c >&5
configure:3666: $? = 0
configure:3675: result: yes
configure:3684: checking whether gcc accepts -g
configure:3704: gcc -c -g  conftest.c >&5
configure:3704: $? = 0
configure:3745: result: yes
configure:3762: checking for gcc option to accept ISO C89
configure:3826: gcc  -c -g -O2  conftest.c >&5
configure:3826: $? = 0
configure:3839: result: none needed
configure:3861: checking dependency style of gcc
configure:3971: result: gcc3
configure:3986: checking for a sed that does not truncate output
configure:4050: result: /bin/sed
configure:4068: checking for grep that handles long lines and -e
configure:4126: result: /bin/grep
configure:4131: checking for egrep
configure:4193: result: /bin/grep -E
configure:4198: checking for fgrep
configure:4260: result: /bin/grep -F
configure:4295: checking for ld used by gcc
configure:4362: result: /usr/bin/ld
configure:4369: checking if the linker (/usr/bin/ld) is GNU ld
configure:4384: result: yes
configure:4396: checking for BSD- or MS-compatible name lister (nm)
configure:4445: result: /usr/bin/nm -B
configure:4563: checking the name lister (/usr/bin/nm -B) interface
configure:4570: gcc -c -g -O2  conftest.c >&5
configure:4573: /usr/bin/nm -B "conftest.o"
configure:4576: output
0000000000000000 B some_variable
configure:4583: result: BSD nm
configure:4586: checking whether ln -s works
configure:4590: result: yes
configure:4598: checking the maximum length of command line arguments
configure:4718: result: 98304
configure:4735: checking whether the shell understands some XSI constructs
configure:4745: result: yes
configure:4749: checking whether the shell understands "+="
configure:4755: result: yes
configure:4790: checking for /usr/bin/ld option to reload object files
configure:4797: result: -r
configure:4866: checking for objdump
configure:4882: found /usr/bin/objdump
configure:4893: result: objdump
configure:4922: checking how to recognize dependent libraries
configure:5118: result: pass_all
configure:5178: checking for ar
configure:5194: found /usr/bin/ar
configure:5205: result: ar
configure:5283: checking for strip
configure:5299: found /usr/bin/strip
configure:5310: result: strip
configure:5382: checking for ranlib
configure:5398: found /usr/bin/ranlib
configure:5409: result: ranlib
configure:5499: checking command to parse /usr/bin/nm -B output from gcc object
configure:5617: gcc -c -g -O2  conftest.c >&5
configure:5620: $? = 0
configure:5624: /usr/bin/nm -B conftest.o \| sed -n -e 's/^.*[	 ]\([ABCDGIRSTW][ABCDGIRSTW]*\)[	 ][	 ]*\([_A-Za-z][_A-Za-z0-9]*\)$/\1 \2 \2/p' \> conftest.nm
configure:5627: $? = 0
configure:5681: gcc -o conftest -g -O2   conftest.c conftstm.o >&5
configure:5684: $? = 0
configure:5722: result: ok
configure:5818: gcc -c -g -O2  conftest.c >&5
configure:5821: $? = 0
configure:6531: checking how to run the C preprocessor
configure:6562: gcc -E  conftest.c
configure:6562: $? = 0
configure:6576: gcc -E  conftest.c
conftest.c:11:28: error: ac_nonexistent.h: No such file or directory
configure:6576: $? = 1
configure: failed program was:
| /* confdefs.h */
| #define PACKAGE_NAME "OpenJPEG"
| #define PACKAGE_TARNAME "openjpeg"
| #define PACKAGE_VERSION "1.5.0"
| #define PACKAGE_STRING "OpenJPEG 1.5.0"
| #define PACKAGE_BUGREPORT "openjpeg@googlegroups.com"
| #define PACKAGE_URL "http://www.openjpeg.org"
| #define PACKAGE "openjpeg"
| #define VERSION "1.5.0"
| /* end confdefs.h.  */
| #include <ac_nonexistent.h>
configure:6601: result: gcc -E
configure:6621: gcc -E  conftest.c
configure:6621: $? = 0
configure:6635: gcc -E  conftest.c
conftest.c:11:28: error: ac_nonexistent.h: No such file or directory
configure:6635: $? = 1
configure: failed program was:
| /* confdefs.h */
| #define PACKAGE_NAME "OpenJPEG"
| #define PACKAGE_TARNAME "openjpeg"
| #define PACKAGE_VERSION "1.5.0"
| #define PACKAGE_STRING "OpenJPEG 1.5.0"
| #define PACKAGE_BUGREPORT "openjpeg@googlegroups.com"
| #define PACKAGE_URL "http://www.openjpeg.org"
| #define PACKAGE "openjpeg"
| #define VERSION "1.5.0"
| /* end confdefs.h.  */
| #include <ac_nonexistent.h>
configure:6664: checking for ANSI C header files
configure:6684: gcc -c -g -O2  conftest.c >&5
configure:6684: $? = 0
configure:6757: gcc -o conftest -g -O2   conftest.c  >&5
configure:6757: $? = 0
configure:6757: ./conftest
configure:6757: $? = 0
configure:6768: result: yes
configure:6781: checking for sys/types.h
configure:6781: gcc -c -g -O2  conftest.c >&5
configure:6781: $? = 0
configure:6781: result: yes
configure:6781: checking for sys/stat.h
configure:6781: gcc -c -g -O2  conftest.c >&5
configure:6781: $? = 0
configure:6781: result: yes
configure:6781: checking for stdlib.h
configure:6781: gcc -c -g -O2  conftest.c >&5
configure:6781: $? = 0
configure:6781: result: yes
configure:6781: checking for string.h
configure:6781: gcc -c -g -O2  conftest.c >&5
configure:6781: $? = 0
configure:6781: result: yes
configure:6781: checking for memory.h
configure:6781: gcc -c -g -O2  conftest.c >&5
configure:6781: $? = 0
configure:6781: result: yes
configure:6781: checking for strings.h
configure:6781: gcc -c -g -O2  conftest.c >&5
configure:6781: $? = 0
configure:6781: result: yes
configure:6781: checking for inttypes.h
configure:6781: gcc -c -g -O2  conftest.c >&5
configure:6781: $? = 0
configure:6781: result: yes
configure:6781: checking for stdint.h
configure:6781: gcc -c -g -O2  conftest.c >&5
configure:6781: $? = 0
configure:6781: result: yes
configure:6781: checking for unistd.h
configure:6781: gcc -c -g -O2  conftest.c >&5
configure:6781: $? = 0
configure:6781: result: yes
configure:6796: checking for dlfcn.h
configure:6796: gcc -c -g -O2  conftest.c >&5
configure:6796: $? = 0
configure:6796: result: yes
configure:7278: checking for objdir
configure:7293: result: .libs
configure:7589: checking if gcc supports -fno-rtti -fno-exceptions
configure:7607: gcc -c -g -O2  -fno-rtti -fno-exceptions conftest.c >&5
cc1: warning: command line option "-fno-rtti" is valid for C++/ObjC++ but not for C
configure:7611: $? = 0
configure:7624: result: no
configure:7644: checking for gcc option to produce PIC
configure:7916: result: -fPIC -DPIC
configure:7928: checking if gcc PIC flag -fPIC -DPIC works
configure:7946: gcc -c -g -O2  -fPIC -DPIC -DPIC conftest.c >&5
configure:7950: $? = 0
configure:7963: result: yes
configure:7987: checking if gcc static flag -static works
configure:8015: result: yes
configure:8030: checking if gcc supports -c -o file.o
configure:8051: gcc -c -g -O2  -o out/conftest2.o conftest.c >&5
configure:8055: $? = 0
configure:8077: result: yes
configure:8085: checking if gcc supports -c -o file.o
configure:8132: result: yes
configure:8165: checking whether the gcc linker (/usr/bin/ld -m elf_x86_64) supports shared libraries
configure:9156: result: yes
configure:9193: checking whether -lc should be explicitly linked in
configure:9198: gcc -c -g -O2  conftest.c >&5
configure:9201: $? = 0
configure:9216: gcc -shared conftest.o  -v -Wl,-soname -Wl,conftest -o conftest 2\>\&1 \| /bin/grep  -lc  \>/dev/null 2\>\&1
configure:9219: $? = 0
configure:9231: result: no
configure:9395: checking dynamic linker characteristics
configure:9828: gcc -o conftest -g -O2   -Wl,-rpath -Wl,/foo conftest.c  >&5
configure:9828: $? = 0
configure:10058: result: GNU/Linux ld.so
configure:10160: checking how to hardcode library paths into programs
configure:10185: result: immediate
configure:10705: checking whether stripping libraries is possible
configure:10710: result: yes
configure:10745: checking if libtool supports shared libraries
configure:10747: result: yes
configure:10750: checking whether to build shared libraries
configure:10771: result: yes
configure:10774: checking whether to build static libraries
configure:10778: result: yes
configure:10867: checking whether to build in debug mode
configure:10869: result: no
configure:10888: checking whether to build the MJ2 binaries
configure:10890: result: no
configure:10924: checking whether to build the JPWL library
configure:10926: result: no
configure:10954: checking whether to build the JPIP library
configure:10956: result: no
configure:10973: checking whether to build the JPIP server
configure:10975: result: no
configure:11029: checking for gcc
configure:11056: result: gcc
configure:11285: checking for C compiler version
configure:11294: gcc --version >&5
gcc (GCC) 4.1.2 20080704 (Red Hat 4.1.2-50)
Copyright (C) 2006 Free Software Foundation, Inc.
This is free software; see the source for copying conditions.  There is NO
warranty; not even for MERCHANTABILITY or FITNESS FOR A PARTICULAR PURPOSE.

configure:11305: $? = 0
configure:11294: gcc -v >&5
Using built-in specs.
Target: x86_64-redhat-linux
Configured with: ../configure --prefix=/usr --mandir=/usr/share/man --infodir=/usr/share/info --enable-shared --enable-threads=posix --enable-checking=release --with-system-zlib --enable-__cxa_atexit --disable-libunwind-exceptions --enable-libgcj-multifile --enable-languages=c,c++,objc,obj-c++,java,fortran,ada --enable-java-awt=gtk --disable-dssi --disable-plugin --with-java-home=/usr/lib/jvm/java-1.4.2-gcj-1.4.2.0/jre --with-cpu=generic --host=x86_64-redhat-linux
Thread model: posix
gcc version 4.1.2 20080704 (Red Hat 4.1.2-50)
configure:11305: $? = 0
configure:11294: gcc -V >&5
gcc: '-V' option must have argument
configure:11305: $? = 1
configure:11294: gcc -qversion >&5
gcc: unrecognized option '-qversion'
gcc: no input files
configure:11305: $? = 1
configure:11309: checking whether we are using the GNU C compiler
configure:11337: result: yes
configure:11346: checking whether gcc accepts -g
configure:11407: result: yes
configure:11424: checking for gcc option to accept ISO C89
configure:11501: result: none needed
configure:11523: checking dependency style of gcc
configure:11633: result: gcc3
configure:11704: checking for pkg-config
configure:11722: found /usr/bin/pkg-config
configure:11734: result: /usr/bin/pkg-config
configure:11759: checking pkg-config is at least version 0.9.0
configure:11762: result: yes
configure:11798: checking whether to build documentation
configure:11800: result: yes
configure:11864: checking for doxygen
configure:11880: found /usr/bin/doxygen
configure:11892: result: yes
configure:11941: checking whether ln -s works
configure:11945: result: yes
configure:11974: checking whether to build with PNG support
configure:11976: result: yes
configure:11983: checking for PNG
configure:11990: $PKG_CONFIG --exists --print-errors "libpng15 zlib"
Package libpng15 was not found in the pkg-config search path.
Perhaps you should add the directory containing `libpng15.pc'
to the PKG_CONFIG_PATH environment variable
No package 'libpng15' found
Package zlib was not found in the pkg-config search path.
Perhaps you should add the directory containing `zlib.pc'
to the PKG_CONFIG_PATH environment variable
No package 'zlib' found
configure:11993: $? = 1
configure:12006: $PKG_CONFIG --exists --print-errors "libpng15 zlib"
Package libpng15 was not found in the pkg-config search path.
Perhaps you should add the directory containing `libpng15.pc'
to the PKG_CONFIG_PATH environment variable
No package 'libpng15' found
Package zlib was not found in the pkg-config search path.
Perhaps you should add the directory containing `zlib.pc'
to the PKG_CONFIG_PATH environment variable
No package 'zlib' found
configure:12009: $? = 1
configure:12022: result: no
No package 'libpng15' found
No package 'zlib' found
configure:12041: checking for PNG
configure:12048: $PKG_CONFIG --exists --print-errors "libpng14 zlib"
Package libpng14 was not found in the pkg-config search path.
Perhaps you should add the directory containing `libpng14.pc'
to the PKG_CONFIG_PATH environment variable
No package 'libpng14' found
Package zlib was not found in the pkg-config search path.
Perhaps you should add the directory containing `zlib.pc'
to the PKG_CONFIG_PATH environment variable
No package 'zlib' found
configure:12051: $? = 1
configure:12064: $PKG_CONFIG --exists --print-errors "libpng14 zlib"
Package libpng14 was not found in the pkg-config search path.
Perhaps you should add the directory containing `libpng14.pc'
to the PKG_CONFIG_PATH environment variable
No package 'libpng14' found
Package zlib was not found in the pkg-config search path.
Perhaps you should add the directory containing `zlib.pc'
to the PKG_CONFIG_PATH environment variable
No package 'zlib' found
configure:12067: $? = 1
configure:12080: result: no
No package 'libpng14' found
No package 'zlib' found
configure:12099: checking for PNG
configure:12106: $PKG_CONFIG --exists --print-errors "libpng12 zlib"
Package zlib was not found in the pkg-config search path.
Perhaps you should add the directory containing `zlib.pc'
to the PKG_CONFIG_PATH environment variable
No package 'zlib' found
configure:12109: $? = 1
configure:12122: $PKG_CONFIG --exists --print-errors "libpng12 zlib"
Package zlib was not found in the pkg-config search path.
Perhaps you should add the directory containing `zlib.pc'
to the PKG_CONFIG_PATH environment variable
No package 'zlib' found
configure:12125: $? = 1
configure:12138: result: no
No package 'zlib' found
configure:12157: checking for PNG
configure:12164: $PKG_CONFIG --exists --print-errors "libpng zlib"
Package zlib was not found in the pkg-config search path.
Perhaps you should add the directory containing `zlib.pc'
to the PKG_CONFIG_PATH environment variable
No package 'zlib' found
configure:12167: $? = 1
configure:12180: $PKG_CONFIG --exists --print-errors "libpng zlib"
Package zlib was not found in the pkg-config search path.
Perhaps you should add the directory containing `zlib.pc'
to the PKG_CONFIG_PATH environment variable
No package 'zlib' found
configure:12183: $? = 1
configure:12196: result: no
No package 'zlib' found
configure:13078: gcc -o conftest -g -O2     conftest.c  >&5
/tmp/ccomrJye.o: In function `main':
/home/image_server/install_files/ns_image_server_libs/openjpeg-1.5.0/conftest.c:30: undefined reference to `zlibVersion'
collect2: ld returned 1 exit status
configure:13078: $? = 1
configure: failed program was:
| /* confdefs.h */
| #define PACKAGE_NAME "OpenJPEG"
| #define PACKAGE_TARNAME "openjpeg"
| #define PACKAGE_VERSION "1.5.0"
| #define PACKAGE_STRING "OpenJPEG 1.5.0"
| #define PACKAGE_BUGREPORT "openjpeg@googlegroups.com"
| #define PACKAGE_URL "http://www.openjpeg.org"
| #define PACKAGE "openjpeg"
| #define VERSION "1.5.0"
| #define STDC_HEADERS 1
| #define HAVE_SYS_TYPES_H 1
| #define HAVE_SYS_STAT_H 1
| #define HAVE_STDLIB_H 1
| #define HAVE_STRING_H 1
| #define HAVE_MEMORY_H 1
| #define HAVE_STRINGS_H 1
| #define HAVE_INTTYPES_H 1
| #define HAVE_STDINT_H 1
| #define HAVE_UNISTD_H 1
| #define HAVE_DLFCN_H 1
| #define LT_OBJDIR ".libs/"
| /* end confdefs.h.  */
| 
| #include <zlib.h>
| 
| int
| main ()
| {
| 
| zlibVersion();
| 
|   ;
|   return 0;
| }
configure:13091: checking whether Z library is available in standard or predefined directories
configure:13097: result: no
configure:13160: gcc -o conftest -g -O2  -I/usr/include  -L/usr/lib conftest.c  -lz >&5
/usr/bin/ld: skipping incompatible /usr/lib/libz.so when searching for -lz
/usr/bin/ld: skipping incompatible /usr/lib/libz.a when searching for -lz
/usr/bin/ld: skipping incompatible /usr/lib/libc.so when searching for -lc
/usr/bin/ld: skipping incompatible /usr/lib/libc.a when searching for -lc
configure:13160: $? = 0
configure:13176: checking whether Z library is available in /usr
configure:13179: result: yes
configure:13421: gcc -o conftest -g -O2     conftest.c  >&5
/tmp/ccf2yqco.o: In function `main':
/home/image_server/install_files/ns_image_server_libs/openjpeg-1.5.0/conftest.c:30: undefined reference to `png_access_version_number'
collect2: ld returned 1 exit status
configure:13421: $? = 1
configure: failed program was:
| /* confdefs.h */
| #define PACKAGE_NAME "OpenJPEG"
| #define PACKAGE_TARNAME "openjpeg"
| #define PACKAGE_VERSION "1.5.0"
| #define PACKAGE_STRING "OpenJPEG 1.5.0"
| #define PACKAGE_BUGREPORT "openjpeg@googlegroups.com"
| #define PACKAGE_URL "http://www.openjpeg.org"
| #define PACKAGE "openjpeg"
| #define VERSION "1.5.0"
| #define STDC_HEADERS 1
| #define HAVE_SYS_TYPES_H 1
| #define HAVE_SYS_STAT_H 1
| #define HAVE_STDLIB_H 1
| #define HAVE_STRING_H 1
| #define HAVE_MEMORY_H 1
| #define HAVE_STRINGS_H 1
| #define HAVE_INTTYPES_H 1
| #define HAVE_STDINT_H 1
| #define HAVE_UNISTD_H 1
| #define HAVE_DLFCN_H 1
| #define LT_OBJDIR ".libs/"
| /* end confdefs.h.  */
| 
| #include <png.h>
| 
| int
| main ()
| {
| 
| png_access_version_number();
| 
|   ;
|   return 0;
| }
configure:13434: checking whether PNG library is available in standard or predefined directories
configure:13440: result: no
configure:13503: gcc -o conftest -g -O2  -I/usr/include  -L/usr/lib conftest.c  -lpng >&5
/usr/bin/ld: skipping incompatible /usr/lib/libc.so when searching for -lc
/usr/bin/ld: skipping incompatible /usr/lib/libc.a when searching for -lc
configure:13503: $? = 0
configure:13519: checking whether PNG library is available in /usr
configure:13522: result: yes
configure:13748: checking whether PNG is available
configure:13750: result: yes
configure:13786: checking whether to build with TIFF support
configure:13788: result: yes
configure:13838: gcc -o conftest -g -O2     conftest.c  >&5
/tmp/ccSA1cNx.o: In function `main':
/home/image_server/install_files/ns_image_server_libs/openjpeg-1.5.0/conftest.c:31: undefined reference to `TIFFOpen'
collect2: ld returned 1 exit status
configure:13838: $? = 1
configure: failed program was:
| /* confdefs.h */
| #define PACKAGE_NAME "OpenJPEG"
| #define PACKAGE_TARNAME "openjpeg"
| #define PACKAGE_VERSION "1.5.0"
| #define PACKAGE_STRING "OpenJPEG 1.5.0"
| #define PACKAGE_BUGREPORT "openjpeg@googlegroups.com"
| #define PACKAGE_URL "http://www.openjpeg.org"
| #define PACKAGE "openjpeg"
| #define VERSION "1.5.0"
| #define STDC_HEADERS 1
| #define HAVE_SYS_TYPES_H 1
| #define HAVE_SYS_STAT_H 1
| #define HAVE_STDLIB_H 1
| #define HAVE_STRING_H 1
| #define HAVE_MEMORY_H 1
| #define HAVE_STRINGS_H 1
| #define HAVE_INTTYPES_H 1
| #define HAVE_STDINT_H 1
| #define HAVE_UNISTD_H 1
| #define HAVE_DLFCN_H 1
| #define LT_OBJDIR ".libs/"
| #define HAVE_LIBPNG 1
| /* end confdefs.h.  */
| 
| #include <tiff.h>
| 
| int
| main ()
| {
| 
| TIFFOpen();
| 
|   ;
|   return 0;
| }
configure:13851: checking whether TIFF library is available in standard or predefined directories
configure:13857: result: no
configure:13920: gcc -o conftest -g -O2  -I/usr/include  -L/usr/lib conftest.c  -ltiff >&5
/usr/bin/ld: skipping incompatible /usr/lib/libc.so when searching for -lc
/usr/bin/ld: skipping incompatible /usr/lib/libc.a when searching for -lc
configure:13920: $? = 0
configure:13936: checking whether TIFF library is available in /usr
configure:13939: result: yes
configure:14150: checking whether TIFF is available
configure:14152: result: yes
configure:14189: checking whether to build with LCMS-2 support
configure:14191: result: yes
configure:14197: checking for LCMS2
configure:14204: $PKG_CONFIG --exists --print-errors "lcms2"
Package lcms2 was not found in the pkg-config search path.
Perhaps you should add the directory containing `lcms2.pc'
to the PKG_CONFIG_PATH environment variable
No package 'lcms2' found
configure:14207: $? = 1
configure:14220: $PKG_CONFIG --exists --print-errors "lcms2"
Package lcms2 was not found in the pkg-config search path.
Perhaps you should add the directory containing `lcms2.pc'
to the PKG_CONFIG_PATH environment variable
No package 'lcms2' found
configure:14223: $? = 1
configure:14236: result: no
No package 'lcms2' found
configure:14266: checking whether LCMS-2 is available
configure:14268: result: no
configure:14294: checking whether to build with LCMS-1 support
configure:14296: result: yes
configure:14304: checking for LCMS1
configure:14311: $PKG_CONFIG --exists --print-errors "lcms1"
Package lcms1 was not found in the pkg-config search path.
Perhaps you should add the directory containing `lcms1.pc'
to the PKG_CONFIG_PATH environment variable
No package 'lcms1' found
configure:14314: $? = 1
configure:14327: $PKG_CONFIG --exists --print-errors "lcms1"
Package lcms1 was not found in the pkg-config search path.
Perhaps you should add the directory containing `lcms1.pc'
to the PKG_CONFIG_PATH environment variable
No package 'lcms1' found
configure:14330: $? = 1
configure:14343: result: no
No package 'lcms1' found
configure:14361: checking for LCMS1
configure:14368: $PKG_CONFIG --exists --print-errors "lcms"
Package lcms was not found in the pkg-config search path.
Perhaps you should add the directory containing `lcms.pc'
to the PKG_CONFIG_PATH environment variable
No package 'lcms' found
configure:14371: $? = 1
configure:14384: $PKG_CONFIG --exists --print-errors "lcms"
Package lcms was not found in the pkg-config search path.
Perhaps you should add the directory containing `lcms.pc'
to the PKG_CONFIG_PATH environment variable
No package 'lcms' found
configure:14387: $? = 1
configure:14400: result: no
No package 'lcms' found
configure:14509: checking whether LCMS-1 is available
configure:14511: result: no
configure:15075: checking for dirent.h that defines DIR
configure:15094: gcc -c -g -O2  conftest.c >&5
configure:15094: $? = 0
configure:15102: result: yes
configure:15116: checking for library containing opendir
configure:15147: gcc -o conftest -g -O2   conftest.c  >&5
configure:15147: $? = 0
configure:15164: result: none required
configure:15242: checking whether gcc and cc understand -c and -o together
configure:15273: gcc -c conftest.c -o conftest2.o >&5
configure:15277: $? = 0
configure:15283: gcc -c conftest.c -o conftest2.o >&5
configure:15287: $? = 0
configure:15298: cc -c conftest.c >&5
configure:15302: $? = 0
configure:15310: cc -c conftest.c -o conftest2.o >&5
configure:15314: $? = 0
configure:15320: cc -c conftest.c -o conftest2.o >&5
configure:15324: $? = 0
configure:15342: result: yes
configure:15367: checking whether byte ordering is bigendian
configure:15382: gcc -c -g -O2  conftest.c >&5
conftest.c:27: error: expected '=', ',', ';', 'asm' or '__attribute__' before 'a'
configure:15382: $? = 1
configure: failed program was:
| /* confdefs.h */
| #define PACKAGE_NAME "OpenJPEG"
| #define PACKAGE_TARNAME "openjpeg"
| #define PACKAGE_VERSION "1.5.0"
| #define PACKAGE_STRING "OpenJPEG 1.5.0"
| #define PACKAGE_BUGREPORT "openjpeg@googlegroups.com"
| #define PACKAGE_URL "http://www.openjpeg.org"
| #define PACKAGE "openjpeg"
| #define VERSION "1.5.0"
| #define STDC_HEADERS 1
| #define HAVE_SYS_TYPES_H 1
| #define HAVE_SYS_STAT_H 1
| #define HAVE_STDLIB_H 1
| #define HAVE_STRING_H 1
| #define HAVE_MEMORY_H 1
| #define HAVE_STRINGS_H 1
| #define HAVE_INTTYPES_H 1
| #define HAVE_STDINT_H 1
| #define HAVE_UNISTD_H 1
| #define HAVE_DLFCN_H 1
| #define LT_OBJDIR ".libs/"
| #define HAVE_LIBPNG 1
| #define HAVE_LIBTIFF 1
| #define HAVE_DIRENT_H 1
| /* end confdefs.h.  */
| #ifndef __APPLE_CC__
| 	       not a universal capable compiler
| 	     #endif
| 	     typedef int dummy;
| 
configure:15427: gcc -c -g -O2  conftest.c >&5
configure:15427: $? = 0
configure:15445: gcc -c -g -O2  conftest.c >&5
conftest.c: In function 'main':
conftest.c:33: error: 'not' undeclared (first use in this function)
conftest.c:33: error: (Each undeclared identifier is reported only once
conftest.c:33: error: for each function it appears in.)
conftest.c:33: error: expected ';' before 'big'
configure:15445: $? = 1
configure: failed program was:
| /* confdefs.h */
| #define PACKAGE_NAME "OpenJPEG"
| #define PACKAGE_TARNAME "openjpeg"
| #define PACKAGE_VERSION "1.5.0"
| #define PACKAGE_STRING "OpenJPEG 1.5.0"
| #define PACKAGE_BUGREPORT "openjpeg@googlegroups.com"
| #define PACKAGE_URL "http://www.openjpeg.org"
| #define PACKAGE "openjpeg"
| #define VERSION "1.5.0"
| #define STDC_HEADERS 1
| #define HAVE_SYS_TYPES_H 1
| #define HAVE_SYS_STAT_H 1
| #define HAVE_STDLIB_H 1
| #define HAVE_STRING_H 1
| #define HAVE_MEMORY_H 1
| #define HAVE_STRINGS_H 1
| #define HAVE_INTTYPES_H 1
| #define HAVE_STDINT_H 1
| #define HAVE_UNISTD_H 1
| #define HAVE_DLFCN_H 1
| #define LT_OBJDIR ".libs/"
| #define HAVE_LIBPNG 1
| #define HAVE_LIBTIFF 1
| #define HAVE_DIRENT_H 1
| /* end confdefs.h.  */
| #include <sys/types.h>
| 		#include <sys/param.h>
| 
| int
| main ()
| {
| #if BYTE_ORDER != BIG_ENDIAN
| 		 not big endian
| 		#endif
| 
|   ;
|   return 0;
| }
configure:15573: result: no
configure:15607: checking whether the compiler supports -Wno-unused-result
configure:15621: gcc -c -g -O2 -Wno-unused-result  conftest.c >&5
cc1: error: unrecognized command line option "-Wno-unused-result"
configure:15621: $? = 1
configure: failed program was:
| /* confdefs.h */
| #define PACKAGE_NAME "OpenJPEG"
| #define PACKAGE_TARNAME "openjpeg"
| #define PACKAGE_VERSION "1.5.0"
| #define PACKAGE_STRING "OpenJPEG 1.5.0"
| #define PACKAGE_BUGREPORT "openjpeg@googlegroups.com"
| #define PACKAGE_URL "http://www.openjpeg.org"
| #define PACKAGE "openjpeg"
| #define VERSION "1.5.0"
| #define STDC_HEADERS 1
| #define HAVE_SYS_TYPES_H 1
| #define HAVE_SYS_STAT_H 1
| #define HAVE_STDLIB_H 1
| #define HAVE_STRING_H 1
| #define HAVE_MEMORY_H 1
| #define HAVE_STRINGS_H 1
| #define HAVE_INTTYPES_H 1
| #define HAVE_STDINT_H 1
| #define HAVE_UNISTD_H 1
| #define HAVE_DLFCN_H 1
| #define LT_OBJDIR ".libs/"
| #define HAVE_LIBPNG 1
| #define HAVE_LIBTIFF 1
| #define HAVE_DIRENT_H 1
| /* end confdefs.h.  */
| 
| int
| main ()
| {
| 
|   ;
|   return 0;
| }
configure:15627: result: no
configure:15745: checking whether the compiler supports -O3
configure:15759: gcc -c -g -O2 -O3  conftest.c >&5
configure:15759: $? = 0
configure:15765: result: yes
configure:15982: creating ./config.status

## ---------------- ##
## Cache variables. ##
## ---------------- ##

ac_cv_build=x86_64-unknown-linux-gnu
ac_cv_c_bigendian=no
ac_cv_c_compiler_gnu=yes
ac_cv_env_CC_set=
ac_cv_env_CC_value=
ac_cv_env_CFLAGS_set=
ac_cv_env_CFLAGS_value=
ac_cv_env_CPPFLAGS_set=
ac_cv_env_CPPFLAGS_value=
ac_cv_env_CPP_set=
ac_cv_env_CPP_value=
ac_cv_env_FCGI_CFLAGS_set=
ac_cv_env_FCGI_CFLAGS_value=
ac_cv_env_FCGI_LIBS_set=
ac_cv_env_FCGI_LIBS_value=
ac_cv_env_LCMS1_CFLAGS_set=
ac_cv_env_LCMS1_CFLAGS_value=
ac_cv_env_LCMS1_LIBS_set=
ac_cv_env_LCMS1_LIBS_value=
ac_cv_env_LCMS2_CFLAGS_set=
ac_cv_env_LCMS2_CFLAGS_value=
ac_cv_env_LCMS2_LIBS_set=
ac_cv_env_LCMS2_LIBS_value=
ac_cv_env_LDFLAGS_set=
ac_cv_env_LDFLAGS_value=
ac_cv_env_LIBCURL_CFLAGS_set=
ac_cv_env_LIBCURL_CFLAGS_value=
ac_cv_env_LIBCURL_LIBS_set=
ac_cv_env_LIBCURL_LIBS_value=
ac_cv_env_LIBS_set=
ac_cv_env_LIBS_value=
ac_cv_env_PKG_CONFIG_LIBDIR_set=
ac_cv_env_PKG_CONFIG_LIBDIR_value=
ac_cv_env_PKG_CONFIG_PATH_set=
ac_cv_env_PKG_CONFIG_PATH_value=
ac_cv_env_PKG_CONFIG_set=
ac_cv_env_PKG_CONFIG_value=
ac_cv_env_PNG_CFLAGS_set=
ac_cv_env_PNG_CFLAGS_value=
ac_cv_env_PNG_LIBS_set=
ac_cv_env_PNG_LIBS_value=
ac_cv_env_THREAD_CFLAGS_set=
ac_cv_env_THREAD_CFLAGS_value=
ac_cv_env_THREAD_LIBS_set=
ac_cv_env_THREAD_LIBS_value=
ac_cv_env_TIFF_CFLAGS_set=
ac_cv_env_TIFF_CFLAGS_value=
ac_cv_env_TIFF_LIBS_set=
ac_cv_env_TIFF_LIBS_value=
ac_cv_env_Z_CFLAGS_set=
ac_cv_env_Z_CFLAGS_value=
ac_cv_env_Z_LIBS_set=
ac_cv_env_Z_LIBS_value=
ac_cv_env_build_alias_set=
ac_cv_env_build_alias_value=
ac_cv_env_host_alias_set=
ac_cv_env_host_alias_value=
ac_cv_env_target_alias_set=
ac_cv_env_target_alias_value=
ac_cv_header_dirent_dirent_h=yes
ac_cv_header_dlfcn_h=yes
ac_cv_header_inttypes_h=yes
ac_cv_header_memory_h=yes
ac_cv_header_stdc=yes
ac_cv_header_stdint_h=yes
ac_cv_header_stdlib_h=yes
ac_cv_header_string_h=yes
ac_cv_header_strings_h=yes
ac_cv_header_sys_stat_h=yes
ac_cv_header_sys_types_h=yes
ac_cv_header_unistd_h=yes
ac_cv_host=x86_64-unknown-linux-gnu
ac_cv_objext=o
ac_cv_path_EGREP='/bin/grep -E'
ac_cv_path_FGREP='/bin/grep -F'
ac_cv_path_GREP=/bin/grep
ac_cv_path_SED=/bin/sed
ac_cv_path_ac_pt_PKG_CONFIG=/usr/bin/pkg-config
ac_cv_path_install='/usr/bin/install -c'
ac_cv_path_mkdir=/bin/mkdir
ac_cv_prog_AWK=gawk
ac_cv_prog_CPP='gcc -E'
ac_cv_prog_ac_ct_AR=ar
ac_cv_prog_ac_ct_CC=gcc
ac_cv_prog_ac_ct_OBJDUMP=objdump
ac_cv_prog_ac_ct_RANLIB=ranlib
ac_cv_prog_ac_ct_STRIP=strip
ac_cv_prog_cc_c89=
ac_cv_prog_cc_g=yes
ac_cv_prog_cc_gcc_c_o=yes
ac_cv_prog_make_make_set=yes
ac_cv_prog_opj_have_doxygen=yes
ac_cv_search_opendir='none required'
ac_cv_target=x86_64-unknown-linux-gnu
am_cv_CC_dependencies_compiler_type=gcc3
lt_cv_deplibs_check_method=pass_all
lt_cv_file_magic_cmd='$MAGIC_CMD'
lt_cv_file_magic_test_file=
lt_cv_ld_reload_flag=-r
lt_cv_nm_interface='BSD nm'
lt_cv_objdir=.libs
lt_cv_path_LD=/usr/bin/ld
lt_cv_path_NM='/usr/bin/nm -B'
lt_cv_prog_compiler_c_o=yes
lt_cv_prog_compiler_pic_works=yes
lt_cv_prog_compiler_rtti_exceptions=no
lt_cv_prog_compiler_static_works=yes
lt_cv_prog_gnu_ld=yes
lt_cv_sys_global_symbol_pipe='sed -n -e '\''s/^.*[	 ]\([ABCDGIRSTW][ABCDGIRSTW]*\)[	 ][	 ]*\([_A-Za-z][_A-Za-z0-9]*\)$/\1 \2 \2/p'\'''
lt_cv_sys_global_symbol_to_c_name_address='sed -n -e '\''s/^: \([^ ]*\) $/  {\"\1\", (void *) 0},/p'\'' -e '\''s/^[ABCDGIRSTW]* \([^ ]*\) \([^ ]*\)$/  {"\2", (void *) \&\2},/p'\'''
lt_cv_sys_global_symbol_to_c_name_address_lib_prefix='sed -n -e '\''s/^: \([^ ]*\) $/  {\"\1\", (void *) 0},/p'\'' -e '\''s/^[ABCDGIRSTW]* \([^ ]*\) \(lib[^ ]*\)$/  {"\2", (void *) \&\2},/p'\'' -e '\''s/^[ABCDGIRSTW]* \([^ ]*\) \([^ ]*\)$/  {"lib\2", (void *) \&\2},/p'\'''
lt_cv_sys_global_symbol_to_cdecl='sed -n -e '\''s/^T .* \(.*\)$/extern int \1();/p'\'' -e '\''s/^[ABCDGIRSTW]* .* \(.*\)$/extern char \1;/p'\'''
lt_cv_sys_max_cmd_len=98304

## ----------------- ##
## Output variables. ##
## ----------------- ##

ACLOCAL='${SHELL} /home/image_server/install_files/ns_image_server_libs/openjpeg-1.5.0/missing --run aclocal-1.11'
AMDEPBACKSLASH='\'
AMDEP_FALSE='#'
AMDEP_TRUE=''
AMTAR='${SHELL} /home/image_server/install_files/ns_image_server_libs/openjpeg-1.5.0/missing --run tar'
AM_BACKSLASH='\'
AM_DEFAULT_VERBOSITY='0'
AR='ar'
AS='as'
AUTOCONF='${SHELL} /home/image_server/install_files/ns_image_server_libs/openjpeg-1.5.0/missing --run autoconf'
AUTOHEADER='${SHELL} /home/image_server/install_files/ns_image_server_libs/openjpeg-1.5.0/missing --run autoheader'
AUTOMAKE='${SHELL} /home/image_server/install_files/ns_image_server_libs/openjpeg-1.5.0/missing --run automake-1.11'
AWK='gawk'
BUILD_SHARED_FALSE='#'
BUILD_SHARED_TRUE=''
BUILD_STATIC_FALSE='#'
BUILD_STATIC_TRUE=''
CC='gcc'
CCDEPMODE='depmode=gcc3'
CFLAGS='-g -O2 -O3'
CPP='gcc -E'
CPPFLAGS=''
CYGPATH_W='echo'
DEFS='-DHAVE_CONFIG_H'
DEPDIR='.deps'
DLLTOOL='dlltool'
DSYMUTIL=''
DUMPBIN=''
ECHO_C=''
ECHO_N='-n'
ECHO_T=''
EGREP='/bin/grep -E'
EXEEXT=''
FCGI_CFLAGS=''
FCGI_LIBS=''
FGREP='/bin/grep -F'
GREP='/bin/grep'
HAVE_DARWIN_FALSE=''
HAVE_DARWIN_TRUE='#'
HAVE_WIN32_FALSE=''
HAVE_WIN32_TRUE='#'
INSTALL_DATA='${INSTALL} -m 644'
INSTALL_PROGRAM='${INSTALL}'
INSTALL_SCRIPT='${INSTALL}'
INSTALL_STRIP_PROGRAM='$(install_sh) -c -s'
LCMS1_CFLAGS=''
LCMS1_LIBS=''
LCMS2_CFLAGS=''
LCMS2_LIBS=''
LD='/usr/bin/ld -m elf_x86_64'
LDFLAGS=''
LIBCURL_CFLAGS=''
LIBCURL_LIBS=''
LIBOBJS=''
LIBS=''
LIBTOOL='$(SHELL) $(top_builddir)/libtool'
LIPO=''
LN_S='ln -s'
LTLIBOBJS=''
MAJOR_NR='1'
MAKEINFO='${SHELL} /home/image_server/install_files/ns_image_server_libs/openjpeg-1.5.0/missing --run makeinfo'
MICRO_NR='0'
MINOR_NR='5'
MKDIR_P='/bin/mkdir -p'
NM='/usr/bin/nm -B'
NMEDIT=''
OBJDUMP='objdump'
OBJEXT='o'
OPJ_BUILD_DOC_FALSE='#'
OPJ_BUILD_DOC_TRUE=''
OTOOL64=''
OTOOL=''
PACKAGE='openjpeg'
PACKAGE_BUGREPORT='openjpeg@googlegroups.com'
PACKAGE_NAME='OpenJPEG'
PACKAGE_STRING='OpenJPEG 1.5.0'
PACKAGE_TARNAME='openjpeg'
PACKAGE_URL='http://www.openjpeg.org'
PACKAGE_VERSION='1.5.0'
PATH_SEPARATOR=':'
PKG_CONFIG='/usr/bin/pkg-config'
PKG_CONFIG_LIBDIR=''
PKG_CONFIG_PATH=''
PNG_CFLAGS='-I/usr/include -I/usr/include'
PNG_LIBS='-L/usr/lib -lpng -L/usr/lib -lz'
RANLIB='ranlib'
SED='/bin/sed'
SET_MAKE=''
SHELL='/bin/sh'
STRIP='strip'
THREAD_CFLAGS=''
THREAD_LIBS=''
TIFF_CFLAGS='-I/usr/include'
TIFF_LIBS='-L/usr/lib -ltiff'
VERSION='1.5.0'
WANT_JPIP_CODE_FALSE=''
WANT_JPIP_CODE_TRUE='#'
WANT_JPIP_FALSE=''
WANT_JPIP_SERVER_FALSE=''
WANT_JPIP_SERVER_TRUE='#'
WANT_JPIP_TRUE='#'
WANT_JPWL_FALSE=''
WANT_JPWL_TRUE='#'
WANT_MJ2_FALSE=''
WANT_MJ2_TRUE='#'
Z_CFLAGS='-I/usr/include'
Z_LIBS='-L/usr/lib -lz'
ac_ct_CC='gcc'
ac_ct_DUMPBIN=''
am__EXEEXT_FALSE=''
am__EXEEXT_TRUE='#'
am__fastdepCC_FALSE='#'
am__fastdepCC_TRUE=''
am__include='include'
am__isrc=''
am__leading_dot='.'
am__quote=''
am__tar='${AMTAR} chof - "$$tardir"'
am__untar='${AMTAR} xf -'
bindir='${exec_prefix}/bin'
build='x86_64-unknown-linux-gnu'
build_alias=''
build_cpu='x86_64'
build_os='linux-gnu'
build_vendor='unknown'
datadir='${datarootdir}'
datarootdir='${prefix}/share'
docdir='${datarootdir}/doc/${PACKAGE_TARNAME}'
dvidir='${docdir}'
exec_prefix='${prefix}'
host='x86_64-unknown-linux-gnu'
host_alias=''
host_cpu='x86_64'
host_os='linux-gnu'
host_vendor='unknown'
htmldir='${docdir}'
includedir='${prefix}/include'
infodir='${datarootdir}/info'
install_sh='${SHELL} /home/image_server/install_files/ns_image_server_libs/openjpeg-1.5.0/install-sh'
libdir='${exec_prefix}/lib'
libexecdir='${exec_prefix}/libexec'
localedir='${datarootdir}/locale'
localstatedir='${prefix}/var'
lt_ECHO='echo'
lt_version='6:0:5'
mandir='${datarootdir}/man'
mkdir_p='/bin/mkdir -p'
oldincludedir='/usr/include'
opj_doxygen='doxygen'
opj_have_doxygen='yes'
pdfdir='${docdir}'
pkgconfig_requires_private='Requires'
prefix='/usr/local'
program_transform_name='s,x,x,'
psdir='${docdir}'
requirements=''
sbindir='${exec_prefix}/sbin'
sharedstatedir='${prefix}/com'
sysconfdir='${prefix}/etc'
target='x86_64-unknown-linux-gnu'
target_alias=''
target_cpu='x86_64'
target_os='linux-gnu'
target_vendor='unknown'
with_libpng_FALSE='#'
with_libpng_TRUE=''
with_libtiff_FALSE='#'
with_libtiff_TRUE=''

## ----------- ##
## confdefs.h. ##
## ----------- ##

/* confdefs.h */
#define PACKAGE_NAME "OpenJPEG"
#define PACKAGE_TARNAME "openjpeg"
#define PACKAGE_VERSION "1.5.0"
#define PACKAGE_STRING "OpenJPEG 1.5.0"
#define PACKAGE_BUGREPORT "openjpeg@googlegroups.com"
#define PACKAGE_URL "http://www.openjpeg.org"
#define PACKAGE "openjpeg"
#define VERSION "1.5.0"
#define STDC_HEADERS 1
#define HAVE_SYS_TYPES_H 1
#define HAVE_SYS_STAT_H 1
#define HAVE_STDLIB_H 1
#define HAVE_STRING_H 1
#define HAVE_MEMORY_H 1
#define HAVE_STRINGS_H 1
#define HAVE_INTTYPES_H 1
#define HAVE_STDINT_H 1
#define HAVE_UNISTD_H 1
#define HAVE_DLFCN_H 1
#define LT_OBJDIR ".libs/"
#define HAVE_LIBPNG 1
#define HAVE_LIBTIFF 1
#define HAVE_DIRENT_H 1

configure: exit 0

## ---------------------- ##
## Running config.status. ##
## ---------------------- ##

This file was extended by OpenJPEG config.status 1.5.0, which was
generated by GNU Autoconf 2.65.  Invocation command line was

  CONFIG_FILES    = 
  CONFIG_HEADERS  = 
  CONFIG_LINKS    = 
  CONFIG_COMMANDS = 
  $ ./config.status 

on fontanacluster.med.harvard.edu

config.status:1138: creating Makefile
config.status:1138: creating libopenjpeg1.pc
config.status:1138: creating libopenjpeg-jpwl.pc
config.status:1138: creating libopenjpeg/Makefile
config.status:1138: creating libopenjpeg/jpwl/Makefile
config.status:1138: creating applications/Makefile
config.status:1138: creating applications/codec/Makefile
config.status:1138: creating applications/mj2/Makefile
config.status:1138: creating applications/jpip/Makefile
config.status:1138: creating applications/jpip/libopenjpip/Makefile
config.status:1138: creating applications/jpip/util/Makefile
config.status:1138: creating doc/Makefile
config.status:1138: creating opj_config.h
config.status:1310: opj_config.h is unchanged
config.status:1358: executing depfiles commands
config.status:1358: executing libtool commands

## ---------------------- ##
## Running config.status. ##
## ---------------------- ##

This file was extended by OpenJPEG config.status 1.5.0, which was
generated by GNU Autoconf 2.65.  Invocation command line was

  CONFIG_FILES    = 
  CONFIG_HEADERS  = 
  CONFIG_LINKS    = 
  CONFIG_COMMANDS = 
  $ ./config.status opj_config.h

on fontanacluster.med.harvard.edu

config.status:1138: creating opj_config.h
config.status:1310: opj_config.h is unchanged
