C:\SERVER\NS_LIFESPAN_MACHINE_SOURCE\NS_WORM_BROWSER\BUILD\WINDOWS\NS_WORM_BROWSER\X64\RELEASE\ADLER32.OBJ
C:\SERVER\NS_LIFESPAN_MACHINE_SOURCE\NS_WORM_BROWSER\BUILD\WINDOWS\NS_WORM_BROWSER\X64\RELEASE\BIO.OBJ
C:\SERVER\NS_LIFESPAN_MACHINE_SOURCE\NS_WORM_BROWSER\BUILD\WINDOWS\NS_WORM_BROWSER\X64\RELEASE\CIDX_MANAGER.OBJ
C:\SERVER\NS_LIFESPAN_MACHINE_SOURCE\NS_WORM_BROWSER\BUILD\WINDOWS\NS_WORM_BROWSER\X64\RELEASE\CIO.OBJ
C:\server\ns_lifespan_machine_source\ns_worm_browser\build\windows\ns_worm_browser\x64\Release\cl.command.1.tlog
C:\server\ns_lifespan_machine_source\ns_worm_browser\build\windows\ns_worm_browser\x64\Release\CL.read.1.tlog
C:\server\ns_lifespan_machine_source\ns_worm_browser\build\windows\ns_worm_browser\x64\Release\CL.write.1.tlog
C:\SERVER\NS_LIFESPAN_MACHINE_SOURCE\NS_WORM_BROWSER\BUILD\WINDOWS\NS_WORM_BROWSER\X64\RELEASE\COMPRESS.OBJ
C:\SERVER\NS_LIFESPAN_MACHINE_SOURCE\NS_WORM_BROWSER\BUILD\WINDOWS\NS_WORM_BROWSER\X64\RELEASE\CRC32.OBJ
C:\SERVER\NS_LIFESPAN_MACHINE_SOURCE\NS_WORM_BROWSER\BUILD\WINDOWS\NS_WORM_BROWSER\X64\RELEASE\CTMF.OBJ
C:\SERVER\NS_LIFESPAN_MACHINE_SOURCE\NS_WORM_BROWSER\BUILD\WINDOWS\NS_WORM_BROWSER\X64\RELEASE\DEFLATE.OBJ
C:\SERVER\NS_LIFESPAN_MACHINE_SOURCE\NS_WORM_BROWSER\BUILD\WINDOWS\NS_WORM_BROWSER\X64\RELEASE\DMTX.OBJ
C:\SERVER\NS_LIFESPAN_MACHINE_SOURCE\NS_WORM_BROWSER\BUILD\WINDOWS\NS_WORM_BROWSER\X64\RELEASE\DWT.OBJ
C:\SERVER\NS_LIFESPAN_MACHINE_SOURCE\NS_WORM_BROWSER\BUILD\WINDOWS\NS_WORM_BROWSER\X64\RELEASE\EVENT.OBJ
C:\SERVER\NS_LIFESPAN_MACHINE_SOURCE\NS_WORM_BROWSER\BUILD\WINDOWS\NS_WORM_BROWSER\X64\RELEASE\GZIO.OBJ
C:\SERVER\NS_LIFESPAN_MACHINE_SOURCE\NS_WORM_BROWSER\BUILD\WINDOWS\NS_WORM_BROWSER\X64\RELEASE\HUNGARIAN.OBJ
C:\SERVER\NS_LIFESPAN_MACHINE_SOURCE\NS_WORM_BROWSER\BUILD\WINDOWS\NS_WORM_BROWSER\X64\RELEASE\IMAGE.OBJ
C:\SERVER\NS_LIFESPAN_MACHINE_SOURCE\NS_WORM_BROWSER\BUILD\WINDOWS\NS_WORM_BROWSER\X64\RELEASE\INFBACK.OBJ
C:\SERVER\NS_LIFESPAN_MACHINE_SOURCE\NS_WORM_BROWSER\BUILD\WINDOWS\NS_WORM_BROWSER\X64\RELEASE\INFFAST.OBJ
C:\SERVER\NS_LIFESPAN_MACHINE_SOURCE\NS_WORM_BROWSER\BUILD\WINDOWS\NS_WORM_BROWSER\X64\RELEASE\INFLATE.OBJ
C:\SERVER\NS_LIFESPAN_MACHINE_SOURCE\NS_WORM_BROWSER\BUILD\WINDOWS\NS_WORM_BROWSER\X64\RELEASE\INFTREES.OBJ
C:\SERVER\NS_LIFESPAN_MACHINE_SOURCE\NS_WORM_BROWSER\BUILD\WINDOWS\NS_WORM_BROWSER\X64\RELEASE\J2K.OBJ
C:\SERVER\NS_LIFESPAN_MACHINE_SOURCE\NS_WORM_BROWSER\BUILD\WINDOWS\NS_WORM_BROWSER\X64\RELEASE\J2K_LIB.OBJ
C:\SERVER\NS_LIFESPAN_MACHINE_SOURCE\NS_WORM_BROWSER\BUILD\WINDOWS\NS_WORM_BROWSER\X64\RELEASE\JARICOM.OBJ
C:\SERVER\NS_LIFESPAN_MACHINE_SOURCE\NS_WORM_BROWSER\BUILD\WINDOWS\NS_WORM_BROWSER\X64\RELEASE\JCAPIMIN.OBJ
C:\SERVER\NS_LIFESPAN_MACHINE_SOURCE\NS_WORM_BROWSER\BUILD\WINDOWS\NS_WORM_BROWSER\X64\RELEASE\JCAPISTD.OBJ
C:\SERVER\NS_LIFESPAN_MACHINE_SOURCE\NS_WORM_BROWSER\BUILD\WINDOWS\NS_WORM_BROWSER\X64\RELEASE\JCARITH.OBJ
C:\SERVER\NS_LIFESPAN_MACHINE_SOURCE\NS_WORM_BROWSER\BUILD\WINDOWS\NS_WORM_BROWSER\X64\RELEASE\JCCOEFCT.OBJ
C:\SERVER\NS_LIFESPAN_MACHINE_SOURCE\NS_WORM_BROWSER\BUILD\WINDOWS\NS_WORM_BROWSER\X64\RELEASE\JCCOLOR.OBJ
C:\SERVER\NS_LIFESPAN_MACHINE_SOURCE\NS_WORM_BROWSER\BUILD\WINDOWS\NS_WORM_BROWSER\X64\RELEASE\JCDCTMGR.OBJ
C:\SERVER\NS_LIFESPAN_MACHINE_SOURCE\NS_WORM_BROWSER\BUILD\WINDOWS\NS_WORM_BROWSER\X64\RELEASE\JCHUFF.OBJ
C:\SERVER\NS_LIFESPAN_MACHINE_SOURCE\NS_WORM_BROWSER\BUILD\WINDOWS\NS_WORM_BROWSER\X64\RELEASE\JCINIT.OBJ
C:\SERVER\NS_LIFESPAN_MACHINE_SOURCE\NS_WORM_BROWSER\BUILD\WINDOWS\NS_WORM_BROWSER\X64\RELEASE\JCMAINCT.OBJ
C:\SERVER\NS_LIFESPAN_MACHINE_SOURCE\NS_WORM_BROWSER\BUILD\WINDOWS\NS_WORM_BROWSER\X64\RELEASE\JCMARKER.OBJ
C:\SERVER\NS_LIFESPAN_MACHINE_SOURCE\NS_WORM_BROWSER\BUILD\WINDOWS\NS_WORM_BROWSER\X64\RELEASE\JCMASTER.OBJ
C:\SERVER\NS_LIFESPAN_MACHINE_SOURCE\NS_WORM_BROWSER\BUILD\WINDOWS\NS_WORM_BROWSER\X64\RELEASE\JCOMAPI.OBJ
C:\SERVER\NS_LIFESPAN_MACHINE_SOURCE\NS_WORM_BROWSER\BUILD\WINDOWS\NS_WORM_BROWSER\X64\RELEASE\JCPARAM.OBJ
C:\SERVER\NS_LIFESPAN_MACHINE_SOURCE\NS_WORM_BROWSER\BUILD\WINDOWS\NS_WORM_BROWSER\X64\RELEASE\JCPREPCT.OBJ
C:\SERVER\NS_LIFESPAN_MACHINE_SOURCE\NS_WORM_BROWSER\BUILD\WINDOWS\NS_WORM_BROWSER\X64\RELEASE\JCSAMPLE.OBJ
C:\SERVER\NS_LIFESPAN_MACHINE_SOURCE\NS_WORM_BROWSER\BUILD\WINDOWS\NS_WORM_BROWSER\X64\RELEASE\JCTRANS.OBJ
C:\SERVER\NS_LIFESPAN_MACHINE_SOURCE\NS_WORM_BROWSER\BUILD\WINDOWS\NS_WORM_BROWSER\X64\RELEASE\JDAPIMIN.OBJ
C:\SERVER\NS_LIFESPAN_MACHINE_SOURCE\NS_WORM_BROWSER\BUILD\WINDOWS\NS_WORM_BROWSER\X64\RELEASE\JDAPISTD.OBJ
C:\SERVER\NS_LIFESPAN_MACHINE_SOURCE\NS_WORM_BROWSER\BUILD\WINDOWS\NS_WORM_BROWSER\X64\RELEASE\JDARITH.OBJ
C:\SERVER\NS_LIFESPAN_MACHINE_SOURCE\NS_WORM_BROWSER\BUILD\WINDOWS\NS_WORM_BROWSER\X64\RELEASE\JDATADST.OBJ
C:\SERVER\NS_LIFESPAN_MACHINE_SOURCE\NS_WORM_BROWSER\BUILD\WINDOWS\NS_WORM_BROWSER\X64\RELEASE\JDATASRC.OBJ
C:\SERVER\NS_LIFESPAN_MACHINE_SOURCE\NS_WORM_BROWSER\BUILD\WINDOWS\NS_WORM_BROWSER\X64\RELEASE\JDCOEFCT.OBJ
C:\SERVER\NS_LIFESPAN_MACHINE_SOURCE\NS_WORM_BROWSER\BUILD\WINDOWS\NS_WORM_BROWSER\X64\RELEASE\JDCOLOR.OBJ
C:\SERVER\NS_LIFESPAN_MACHINE_SOURCE\NS_WORM_BROWSER\BUILD\WINDOWS\NS_WORM_BROWSER\X64\RELEASE\JDDCTMGR.OBJ
C:\SERVER\NS_LIFESPAN_MACHINE_SOURCE\NS_WORM_BROWSER\BUILD\WINDOWS\NS_WORM_BROWSER\X64\RELEASE\JDHUFF.OBJ
C:\SERVER\NS_LIFESPAN_MACHINE_SOURCE\NS_WORM_BROWSER\BUILD\WINDOWS\NS_WORM_BROWSER\X64\RELEASE\JDINPUT.OBJ
C:\SERVER\NS_LIFESPAN_MACHINE_SOURCE\NS_WORM_BROWSER\BUILD\WINDOWS\NS_WORM_BROWSER\X64\RELEASE\JDMAINCT.OBJ
C:\SERVER\NS_LIFESPAN_MACHINE_SOURCE\NS_WORM_BROWSER\BUILD\WINDOWS\NS_WORM_BROWSER\X64\RELEASE\JDMARKER.OBJ
C:\SERVER\NS_LIFESPAN_MACHINE_SOURCE\NS_WORM_BROWSER\BUILD\WINDOWS\NS_WORM_BROWSER\X64\RELEASE\JDMASTER.OBJ
C:\SERVER\NS_LIFESPAN_MACHINE_SOURCE\NS_WORM_BROWSER\BUILD\WINDOWS\NS_WORM_BROWSER\X64\RELEASE\JDMERGE.OBJ
C:\SERVER\NS_LIFESPAN_MACHINE_SOURCE\NS_WORM_BROWSER\BUILD\WINDOWS\NS_WORM_BROWSER\X64\RELEASE\JDPOSTCT.OBJ
C:\SERVER\NS_LIFESPAN_MACHINE_SOURCE\NS_WORM_BROWSER\BUILD\WINDOWS\NS_WORM_BROWSER\X64\RELEASE\JDSAMPLE.OBJ
C:\SERVER\NS_LIFESPAN_MACHINE_SOURCE\NS_WORM_BROWSER\BUILD\WINDOWS\NS_WORM_BROWSER\X64\RELEASE\JDTRANS.OBJ
C:\SERVER\NS_LIFESPAN_MACHINE_SOURCE\NS_WORM_BROWSER\BUILD\WINDOWS\NS_WORM_BROWSER\X64\RELEASE\JERROR.OBJ
C:\SERVER\NS_LIFESPAN_MACHINE_SOURCE\NS_WORM_BROWSER\BUILD\WINDOWS\NS_WORM_BROWSER\X64\RELEASE\JFDCTFLT.OBJ
C:\SERVER\NS_LIFESPAN_MACHINE_SOURCE\NS_WORM_BROWSER\BUILD\WINDOWS\NS_WORM_BROWSER\X64\RELEASE\JFDCTFST.OBJ
C:\SERVER\NS_LIFESPAN_MACHINE_SOURCE\NS_WORM_BROWSER\BUILD\WINDOWS\NS_WORM_BROWSER\X64\RELEASE\JFDCTINT.OBJ
C:\SERVER\NS_LIFESPAN_MACHINE_SOURCE\NS_WORM_BROWSER\BUILD\WINDOWS\NS_WORM_BROWSER\X64\RELEASE\JIDCTFLT.OBJ
C:\SERVER\NS_LIFESPAN_MACHINE_SOURCE\NS_WORM_BROWSER\BUILD\WINDOWS\NS_WORM_BROWSER\X64\RELEASE\JIDCTFST.OBJ
C:\SERVER\NS_LIFESPAN_MACHINE_SOURCE\NS_WORM_BROWSER\BUILD\WINDOWS\NS_WORM_BROWSER\X64\RELEASE\JIDCTINT.OBJ
C:\SERVER\NS_LIFESPAN_MACHINE_SOURCE\NS_WORM_BROWSER\BUILD\WINDOWS\NS_WORM_BROWSER\X64\RELEASE\JMEMMGR.OBJ
C:\SERVER\NS_LIFESPAN_MACHINE_SOURCE\NS_WORM_BROWSER\BUILD\WINDOWS\NS_WORM_BROWSER\X64\RELEASE\JMEMNOBS.OBJ
C:\SERVER\NS_LIFESPAN_MACHINE_SOURCE\NS_WORM_BROWSER\BUILD\WINDOWS\NS_WORM_BROWSER\X64\RELEASE\JP2.OBJ
C:\SERVER\NS_LIFESPAN_MACHINE_SOURCE\NS_WORM_BROWSER\BUILD\WINDOWS\NS_WORM_BROWSER\X64\RELEASE\JPT.OBJ
C:\SERVER\NS_LIFESPAN_MACHINE_SOURCE\NS_WORM_BROWSER\BUILD\WINDOWS\NS_WORM_BROWSER\X64\RELEASE\JQUANT1.OBJ
C:\SERVER\NS_LIFESPAN_MACHINE_SOURCE\NS_WORM_BROWSER\BUILD\WINDOWS\NS_WORM_BROWSER\X64\RELEASE\JQUANT2.OBJ
C:\SERVER\NS_LIFESPAN_MACHINE_SOURCE\NS_WORM_BROWSER\BUILD\WINDOWS\NS_WORM_BROWSER\X64\RELEASE\JUTILS.OBJ
C:\server\ns_lifespan_machine_source\ns_worm_browser\build\windows\ns_worm_browser\x64\Release\link.command.1.tlog
C:\server\ns_lifespan_machine_source\ns_worm_browser\build\windows\ns_worm_browser\x64\Release\link.read.1.tlog
C:\server\ns_lifespan_machine_source\ns_worm_browser\build\windows\ns_worm_browser\x64\Release\link.write.1.tlog
C:\SERVER\NS_LIFESPAN_MACHINE_SOURCE\NS_WORM_BROWSER\BUILD\WINDOWS\NS_WORM_BROWSER\X64\RELEASE\MCT.OBJ
C:\SERVER\NS_LIFESPAN_MACHINE_SOURCE\NS_WORM_BROWSER\BUILD\WINDOWS\NS_WORM_BROWSER\X64\RELEASE\MQC.OBJ
C:\SERVER\NS_LIFESPAN_MACHINE_SOURCE\NS_WORM_BROWSER\BUILD\WINDOWS\NS_WORM_BROWSER\X64\RELEASE\NS_BARCODE.OBJ
C:\SERVER\NS_LIFESPAN_MACHINE_SOURCE\NS_WORM_BROWSER\BUILD\WINDOWS\NS_WORM_BROWSER\X64\RELEASE\NS_BSPLINE.OBJ
C:\SERVER\NS_LIFESPAN_MACHINE_SOURCE\NS_WORM_BROWSER\BUILD\WINDOWS\NS_WORM_BROWSER\X64\RELEASE\NS_BUFFERED_CAPTURE_SCHEDULER.OBJ
C:\SERVER\NS_LIFESPAN_MACHINE_SOURCE\NS_WORM_BROWSER\BUILD\WINDOWS\NS_WORM_BROWSER\X64\RELEASE\NS_CAPTURE_DEVICE.OBJ
C:\SERVER\NS_LIFESPAN_MACHINE_SOURCE\NS_WORM_BROWSER\BUILD\WINDOWS\NS_WORM_BROWSER\X64\RELEASE\NS_CAPTURE_DEVICE_MANAGER.OBJ
C:\SERVER\NS_LIFESPAN_MACHINE_SOURCE\NS_WORM_BROWSER\BUILD\WINDOWS\NS_WORM_BROWSER\X64\RELEASE\NS_CAPTURE_SCHEDULE.OBJ
C:\SERVER\NS_LIFESPAN_MACHINE_SOURCE\NS_WORM_BROWSER\BUILD\WINDOWS\NS_WORM_BROWSER\X64\RELEASE\NS_CAPTURED_IMAGE_STATISTICS_SET.OBJ
C:\SERVER\NS_LIFESPAN_MACHINE_SOURCE\NS_WORM_BROWSER\BUILD\WINDOWS\NS_WORM_BROWSER\X64\RELEASE\NS_COMPLEX_SEGMENT_CLUSTER_SOLVER.OBJ
C:\SERVER\NS_LIFESPAN_MACHINE_SOURCE\NS_WORM_BROWSER\BUILD\WINDOWS\NS_WORM_BROWSER\X64\RELEASE\NS_DEATH_TIME_ANNOTATION.OBJ
C:\SERVER\NS_LIFESPAN_MACHINE_SOURCE\NS_WORM_BROWSER\BUILD\WINDOWS\NS_WORM_BROWSER\X64\RELEASE\NS_DETECTED_WORM_INFO.OBJ
C:\SERVER\NS_LIFESPAN_MACHINE_SOURCE\NS_WORM_BROWSER\BUILD\WINDOWS\NS_WORM_BROWSER\X64\RELEASE\NS_DIFFERENCE_THRESHOLDER.OBJ
C:\SERVER\NS_LIFESPAN_MACHINE_SOURCE\NS_WORM_BROWSER\BUILD\WINDOWS\NS_WORM_BROWSER\X64\RELEASE\NS_DIR.OBJ
C:\SERVER\NS_LIFESPAN_MACHINE_SOURCE\NS_WORM_BROWSER\BUILD\WINDOWS\NS_WORM_BROWSER\X64\RELEASE\NS_EX.OBJ
C:\SERVER\NS_LIFESPAN_MACHINE_SOURCE\NS_WORM_BROWSER\BUILD\WINDOWS\NS_WORM_BROWSER\X64\RELEASE\NS_EXPERIMENT_STORYBOARD.OBJ
C:\SERVER\NS_LIFESPAN_MACHINE_SOURCE\NS_WORM_BROWSER\BUILD\WINDOWS\NS_WORM_BROWSER\X64\RELEASE\NS_FONT.OBJ
C:\SERVER\NS_LIFESPAN_MACHINE_SOURCE\NS_WORM_BROWSER\BUILD\WINDOWS\NS_WORM_BROWSER\X64\RELEASE\NS_GRAPH.OBJ
C:\SERVER\NS_LIFESPAN_MACHINE_SOURCE\NS_WORM_BROWSER\BUILD\WINDOWS\NS_WORM_BROWSER\X64\RELEASE\NS_HEAT_MAP_INTERPOLATION.OBJ
C:\SERVER\NS_LIFESPAN_MACHINE_SOURCE\NS_WORM_BROWSER\BUILD\WINDOWS\NS_WORM_BROWSER\X64\RELEASE\NS_HIDDEN_MARKOV_MODEL_POSTURE_ANALYZER.OBJ
C:\SERVER\NS_LIFESPAN_MACHINE_SOURCE\NS_WORM_BROWSER\BUILD\WINDOWS\NS_WORM_BROWSER\X64\RELEASE\NS_IDENTIFY_CONTIGUOUS_BITMAP_REGIONS.OBJ
C:\SERVER\NS_LIFESPAN_MACHINE_SOURCE\NS_WORM_BROWSER\BUILD\WINDOWS\NS_WORM_BROWSER\X64\RELEASE\NS_IMAGE.OBJ
C:\SERVER\NS_LIFESPAN_MACHINE_SOURCE\NS_WORM_BROWSER\BUILD\WINDOWS\NS_WORM_BROWSER\X64\RELEASE\NS_IMAGE_CAPTURE_DATA_MANAGER.OBJ
C:\SERVER\NS_LIFESPAN_MACHINE_SOURCE\NS_WORM_BROWSER\BUILD\WINDOWS\NS_WORM_BROWSER\X64\RELEASE\NS_IMAGE_PROCESSING_PIPELINE.OBJ
C:\SERVER\NS_LIFESPAN_MACHINE_SOURCE\NS_WORM_BROWSER\BUILD\WINDOWS\NS_WORM_BROWSER\X64\RELEASE\NS_IMAGE_SERVER.OBJ
C:\SERVER\NS_LIFESPAN_MACHINE_SOURCE\NS_WORM_BROWSER\BUILD\WINDOWS\NS_WORM_BROWSER\X64\RELEASE\NS_IMAGE_SERVER_ALERTS.OBJ
C:\SERVER\NS_LIFESPAN_MACHINE_SOURCE\NS_WORM_BROWSER\BUILD\WINDOWS\NS_WORM_BROWSER\X64\RELEASE\NS_IMAGE_SERVER_DISPATCHER.OBJ
C:\SERVER\NS_LIFESPAN_MACHINE_SOURCE\NS_WORM_BROWSER\BUILD\WINDOWS\NS_WORM_BROWSER\X64\RELEASE\NS_IMAGE_SERVER_IMAGES.OBJ
C:\SERVER\NS_LIFESPAN_MACHINE_SOURCE\NS_WORM_BROWSER\BUILD\WINDOWS\NS_WORM_BROWSER\X64\RELEASE\NS_IMAGE_SERVER_MESSAGE.OBJ
C:\SERVER\NS_LIFESPAN_MACHINE_SOURCE\NS_WORM_BROWSER\BUILD\WINDOWS\NS_WORM_BROWSER\X64\RELEASE\NS_IMAGE_SOCKET.OBJ
C:\SERVER\NS_LIFESPAN_MACHINE_SOURCE\NS_WORM_BROWSER\BUILD\WINDOWS\NS_WORM_BROWSER\X64\RELEASE\NS_IMAGE_STATISTICS.OBJ
C:\SERVER\NS_LIFESPAN_MACHINE_SOURCE\NS_WORM_BROWSER\BUILD\WINDOWS\NS_WORM_BROWSER\X64\RELEASE\NS_IMAGE_STORAGE_HANDLER.OBJ
C:\SERVER\NS_LIFESPAN_MACHINE_SOURCE\NS_WORM_BROWSER\BUILD\WINDOWS\NS_WORM_BROWSER\X64\RELEASE\NS_IMAGE_TOOLS.OBJ
C:\SERVER\NS_LIFESPAN_MACHINE_SOURCE\NS_WORM_BROWSER\BUILD\WINDOWS\NS_WORM_BROWSER\X64\RELEASE\NS_INI.OBJ
C:\SERVER\NS_LIFESPAN_MACHINE_SOURCE\NS_WORM_BROWSER\BUILD\WINDOWS\NS_WORM_BROWSER\X64\RELEASE\NS_JPEG.OBJ
C:\SERVER\NS_LIFESPAN_MACHINE_SOURCE\NS_WORM_BROWSER\BUILD\WINDOWS\NS_WORM_BROWSER\X64\RELEASE\NS_LIBTIFF_INTERFACE.OBJ
C:\SERVER\NS_LIFESPAN_MACHINE_SOURCE\NS_WORM_BROWSER\BUILD\WINDOWS\NS_WORM_BROWSER\X64\RELEASE\NS_MACHINE_ANALYSIS_DATA_LOADER.OBJ
C:\SERVER\NS_LIFESPAN_MACHINE_SOURCE\NS_WORM_BROWSER\BUILD\WINDOWS\NS_WORM_BROWSER\X64\RELEASE\NS_MACHINE_LEARNING_TRAINING_SET.OBJ
C:\SERVER\NS_LIFESPAN_MACHINE_SOURCE\NS_WORM_BROWSER\BUILD\WINDOWS\NS_WORM_BROWSER\X64\RELEASE\NS_MASK_MANAGEMENT.OBJ
C:\SERVER\NS_LIFESPAN_MACHINE_SOURCE\NS_WORM_BROWSER\BUILD\WINDOWS\NS_WORM_BROWSER\X64\RELEASE\NS_MOVEMENT_MEASUREMENT.OBJ
C:\SERVER\NS_LIFESPAN_MACHINE_SOURCE\NS_WORM_BROWSER\BUILD\WINDOWS\NS_WORM_BROWSER\X64\RELEASE\NS_MOVEMENT_VISUALIZATION_GENERATOR.OBJ
C:\SERVER\NS_LIFESPAN_MACHINE_SOURCE\NS_WORM_BROWSER\BUILD\WINDOWS\NS_WORM_BROWSER\X64\RELEASE\NS_NODE_TOPOLOGY.OBJ
C:\SERVER\NS_LIFESPAN_MACHINE_SOURCE\NS_WORM_BROWSER\BUILD\WINDOWS\NS_WORM_BROWSER\X64\RELEASE\NS_NORMAL_DISTRIBUTION.OBJ
C:\SERVER\NS_LIFESPAN_MACHINE_SOURCE\NS_WORM_BROWSER\BUILD\WINDOWS\NS_WORM_BROWSER\X64\RELEASE\NS_OJP2K.OBJ
C:\SERVER\NS_LIFESPAN_MACHINE_SOURCE\NS_WORM_BROWSER\BUILD\WINDOWS\NS_WORM_BROWSER\X64\RELEASE\NS_PROCESSING_JOB_PROCESSOR.OBJ
C:\SERVER\NS_LIFESPAN_MACHINE_SOURCE\NS_WORM_BROWSER\BUILD\WINDOWS\NS_WORM_BROWSER\X64\RELEASE\NS_PROCESSING_JOB_PUSH_SCHEDULER.OBJ
C:\SERVER\NS_LIFESPAN_MACHINE_SOURCE\NS_WORM_BROWSER\BUILD\WINDOWS\NS_WORM_BROWSER\X64\RELEASE\NS_PROCESSING_JOB_SCHEDULER.OBJ
C:\SERVER\NS_LIFESPAN_MACHINE_SOURCE\NS_WORM_BROWSER\BUILD\WINDOWS\NS_WORM_BROWSER\X64\RELEASE\NS_SEGMENT_TOPOLOGY.OBJ
C:\SERVER\NS_LIFESPAN_MACHINE_SOURCE\NS_WORM_BROWSER\BUILD\WINDOWS\NS_WORM_BROWSER\X64\RELEASE\NS_SOCKET.OBJ
C:\SERVER\NS_LIFESPAN_MACHINE_SOURCE\NS_WORM_BROWSER\BUILD\WINDOWS\NS_WORM_BROWSER\X64\RELEASE\NS_SPATIAL_AVG.OBJ
C:\SERVER\NS_LIFESPAN_MACHINE_SOURCE\NS_WORM_BROWSER\BUILD\WINDOWS\NS_WORM_BROWSER\X64\RELEASE\NS_SPINE_DRAWER.OBJ
C:\SERVER\NS_LIFESPAN_MACHINE_SOURCE\NS_WORM_BROWSER\BUILD\WINDOWS\NS_WORM_BROWSER\X64\RELEASE\NS_SQL.OBJ
C:\SERVER\NS_LIFESPAN_MACHINE_SOURCE\NS_WORM_BROWSER\BUILD\WINDOWS\NS_WORM_BROWSER\X64\RELEASE\NS_SURVIVAL_CURVE.OBJ
C:\SERVER\NS_LIFESPAN_MACHINE_SOURCE\NS_WORM_BROWSER\BUILD\WINDOWS\NS_WORM_BROWSER\X64\RELEASE\NS_SVG.OBJ
C:\SERVER\NS_LIFESPAN_MACHINE_SOURCE\NS_WORM_BROWSER\BUILD\WINDOWS\NS_WORM_BROWSER\X64\RELEASE\NS_THREAD.OBJ
C:\SERVER\NS_LIFESPAN_MACHINE_SOURCE\NS_WORM_BROWSER\BUILD\WINDOWS\NS_WORM_BROWSER\X64\RELEASE\NS_TIFF.OBJ
C:\SERVER\NS_LIFESPAN_MACHINE_SOURCE\NS_WORM_BROWSER\BUILD\WINDOWS\NS_WORM_BROWSER\X64\RELEASE\NS_TIME_PATH_IMAGE_ANALYZER.OBJ
C:\SERVER\NS_LIFESPAN_MACHINE_SOURCE\NS_WORM_BROWSER\BUILD\WINDOWS\NS_WORM_BROWSER\X64\RELEASE\NS_TIME_PATH_SOLVER.OBJ
C:\SERVER\NS_LIFESPAN_MACHINE_SOURCE\NS_WORM_BROWSER\BUILD\WINDOWS\NS_WORM_BROWSER\X64\RELEASE\NS_USB.OBJ
C:\SERVER\NS_LIFESPAN_MACHINE_SOURCE\NS_WORM_BROWSER\BUILD\WINDOWS\NS_WORM_BROWSER\X64\RELEASE\NS_VECTOR.OBJ
C:\SERVER\NS_LIFESPAN_MACHINE_SOURCE\NS_WORM_BROWSER\BUILD\WINDOWS\NS_WORM_BROWSER\X64\RELEASE\NS_VECTOR_BITMAP_INTERFACE.OBJ
C:\SERVER\NS_LIFESPAN_MACHINE_SOURCE\NS_WORM_BROWSER\BUILD\WINDOWS\NS_WORM_BROWSER\X64\RELEASE\NS_WINDOWS_FILE_DIALOG.OBJ
C:\SERVER\NS_LIFESPAN_MACHINE_SOURCE\NS_WORM_BROWSER\BUILD\WINDOWS\NS_WORM_BROWSER\X64\RELEASE\NS_WORM_BROWSER.OBJ
C:\SERVER\NS_LIFESPAN_MACHINE_SOURCE\NS_WORM_BROWSER\BUILD\WINDOWS\NS_WORM_BROWSER\X64\RELEASE\NS_WORM_BROWSER_MAIN.OBJ
C:\SERVER\NS_LIFESPAN_MACHINE_SOURCE\NS_WORM_BROWSER\BUILD\WINDOWS\NS_WORM_BROWSER\X64\RELEASE\NS_WORM_DETECTION_CONSTANTS.OBJ
C:\SERVER\NS_LIFESPAN_MACHINE_SOURCE\NS_WORM_BROWSER\BUILD\WINDOWS\NS_WORM_BROWSER\X64\RELEASE\NS_WORM_DETECTOR.OBJ
C:\SERVER\NS_LIFESPAN_MACHINE_SOURCE\NS_WORM_BROWSER\BUILD\WINDOWS\NS_WORM_BROWSER\X64\RELEASE\NS_WORM_TRAINING_SET_IMAGE.OBJ
C:\SERVER\NS_LIFESPAN_MACHINE_SOURCE\NS_WORM_BROWSER\BUILD\WINDOWS\NS_WORM_BROWSER\X64\RELEASE\NS_XML.OBJ
C:\SERVER\NS_LIFESPAN_MACHINE_SOURCE\NS_WORM_BROWSER\BUILD\WINDOWS\NS_WORM_BROWSER\X64\RELEASE\NS_XVID.OBJ
C:\SERVER\NS_LIFESPAN_MACHINE_SOURCE\NS_WORM_BROWSER\BUILD\WINDOWS\NS_WORM_BROWSER\X64\RELEASE\OPENJPEG.OBJ
C:\SERVER\NS_LIFESPAN_MACHINE_SOURCE\NS_WORM_BROWSER\BUILD\WINDOWS\NS_WORM_BROWSER\X64\RELEASE\PHIX_MANAGER.OBJ
C:\SERVER\NS_LIFESPAN_MACHINE_SOURCE\NS_WORM_BROWSER\BUILD\WINDOWS\NS_WORM_BROWSER\X64\RELEASE\PI.OBJ
C:\SERVER\NS_LIFESPAN_MACHINE_SOURCE\NS_WORM_BROWSER\BUILD\WINDOWS\NS_WORM_BROWSER\X64\RELEASE\PPIX_MANAGER.OBJ
C:\SERVER\NS_LIFESPAN_MACHINE_SOURCE\NS_WORM_BROWSER\BUILD\WINDOWS\NS_WORM_BROWSER\X64\RELEASE\RAW.OBJ
C:\server\ns_lifespan_machine_source\ns_worm_browser\build\windows\ns_worm_browser\x64\Release\rc.command.1.tlog
C:\server\ns_lifespan_machine_source\ns_worm_browser\build\windows\ns_worm_browser\x64\Release\rc.read.1.tlog
C:\server\ns_lifespan_machine_source\ns_worm_browser\build\windows\ns_worm_browser\x64\Release\rc.write.1.tlog
C:\SERVER\NS_LIFESPAN_MACHINE_SOURCE\NS_WORM_BROWSER\BUILD\WINDOWS\NS_WORM_BROWSER\X64\RELEASE\RDBMP.OBJ
C:\SERVER\NS_LIFESPAN_MACHINE_SOURCE\NS_WORM_BROWSER\BUILD\WINDOWS\NS_WORM_BROWSER\X64\RELEASE\RDCOLMAP.OBJ
C:\SERVER\NS_LIFESPAN_MACHINE_SOURCE\NS_WORM_BROWSER\BUILD\WINDOWS\NS_WORM_BROWSER\X64\RELEASE\RDGIF.OBJ
C:\SERVER\NS_LIFESPAN_MACHINE_SOURCE\NS_WORM_BROWSER\BUILD\WINDOWS\NS_WORM_BROWSER\X64\RELEASE\RDPPM.OBJ
C:\SERVER\NS_LIFESPAN_MACHINE_SOURCE\NS_WORM_BROWSER\BUILD\WINDOWS\NS_WORM_BROWSER\X64\RELEASE\RDRLE.OBJ
C:\SERVER\NS_LIFESPAN_MACHINE_SOURCE\NS_WORM_BROWSER\BUILD\WINDOWS\NS_WORM_BROWSER\X64\RELEASE\RDSWITCH.OBJ
C:\SERVER\NS_LIFESPAN_MACHINE_SOURCE\NS_WORM_BROWSER\BUILD\WINDOWS\NS_WORM_BROWSER\X64\RELEASE\RDTARGA.OBJ
C:\SERVER\NS_LIFESPAN_MACHINE_SOURCE\NS_WORM_BROWSER\BUILD\WINDOWS\NS_WORM_BROWSER\X64\RELEASE\SVM.OBJ
C:\SERVER\NS_LIFESPAN_MACHINE_SOURCE\NS_WORM_BROWSER\BUILD\WINDOWS\NS_WORM_BROWSER\X64\RELEASE\T1.OBJ
C:\SERVER\NS_LIFESPAN_MACHINE_SOURCE\NS_WORM_BROWSER\BUILD\WINDOWS\NS_WORM_BROWSER\X64\RELEASE\T2.OBJ
C:\SERVER\NS_LIFESPAN_MACHINE_SOURCE\NS_WORM_BROWSER\BUILD\WINDOWS\NS_WORM_BROWSER\X64\RELEASE\TCD.OBJ
C:\SERVER\NS_LIFESPAN_MACHINE_SOURCE\NS_WORM_BROWSER\BUILD\WINDOWS\NS_WORM_BROWSER\X64\RELEASE\TGT.OBJ
C:\SERVER\NS_LIFESPAN_MACHINE_SOURCE\NS_WORM_BROWSER\BUILD\WINDOWS\NS_WORM_BROWSER\X64\RELEASE\THIX_MANAGER.OBJ
C:\SERVER\NS_LIFESPAN_MACHINE_SOURCE\NS_WORM_BROWSER\BUILD\WINDOWS\NS_WORM_BROWSER\X64\RELEASE\TIF_AUX.OBJ
C:\SERVER\NS_LIFESPAN_MACHINE_SOURCE\NS_WORM_BROWSER\BUILD\WINDOWS\NS_WORM_BROWSER\X64\RELEASE\TIF_CLOSE.OBJ
C:\SERVER\NS_LIFESPAN_MACHINE_SOURCE\NS_WORM_BROWSER\BUILD\WINDOWS\NS_WORM_BROWSER\X64\RELEASE\TIF_CODEC.OBJ
C:\SERVER\NS_LIFESPAN_MACHINE_SOURCE\NS_WORM_BROWSER\BUILD\WINDOWS\NS_WORM_BROWSER\X64\RELEASE\TIF_COLOR.OBJ
C:\SERVER\NS_LIFESPAN_MACHINE_SOURCE\NS_WORM_BROWSER\BUILD\WINDOWS\NS_WORM_BROWSER\X64\RELEASE\TIF_COMPRESS.OBJ
C:\SERVER\NS_LIFESPAN_MACHINE_SOURCE\NS_WORM_BROWSER\BUILD\WINDOWS\NS_WORM_BROWSER\X64\RELEASE\TIF_DIR.OBJ
C:\SERVER\NS_LIFESPAN_MACHINE_SOURCE\NS_WORM_BROWSER\BUILD\WINDOWS\NS_WORM_BROWSER\X64\RELEASE\TIF_DIRINFO.OBJ
C:\SERVER\NS_LIFESPAN_MACHINE_SOURCE\NS_WORM_BROWSER\BUILD\WINDOWS\NS_WORM_BROWSER\X64\RELEASE\TIF_DIRREAD.OBJ
C:\SERVER\NS_LIFESPAN_MACHINE_SOURCE\NS_WORM_BROWSER\BUILD\WINDOWS\NS_WORM_BROWSER\X64\RELEASE\TIF_DIRWRITE.OBJ
C:\SERVER\NS_LIFESPAN_MACHINE_SOURCE\NS_WORM_BROWSER\BUILD\WINDOWS\NS_WORM_BROWSER\X64\RELEASE\TIF_DUMPMODE.OBJ
C:\SERVER\NS_LIFESPAN_MACHINE_SOURCE\NS_WORM_BROWSER\BUILD\WINDOWS\NS_WORM_BROWSER\X64\RELEASE\TIF_ERROR.OBJ
C:\SERVER\NS_LIFESPAN_MACHINE_SOURCE\NS_WORM_BROWSER\BUILD\WINDOWS\NS_WORM_BROWSER\X64\RELEASE\TIF_EXTENSION.OBJ
C:\SERVER\NS_LIFESPAN_MACHINE_SOURCE\NS_WORM_BROWSER\BUILD\WINDOWS\NS_WORM_BROWSER\X64\RELEASE\TIF_FAX3.OBJ
C:\SERVER\NS_LIFESPAN_MACHINE_SOURCE\NS_WORM_BROWSER\BUILD\WINDOWS\NS_WORM_BROWSER\X64\RELEASE\TIF_FAX3SM.OBJ
C:\SERVER\NS_LIFESPAN_MACHINE_SOURCE\NS_WORM_BROWSER\BUILD\WINDOWS\NS_WORM_BROWSER\X64\RELEASE\TIF_FLUSH.OBJ
C:\SERVER\NS_LIFESPAN_MACHINE_SOURCE\NS_WORM_BROWSER\BUILD\WINDOWS\NS_WORM_BROWSER\X64\RELEASE\TIF_GETIMAGE.OBJ
C:\SERVER\NS_LIFESPAN_MACHINE_SOURCE\NS_WORM_BROWSER\BUILD\WINDOWS\NS_WORM_BROWSER\X64\RELEASE\TIF_JPEG.OBJ
C:\SERVER\NS_LIFESPAN_MACHINE_SOURCE\NS_WORM_BROWSER\BUILD\WINDOWS\NS_WORM_BROWSER\X64\RELEASE\TIF_LUV.OBJ
C:\SERVER\NS_LIFESPAN_MACHINE_SOURCE\NS_WORM_BROWSER\BUILD\WINDOWS\NS_WORM_BROWSER\X64\RELEASE\TIF_LZW.OBJ
C:\SERVER\NS_LIFESPAN_MACHINE_SOURCE\NS_WORM_BROWSER\BUILD\WINDOWS\NS_WORM_BROWSER\X64\RELEASE\TIF_NEXT.OBJ
C:\SERVER\NS_LIFESPAN_MACHINE_SOURCE\NS_WORM_BROWSER\BUILD\WINDOWS\NS_WORM_BROWSER\X64\RELEASE\TIF_OJPEG.OBJ
C:\SERVER\NS_LIFESPAN_MACHINE_SOURCE\NS_WORM_BROWSER\BUILD\WINDOWS\NS_WORM_BROWSER\X64\RELEASE\TIF_OPEN.OBJ
C:\SERVER\NS_LIFESPAN_MACHINE_SOURCE\NS_WORM_BROWSER\BUILD\WINDOWS\NS_WORM_BROWSER\X64\RELEASE\TIF_PACKBITS.OBJ
C:\SERVER\NS_LIFESPAN_MACHINE_SOURCE\NS_WORM_BROWSER\BUILD\WINDOWS\NS_WORM_BROWSER\X64\RELEASE\TIF_PIXARLOG.OBJ
C:\SERVER\NS_LIFESPAN_MACHINE_SOURCE\NS_WORM_BROWSER\BUILD\WINDOWS\NS_WORM_BROWSER\X64\RELEASE\TIF_PREDICT.OBJ
C:\SERVER\NS_LIFESPAN_MACHINE_SOURCE\NS_WORM_BROWSER\BUILD\WINDOWS\NS_WORM_BROWSER\X64\RELEASE\TIF_PRINT.OBJ
C:\SERVER\NS_LIFESPAN_MACHINE_SOURCE\NS_WORM_BROWSER\BUILD\WINDOWS\NS_WORM_BROWSER\X64\RELEASE\TIF_READ.OBJ
C:\SERVER\NS_LIFESPAN_MACHINE_SOURCE\NS_WORM_BROWSER\BUILD\WINDOWS\NS_WORM_BROWSER\X64\RELEASE\TIF_STRIP.OBJ
C:\SERVER\NS_LIFESPAN_MACHINE_SOURCE\NS_WORM_BROWSER\BUILD\WINDOWS\NS_WORM_BROWSER\X64\RELEASE\TIF_SWAB.OBJ
C:\SERVER\NS_LIFESPAN_MACHINE_SOURCE\NS_WORM_BROWSER\BUILD\WINDOWS\NS_WORM_BROWSER\X64\RELEASE\TIF_THUNDER.OBJ
C:\SERVER\NS_LIFESPAN_MACHINE_SOURCE\NS_WORM_BROWSER\BUILD\WINDOWS\NS_WORM_BROWSER\X64\RELEASE\TIF_TILE.OBJ
C:\SERVER\NS_LIFESPAN_MACHINE_SOURCE\NS_WORM_BROWSER\BUILD\WINDOWS\NS_WORM_BROWSER\X64\RELEASE\TIF_VERSION.OBJ
C:\SERVER\NS_LIFESPAN_MACHINE_SOURCE\NS_WORM_BROWSER\BUILD\WINDOWS\NS_WORM_BROWSER\X64\RELEASE\TIF_WARNING.OBJ
C:\SERVER\NS_LIFESPAN_MACHINE_SOURCE\NS_WORM_BROWSER\BUILD\WINDOWS\NS_WORM_BROWSER\X64\RELEASE\TIF_WRITE.OBJ
C:\SERVER\NS_LIFESPAN_MACHINE_SOURCE\NS_WORM_BROWSER\BUILD\WINDOWS\NS_WORM_BROWSER\X64\RELEASE\TIF_ZIP.OBJ
C:\SERVER\NS_LIFESPAN_MACHINE_SOURCE\NS_WORM_BROWSER\BUILD\WINDOWS\NS_WORM_BROWSER\X64\RELEASE\TINYSTR.OBJ
C:\SERVER\NS_LIFESPAN_MACHINE_SOURCE\NS_WORM_BROWSER\BUILD\WINDOWS\NS_WORM_BROWSER\X64\RELEASE\TINYXML.OBJ
C:\SERVER\NS_LIFESPAN_MACHINE_SOURCE\NS_WORM_BROWSER\BUILD\WINDOWS\NS_WORM_BROWSER\X64\RELEASE\TINYXMLERROR.OBJ
C:\SERVER\NS_LIFESPAN_MACHINE_SOURCE\NS_WORM_BROWSER\BUILD\WINDOWS\NS_WORM_BROWSER\X64\RELEASE\TINYXMLPARSER.OBJ
C:\SERVER\NS_LIFESPAN_MACHINE_SOURCE\NS_WORM_BROWSER\BUILD\WINDOWS\NS_WORM_BROWSER\X64\RELEASE\TPIX_MANAGER.OBJ
C:\SERVER\NS_LIFESPAN_MACHINE_SOURCE\NS_WORM_BROWSER\BUILD\WINDOWS\NS_WORM_BROWSER\X64\RELEASE\TRANSUPP.OBJ
C:\SERVER\NS_LIFESPAN_MACHINE_SOURCE\NS_WORM_BROWSER\BUILD\WINDOWS\NS_WORM_BROWSER\X64\RELEASE\TREES.OBJ
C:\SERVER\NS_LIFESPAN_MACHINE_SOURCE\NS_WORM_BROWSER\BUILD\WINDOWS\NS_WORM_BROWSER\X64\RELEASE\TRIANGLE.OBJ
C:\SERVER\NS_LIFESPAN_MACHINE_SOURCE\NS_WORM_BROWSER\BUILD\WINDOWS\NS_WORM_BROWSER\X64\RELEASE\UNCOMPR.OBJ
C:\SERVER\NS_LIFESPAN_MACHINE_SOURCE\NS_WORM_BROWSER\BUILD\WINDOWS\NS_WORM_BROWSER\X64\RELEASE\VCWINDOWS7.1SDK.PDB
C:\SERVER\NS_LIFESPAN_MACHINE_SOURCE\NS_WORM_BROWSER\BUILD\WINDOWS\NS_WORM_BROWSER\X64\RELEASE\WM4BSPLINEBASIS.OBJ
C:\SERVER\NS_LIFESPAN_MACHINE_SOURCE\NS_WORM_BROWSER\BUILD\WINDOWS\NS_WORM_BROWSER\X64\RELEASE\WM4BSPLINECURVE2.OBJ
C:\SERVER\NS_LIFESPAN_MACHINE_SOURCE\NS_WORM_BROWSER\BUILD\WINDOWS\NS_WORM_BROWSER\X64\RELEASE\WM4BSPLINECURVEFIT.OBJ
C:\SERVER\NS_LIFESPAN_MACHINE_SOURCE\NS_WORM_BROWSER\BUILD\WINDOWS\NS_WORM_BROWSER\X64\RELEASE\WM4BSPLINEFITBASIS.OBJ
C:\SERVER\NS_LIFESPAN_MACHINE_SOURCE\NS_WORM_BROWSER\BUILD\WINDOWS\NS_WORM_BROWSER\X64\RELEASE\WM4COMMAND.OBJ
C:\SERVER\NS_LIFESPAN_MACHINE_SOURCE\NS_WORM_BROWSER\BUILD\WINDOWS\NS_WORM_BROWSER\X64\RELEASE\WM4CURVE2.OBJ
C:\SERVER\NS_LIFESPAN_MACHINE_SOURCE\NS_WORM_BROWSER\BUILD\WINDOWS\NS_WORM_BROWSER\X64\RELEASE\WM4FOUNDATIONPCH.OBJ
C:\SERVER\NS_LIFESPAN_MACHINE_SOURCE\NS_WORM_BROWSER\BUILD\WINDOWS\NS_WORM_BROWSER\X64\RELEASE\WM4INTEGRATE1.OBJ
C:\SERVER\NS_LIFESPAN_MACHINE_SOURCE\NS_WORM_BROWSER\BUILD\WINDOWS\NS_WORM_BROWSER\X64\RELEASE\WM4INTPBSPLINEUNIFORM.OBJ
C:\SERVER\NS_LIFESPAN_MACHINE_SOURCE\NS_WORM_BROWSER\BUILD\WINDOWS\NS_WORM_BROWSER\X64\RELEASE\WM4INTPBSPLINEUNIFORM2.OBJ
C:\SERVER\NS_LIFESPAN_MACHINE_SOURCE\NS_WORM_BROWSER\BUILD\WINDOWS\NS_WORM_BROWSER\X64\RELEASE\WM4MATH.OBJ
C:\SERVER\NS_LIFESPAN_MACHINE_SOURCE\NS_WORM_BROWSER\BUILD\WINDOWS\NS_WORM_BROWSER\X64\RELEASE\WM4MEMORY.OBJ
C:\SERVER\NS_LIFESPAN_MACHINE_SOURCE\NS_WORM_BROWSER\BUILD\WINDOWS\NS_WORM_BROWSER\X64\RELEASE\WM4SINGLECURVE2.OBJ
C:\SERVER\NS_LIFESPAN_MACHINE_SOURCE\NS_WORM_BROWSER\BUILD\WINDOWS\NS_WORM_BROWSER\X64\RELEASE\WM4SYSTEM.OBJ
C:\SERVER\NS_LIFESPAN_MACHINE_SOURCE\NS_WORM_BROWSER\BUILD\WINDOWS\NS_WORM_BROWSER\X64\RELEASE\WM4VECTOR2.OBJ
C:\SERVER\NS_LIFESPAN_MACHINE_SOURCE\NS_WORM_BROWSER\BUILD\WINDOWS\NS_WORM_BROWSER\X64\RELEASE\WORM_TERMINAL_2.RES
C:\SERVER\NS_LIFESPAN_MACHINE_SOURCE\NS_WORM_BROWSER\BUILD\WINDOWS\NS_WORM_BROWSER\X64\RELEASE\WRBMP.OBJ
C:\SERVER\NS_LIFESPAN_MACHINE_SOURCE\NS_WORM_BROWSER\BUILD\WINDOWS\NS_WORM_BROWSER\X64\RELEASE\WRGIF.OBJ
C:\SERVER\NS_LIFESPAN_MACHINE_SOURCE\NS_WORM_BROWSER\BUILD\WINDOWS\NS_WORM_BROWSER\X64\RELEASE\WRPPM.OBJ
C:\SERVER\NS_LIFESPAN_MACHINE_SOURCE\NS_WORM_BROWSER\BUILD\WINDOWS\NS_WORM_BROWSER\X64\RELEASE\WRRLE.OBJ
C:\SERVER\NS_LIFESPAN_MACHINE_SOURCE\NS_WORM_BROWSER\BUILD\WINDOWS\NS_WORM_BROWSER\X64\RELEASE\WRTARGA.OBJ
C:\SERVER\NS_LIFESPAN_MACHINE_SOURCE\NS_WORM_BROWSER\BUILD\WINDOWS\NS_WORM_BROWSER\X64\RELEASE\ZUTIL.OBJ
