Build started 11/19/2012 5:01:51 PM.
     1>Project "C:\server\ns_lifespan_machine_source\ns_worm_browser\build\windows\ns_worm_browser\ns_worm_browser.vcxproj" on node 2 (build target(s)).
     1>InitializeBuildStatus:
         Touching "x64\Release\ns_worm_browser.unsuccessfulbuild".
       ClCompile:
         C:\Program Files (x86)\Microsoft Visual Studio 10.0\VC\bin\x86_amd64\CL.exe /c /Zi /nologo /W3 /WX- /O2 /Oi /GL /D _CRT_SECURE_NO_DEPRECATE /D WIN32 /D NTDDI_VERSION=NTDDI_WINXPSP2 /D _WIN32_WINNT=0x501 /D WINVER=0x0501 /D TRILIBRARY /D CPU86 /D NO_TIMER /D ANSI_DECLARATORS /D "NS_DEFAULT_FONT=\"c:/windows/fonts/ARIAL.TTF\"" /D "NS_INI_PATH=\"c:\\server\\ns_image_server.ini\"" /D ARCH_IS_LITTLE_ENDIAN /D INCLUDE_STDAFX /D _MBCS /D _MBCS /Gm- /EHsc /MT /GS /Gy /fp:precise /Zc:wchar_t /Zc:forScope /Fo"x64\Release\\" /Fd"x64\Release\vcWindows7.1SDK.pdb" /Gd /TP /errorReport:prompt ..\..\..\..\ns_image_server\src\data_annotation\ns_death_time_annotation.cpp ..\..\..\..\ns_image_server\src\data_annotation\ns_experiment_storyboard.cpp ..\..\..\..\ns_image_server\src\data_annotation\ns_machine_learning_training_set.cpp ..\..\..\..\ns_image_server\src\data_annotation\ns_mask_management.cpp ..\..\..\..\ns_image_server\src\image_acquisition\ns_buffered_capture_scheduler.cpp ..\..\..\..\ns_image_server\src\image_acquisition\ns_capture_device.cpp ..\..\..\..\ns_image_server\src\image_acquisition\ns_capture_schedule.cpp ..\..\..\..\ns_image_server\src\image_acquisition\ns_image_capture_data_manager.cpp ..\..\..\..\ns_image_server\src\image_acquisition\ns_image_server_alerts.cpp ..\..\..\..\ns_image_server\src\image_acquisition\ns_image_server_dispatcher.cpp ..\..\..\..\ns_image_server\src\image_base\ns_vector_bitmap_interface.cpp ..\..\..\..\ns_image_server\src\image_processing\ns_detected_worm_info.cpp ..\..\..\..\ns_image_server\src\image_processing\ns_heat_map_interpolation.cpp ..\..\..\..\ns_image_server\src\image_processing\ns_identify_contiguous_bitmap_regions.cpp ..\..\..\..\ns_image_server\src\image_processing\ns_movement_visualization_generator.cpp ..\..\..\..\ns_image_server\src\image_processing\ns_worm_detector.cpp ..\..\..\..\ns_image_server\src\image_processing\ns_worm_training_set_image.cpp ..\..\..\..\ns_image_server\src\job_scheduling\ns_image_processing_pipeline.cpp ..\..\..\..\ns_image_server\src\job_scheduling\ns_processing_job_processor.cpp ..\..\..\..\ns_image_server\src\job_scheduling\ns_processing_job_push_scheduler.cpp ..\..\..\..\ns_image_server\src\job_scheduling\ns_processing_job_scheduler.cpp ..\..\..\..\ns_image_server\src\movement_analysis\ns_hidden_markov_model_posture_analyzer.cpp ..\..\..\..\ns_image_server\src\movement_analysis\ns_time_path_image_analyzer.cpp ..\..\..\..\ns_image_server\src\movement_analysis\ns_time_path_solver.cpp ..\..\..\..\ns_image_server\src\ns_image_server.cpp ..\..\..\..\ns_image_server\src\ns_image_server_images.cpp ..\..\..\..\ns_image_server\src\ns_image_statistics.cpp ..\..\..\..\ns_image_server\src\ns_image_storage_handler.cpp ..\..\..\..\ns_image_server\src\statistics\ns_machine_analysis_data_loader.cpp ..\..\..\..\ns_image_server\src\statistics\ns_movement_measurement.cpp ..\..\..\src\ns_worm_browser.cpp ..\..\..\src\ns_worm_browser_main.cpp
         ns_death_time_annotation.cpp
     1>C:\Program Files\MySQL\MySQL Connector C 6.0.2\include\config-win.h(24): warning C4005: '_WIN32_WINNT' : macro redefinition
                 command-line arguments :  see previous definition of '_WIN32_WINNT'
     1>c:\server\ns_lifespan_machine_source\ns_image_server\src\ns_image_storage_handler.h(66): warning C4800: 'const unsigned long' : forcing value to bool 'true' or 'false' (performance warning)
     1>c:\server\ns_lifespan_machine_source\ns_image_server\src\image_processing\ns_image_registration.h(117): warning C4267: '+=' : conversion from 'size_t' to 'unsigned long', possible loss of data
     1>..\..\..\..\ns_image_server\src\data_annotation\ns_death_time_annotation.cpp(345): warning C4244: 'argument' : conversion from 'double' to 'const float', possible loss of data
     1>..\..\..\..\ns_image_server\src\data_annotation\ns_death_time_annotation.cpp(923): warning C4018: '<' : signed/unsigned mismatch
     1>..\..\..\..\ns_image_server\src\data_annotation\ns_death_time_annotation.cpp(1817): warning C4267: 'initializing' : conversion from 'size_t' to 'unsigned long', possible loss of data
     1>..\..\..\..\ns_image_server\src\data_annotation\ns_death_time_annotation.cpp(1826): warning C4244: '=' : conversion from 'double' to 'unsigned long', possible loss of data
     1>..\..\..\..\ns_image_server\src\data_annotation\ns_death_time_annotation.cpp(1962): warning C4244: '=' : conversion from 'double' to 'unsigned long', possible loss of data
     1>C:\server\ns_lifespan_machine_source\ns_image_server\src\statistics\ns_posture_analysis_models.h(50): warning C4244: 'initializing' : conversion from '__int64' to 'const unsigned long', possible loss of data
                 C:\server\ns_lifespan_machine_source\ns_image_server\src\statistics\ns_posture_analysis_models.h(40) : while compiling class template member function 'double ns_emperical_cdf_generator<T>::fraction_values_lower(const double &) const'
                 with
                 [
                     T=double
                 ]
                 C:\server\ns_lifespan_machine_source\ns_image_server\src\statistics\ns_posture_analysis_models.h(129) : see reference to class template instantiation 'ns_emperical_cdf_generator<T>' being compiled
                 with
                 [
                     T=double
                 ]
     1>..\..\..\..\ns_image_server\src\data_annotation\ns_death_time_annotation.cpp(1641): warning C4244: '=' : conversion from 'double' to 'unsigned long', possible loss of data
                 ..\..\..\..\ns_image_server\src\data_annotation\ns_death_time_annotation.cpp(1618) : while compiling class template member function 'ns_dying_animal_description ns_dying_animal_description_generator<source_t,dest_t>::generate(const ns_death_time_annotation &,source_t &,const bool) const'
                 with
                 [
                     source_t=ns_death_time_annotation_set,
                     dest_t=ns_dying_animal_description
                 ]
                 ..\..\..\..\ns_image_server\src\data_annotation\ns_death_time_annotation.cpp(1784) : see reference to class template instantiation 'ns_dying_animal_description_generator<source_t,dest_t>' being compiled
                 with
                 [
                     source_t=ns_death_time_annotation_set,
                     dest_t=ns_dying_animal_description
                 ]
     1>..\..\..\..\ns_image_server\src\data_annotation\ns_death_time_annotation.cpp(1651): warning C4244: '=' : conversion from 'double' to 'unsigned long', possible loss of data
     1>..\..\..\..\ns_image_server\src\data_annotation\ns_death_time_annotation.cpp(1641): warning C4244: '=' : conversion from 'double' to 'unsigned long', possible loss of data
                 ..\..\..\..\ns_image_server\src\data_annotation\ns_death_time_annotation.cpp(1618) : while compiling class template member function 'ns_dying_animal_description_const ns_dying_animal_description_generator<source_t,dest_t>::generate(const ns_death_time_annotation &,source_t &,const bool) const'
                 with
                 [
                     source_t=const ns_death_time_annotation_set,
                     dest_t=ns_dying_animal_description_const
                 ]
                 ..\..\..\..\ns_image_server\src\data_annotation\ns_death_time_annotation.cpp(1788) : see reference to class template instantiation 'ns_dying_animal_description_generator<source_t,dest_t>' being compiled
                 with
                 [
                     source_t=const ns_death_time_annotation_set,
                     dest_t=ns_dying_animal_description_const
                 ]
     1>..\..\..\..\ns_image_server\src\data_annotation\ns_death_time_annotation.cpp(1651): warning C4244: '=' : conversion from 'double' to 'unsigned long', possible loss of data
         ns_experiment_storyboard.cpp
     1>C:\Program Files\MySQL\MySQL Connector C 6.0.2\include\config-win.h(24): warning C4005: '_WIN32_WINNT' : macro redefinition
                 command-line arguments :  see previous definition of '_WIN32_WINNT'
     1>c:\server\ns_lifespan_machine_source\ns_image_server\src\ns_image_storage_handler.h(66): warning C4800: 'const unsigned long' : forcing value to bool 'true' or 'false' (performance warning)
     1>c:\server\ns_lifespan_machine_source\ns_image_server\src\image_processing\ns_image_registration.h(117): warning C4267: '+=' : conversion from 'size_t' to 'unsigned long', possible loss of data
     1>c:\server\ns_lifespan_machine_source\ns_image_server\src\data_annotation\ns_experiment_storyboard.h(153): warning C4267: 'return' : conversion from 'size_t' to 'unsigned long', possible loss of data
     1>c:\server\ns_lifespan_machine_source\ns_image_server\src\data_annotation\ns_experiment_storyboard.h(187): warning C4267: 'return' : conversion from 'size_t' to 'unsigned long', possible loss of data
     1>C:\server\ns_lifespan_machine_source\ns_image_server\src\statistics\ns_by_hand_lifespan.h(260): warning C4267: '=' : conversion from 'size_t' to 'long', possible loss of data
     1>C:\server\ns_lifespan_machine_source\ns_image_server\src\statistics\ns_by_hand_lifespan.h(264): warning C4267: 'initializing' : conversion from 'size_t' to 'unsigned int', possible loss of data
     1>C:\server\ns_lifespan_machine_source\ns_image_server\src\statistics\ns_by_hand_lifespan.h(281): warning C4267: '=' : conversion from 'size_t' to 'long', possible loss of data
     1>..\..\..\..\ns_image_server\src\data_annotation\ns_experiment_storyboard.cpp(91): warning C4244: '=' : conversion from 'ns_64_bit' to 'unsigned long', possible loss of data
     1>..\..\..\..\ns_image_server\src\data_annotation\ns_experiment_storyboard.cpp(118): warning C4244: '=' : conversion from 'ns_64_bit' to 'unsigned long', possible loss of data
     1>..\..\..\..\ns_image_server\src\data_annotation\ns_experiment_storyboard.cpp(215): warning C4018: '>=' : signed/unsigned mismatch
     1>..\..\..\..\ns_image_server\src\data_annotation\ns_experiment_storyboard.cpp(215): warning C4018: '>=' : signed/unsigned mismatch
     1>..\..\..\..\ns_image_server\src\data_annotation\ns_experiment_storyboard.cpp(220): warning C4244: 'initializing' : conversion from 'double' to 'float', possible loss of data
     1>..\..\..\..\ns_image_server\src\data_annotation\ns_experiment_storyboard.cpp(227): warning C4244: '=' : conversion from 'double' to 'ns_8_bit', possible loss of data
     1>..\..\..\..\ns_image_server\src\data_annotation\ns_experiment_storyboard.cpp(228): warning C4244: '=' : conversion from 'double' to 'ns_8_bit', possible loss of data
     1>..\..\..\..\ns_image_server\src\data_annotation\ns_experiment_storyboard.cpp(232): warning C4244: '=' : conversion from 'float' to 'ns_8_bit', possible loss of data
     1>..\..\..\..\ns_image_server\src\data_annotation\ns_experiment_storyboard.cpp(233): warning C4244: '=' : conversion from 'float' to 'ns_8_bit', possible loss of data
     1>..\..\..\..\ns_image_server\src\data_annotation\ns_experiment_storyboard.cpp(241): warning C4244: '=' : conversion from 'double' to 'ns_8_bit', possible loss of data
     1>..\..\..\..\ns_image_server\src\data_annotation\ns_experiment_storyboard.cpp(242): warning C4244: '=' : conversion from 'double' to 'ns_8_bit', possible loss of data
     1>..\..\..\..\ns_image_server\src\data_annotation\ns_experiment_storyboard.cpp(246): warning C4244: '=' : conversion from 'float' to 'ns_8_bit', possible loss of data
     1>..\..\..\..\ns_image_server\src\data_annotation\ns_experiment_storyboard.cpp(247): warning C4244: '=' : conversion from 'float' to 'ns_8_bit', possible loss of data
     1>..\..\..\..\ns_image_server\src\data_annotation\ns_experiment_storyboard.cpp(253): warning C4244: '=' : conversion from 'double' to 'ns_8_bit', possible loss of data
     1>..\..\..\..\ns_image_server\src\data_annotation\ns_experiment_storyboard.cpp(255): warning C4244: '=' : conversion from 'double' to 'ns_8_bit', possible loss of data
     1>..\..\..\..\ns_image_server\src\data_annotation\ns_experiment_storyboard.cpp(258): warning C4244: '=' : conversion from 'float' to 'ns_8_bit', possible loss of data
     1>..\..\..\..\ns_image_server\src\data_annotation\ns_experiment_storyboard.cpp(260): warning C4244: '=' : conversion from 'float' to 'ns_8_bit', possible loss of data
     1>..\..\..\..\ns_image_server\src\data_annotation\ns_experiment_storyboard.cpp(391): warning C4244: 'initializing' : conversion from 'double' to 'unsigned long', possible loss of data
     1>..\..\..\..\ns_image_server\src\data_annotation\ns_experiment_storyboard.cpp(409): warning C4018: '>' : signed/unsigned mismatch
     1>..\..\..\..\ns_image_server\src\data_annotation\ns_experiment_storyboard.cpp(852): warning C4267: '=' : conversion from 'size_t' to 'unsigned long', possible loss of data
     1>..\..\..\..\ns_image_server\src\data_annotation\ns_experiment_storyboard.cpp(855): warning C4267: 'initializing' : conversion from 'size_t' to 'const unsigned long', possible loss of data
     1>..\..\..\..\ns_image_server\src\data_annotation\ns_experiment_storyboard.cpp(864): warning C4267: '=' : conversion from 'size_t' to 'unsigned long', possible loss of data
     1>..\..\..\..\ns_image_server\src\data_annotation\ns_experiment_storyboard.cpp(877): warning C4267: '=' : conversion from 'size_t' to 'unsigned long', possible loss of data
     1>..\..\..\..\ns_image_server\src\data_annotation\ns_experiment_storyboard.cpp(926): warning C4267: '=' : conversion from 'size_t' to 'unsigned long', possible loss of data
     1>..\..\..\..\ns_image_server\src\data_annotation\ns_experiment_storyboard.cpp(928): warning C4267: '=' : conversion from 'size_t' to 'unsigned long', possible loss of data
     1>..\..\..\..\ns_image_server\src\data_annotation\ns_experiment_storyboard.cpp(1145): warning C4267: '=' : conversion from 'size_t' to 'unsigned long', possible loss of data
     1>..\..\..\..\ns_image_server\src\data_annotation\ns_experiment_storyboard.cpp(1347): warning C4267: '=' : conversion from 'size_t' to 'unsigned long', possible loss of data
     1>..\..\..\..\ns_image_server\src\data_annotation\ns_experiment_storyboard.cpp(1362): warning C4267: '+=' : conversion from 'size_t' to 'unsigned long', possible loss of data
     1>C:\server\ns_lifespan_machine_source\ns_image_server\src\statistics\ns_posture_analysis_models.h(50): warning C4244: 'initializing' : conversion from '__int64' to 'const unsigned long', possible loss of data
                 C:\server\ns_lifespan_machine_source\ns_image_server\src\statistics\ns_posture_analysis_models.h(40) : while compiling class template member function 'double ns_emperical_cdf_generator<T>::fraction_values_lower(const double &) const'
                 with
                 [
                     T=double
                 ]
                 C:\server\ns_lifespan_machine_source\ns_image_server\src\statistics\ns_posture_analysis_models.h(129) : see reference to class template instantiation 'ns_emperical_cdf_generator<T>' being compiled
                 with
                 [
                     T=double
                 ]
         ns_machine_learning_training_set.cpp
     1>C:\Program Files\MySQL\MySQL Connector C 6.0.2\include\config-win.h(24): warning C4005: '_WIN32_WINNT' : macro redefinition
                 command-line arguments :  see previous definition of '_WIN32_WINNT'
     1>c:\server\ns_lifespan_machine_source\ns_image_server\src\ns_image_storage_handler.h(66): warning C4800: 'const unsigned long' : forcing value to bool 'true' or 'false' (performance warning)
     1>c:\server\ns_lifespan_machine_source\ns_image_server\src\image_processing\ns_image_registration.h(117): warning C4267: '+=' : conversion from 'size_t' to 'unsigned long', possible loss of data
     1>C:\server\ns_lifespan_machine_source\ns_image_server\src\statistics\ns_posture_analysis_models.h(50): warning C4244: 'initializing' : conversion from '__int64' to 'const unsigned long', possible loss of data
                 C:\server\ns_lifespan_machine_source\ns_image_server\src\statistics\ns_posture_analysis_models.h(40) : while compiling class template member function 'double ns_emperical_cdf_generator<T>::fraction_values_lower(const double &) const'
                 with
                 [
                     T=double
                 ]
                 C:\server\ns_lifespan_machine_source\ns_image_server\src\statistics\ns_posture_analysis_models.h(129) : see reference to class template instantiation 'ns_emperical_cdf_generator<T>' being compiled
                 with
                 [
                     T=double
                 ]
     1>C:\server\ns_lifespan_machine_source\ns_image_server\src\image_processing\ns_worm_detector.h(38): warning C4267: 'initializing' : conversion from 'size_t' to 'const unsigned long', possible loss of data
                 C:\server\ns_lifespan_machine_source\ns_image_server\src\image_processing\ns_worm_detector.h(29) : see reference to function template instantiation 'ns_image_worm_detection_results *ns_worm_detector<whole_image>::run<whole_image>(const unsigned long,const unsigned long,ns_detected_object_manager &,const whole_im &,const whole_im &,const ns_image_standard *,const ns_svm_model_specification &,const unsigned long,const std::string &,const ns_detected_worm_info::ns_visualization_type,ns_whole_image_region_stats,const bool)' being compiled
                 with
                 [
                     whole_image=ns_image_standard,
                     whole_im=ns_image_standard
                 ]
                 C:\server\ns_lifespan_machine_source\ns_image_server\src\image_processing\ns_worm_detector.h(19) : while compiling class template member function 'ns_image_worm_detection_results *ns_worm_detector<whole_image>::run(const unsigned long,const unsigned long,const whole_image &,const whole_image &,const whole_image &,const ns_image_standard *,const unsigned int &,const unsigned int &,const unsigned int &,const ns_svm_model_specification &,const unsigned long,const std::string &,const ns_detected_worm_info::ns_visualization_type,ns_whole_image_region_stats,const bool)'
                 with
                 [
                     whole_image=ns_image_standard
                 ]
                 ..\..\..\..\ns_image_server\src\data_annotation\ns_machine_learning_training_set.cpp(1323) : see reference to class template instantiation 'ns_worm_detector<whole_image>' being compiled
                 with
                 [
                     whole_image=ns_image_standard
                 ]
     1>C:\server\ns_lifespan_machine_source\ns_image_server\src\image_base\ns_jpeg.h(256): warning C4244: 'argument' : conversion from 'const float' to 'int', possible loss of data
                 C:\server\ns_lifespan_machine_source\ns_image_server\src\image_base\ns_jpeg.h(237) : while compiling class template member function 'void ns_jpeg_image_output_file<ns_component>::start_decompression(const ns_image_properties &)'
                 with
                 [
                     ns_component=ns_8_bit
                 ]
                 C:\server\ns_lifespan_machine_source\ns_image_server\src\image_base\ns_jpeg.h(181) : while compiling class template member function 'void ns_jpeg_image_output_file<ns_component>::open_file(const std::string &,const ns_image_properties &)'
                 with
                 [
                     ns_component=ns_8_bit
                 ]
                 C:\server\ns_lifespan_machine_source\ns_image_server\src\image_base\ns_image_easy_io.h(45) : see reference to class template instantiation 'ns_jpeg_image_output_file<ns_component>' being compiled
                 with
                 [
                     ns_component=ns_8_bit
                 ]
                 ..\..\..\..\ns_image_server\src\data_annotation\ns_machine_learning_training_set.cpp(258) : see reference to function template instantiation 'void ns_save_image<ns_8_bit>(const std::string &,const ns_image_whole<ns_component> &)' being compiled
                 with
                 [
                     ns_component=ns_8_bit
                 ]
         ns_mask_management.cpp
     1>C:\Program Files\MySQL\MySQL Connector C 6.0.2\include\config-win.h(24): warning C4005: '_WIN32_WINNT' : macro redefinition
                 command-line arguments :  see previous definition of '_WIN32_WINNT'
     1>c:\server\ns_lifespan_machine_source\ns_image_server\src\ns_image_storage_handler.h(66): warning C4800: 'const unsigned long' : forcing value to bool 'true' or 'false' (performance warning)
     1>c:\server\ns_lifespan_machine_source\ns_image_server\src\image_processing\ns_image_registration.h(117): warning C4267: '+=' : conversion from 'size_t' to 'unsigned long', possible loss of data
     1>..\..\..\..\ns_image_server\src\data_annotation\ns_mask_management.cpp(228): warning C4018: '<' : signed/unsigned mismatch
     1>..\..\..\..\ns_image_server\src\data_annotation\ns_mask_management.cpp(235): warning C4018: '>' : signed/unsigned mismatch
     1>..\..\..\..\ns_image_server\src\data_annotation\ns_mask_management.cpp(240): warning C4018: '>' : signed/unsigned mismatch
     1>C:\server\ns_lifespan_machine_source\ns_image_server\src\statistics\ns_posture_analysis_models.h(50): warning C4244: 'initializing' : conversion from '__int64' to 'const unsigned long', possible loss of data
                 C:\server\ns_lifespan_machine_source\ns_image_server\src\statistics\ns_posture_analysis_models.h(40) : while compiling class template member function 'double ns_emperical_cdf_generator<T>::fraction_values_lower(const double &) const'
                 with
                 [
                     T=double
                 ]
                 C:\server\ns_lifespan_machine_source\ns_image_server\src\statistics\ns_posture_analysis_models.h(129) : see reference to class template instantiation 'ns_emperical_cdf_generator<T>' being compiled
                 with
                 [
                     T=double
                 ]
         ns_buffered_capture_scheduler.cpp
     1>C:\Program Files\MySQL\MySQL Connector C 6.0.2\include\config-win.h(24): warning C4005: '_WIN32_WINNT' : macro redefinition
                 command-line arguments :  see previous definition of '_WIN32_WINNT'
     1>c:\server\ns_lifespan_machine_source\ns_image_server\src\ns_image_storage_handler.h(66): warning C4800: 'const unsigned long' : forcing value to bool 'true' or 'false' (performance warning)
     1>C:\server\ns_lifespan_machine_source\ns_image_server\src\image_processing\ns_image_registration.h(117): warning C4267: '+=' : conversion from 'size_t' to 'unsigned long', possible loss of data
     1>..\..\..\..\ns_image_server\src\image_acquisition\ns_buffered_capture_scheduler.cpp(170): warning C4244: '=' : conversion from 'ns_64_bit' to 'unsigned long', possible loss of data
     1>..\..\..\..\ns_image_server\src\image_acquisition\ns_buffered_capture_scheduler.cpp(199): warning C4244: '=' : conversion from 'ns_64_bit' to 'unsigned long', possible loss of data
     1>..\..\..\..\ns_image_server\src\image_acquisition\ns_buffered_capture_scheduler.cpp(406): warning C4267: 'initializing' : conversion from 'size_t' to 'const long', possible loss of data
     1>..\..\..\..\ns_image_server\src\image_acquisition\ns_buffered_capture_scheduler.cpp(445): warning C4267: 'initializing' : conversion from 'size_t' to 'const long', possible loss of data
     1>..\..\..\..\ns_image_server\src\image_acquisition\ns_buffered_capture_scheduler.cpp(690): warning C4244: 'initializing' : conversion from 'ns_64_bit' to 'unsigned long', possible loss of data
     1>C:\server\ns_lifespan_machine_source\ns_image_server\src\statistics\ns_posture_analysis_models.h(50): warning C4244: 'initializing' : conversion from '__int64' to 'const unsigned long', possible loss of data
                 C:\server\ns_lifespan_machine_source\ns_image_server\src\statistics\ns_posture_analysis_models.h(40) : while compiling class template member function 'double ns_emperical_cdf_generator<T>::fraction_values_lower(const double &) const'
                 with
                 [
                     T=double
                 ]
                 C:\server\ns_lifespan_machine_source\ns_image_server\src\statistics\ns_posture_analysis_models.h(129) : see reference to class template instantiation 'ns_emperical_cdf_generator<T>' being compiled
                 with
                 [
                     T=double
                 ]
         ns_capture_device.cpp
     1>C:\Program Files\MySQL\MySQL Connector C 6.0.2\include\config-win.h(24): warning C4005: '_WIN32_WINNT' : macro redefinition
                 command-line arguments :  see previous definition of '_WIN32_WINNT'
     1>c:\server\ns_lifespan_machine_source\ns_image_server\src\ns_image_storage_handler.h(66): warning C4800: 'const unsigned long' : forcing value to bool 'true' or 'false' (performance warning)
     1>C:\server\ns_lifespan_machine_source\ns_image_server\src\image_processing\ns_image_registration.h(117): warning C4267: '+=' : conversion from 'size_t' to 'unsigned long', possible loss of data
     1>..\..\..\..\ns_image_server\src\image_acquisition\ns_capture_device.cpp(509): warning C4244: '=' : conversion from 'const ns_64_bit' to 'unsigned long', possible loss of data
     1>..\..\..\..\ns_image_server\src\image_acquisition\ns_capture_device.cpp(562): warning C4244: '=' : conversion from 'const ns_64_bit' to 'unsigned long', possible loss of data
     1>..\..\..\..\ns_image_server\src\image_acquisition\ns_capture_device.cpp(578): warning C4244: 'argument' : conversion from 'const ns_64_bit' to 'const unsigned int', possible loss of data
     1>..\..\..\..\ns_image_server\src\image_acquisition\ns_capture_device.cpp(584): warning C4244: 'initializing' : conversion from 'ns_64_bit' to 'const unsigned long', possible loss of data
     1>C:\server\ns_lifespan_machine_source\ns_image_server\src\statistics\ns_posture_analysis_models.h(50): warning C4244: 'initializing' : conversion from '__int64' to 'const unsigned long', possible loss of data
                 C:\server\ns_lifespan_machine_source\ns_image_server\src\statistics\ns_posture_analysis_models.h(40) : while compiling class template member function 'double ns_emperical_cdf_generator<T>::fraction_values_lower(const double &) const'
                 with
                 [
                     T=double
                 ]
                 C:\server\ns_lifespan_machine_source\ns_image_server\src\statistics\ns_posture_analysis_models.h(129) : see reference to class template instantiation 'ns_emperical_cdf_generator<T>' being compiled
                 with
                 [
                     T=double
                 ]
     1>C:\server\ns_lifespan_machine_source\ns_image_server\src\image_base\ns_jpeg.h(256): warning C4244: 'argument' : conversion from 'const float' to 'int', possible loss of data
                 C:\server\ns_lifespan_machine_source\ns_image_server\src\image_base\ns_jpeg.h(237) : while compiling class template member function 'void ns_jpeg_image_output_file<ns_component>::start_decompression(const ns_image_properties &)'
                 with
                 [
                     ns_component=ns_16_bit
                 ]
                 C:\server\ns_lifespan_machine_source\ns_image_server\src\image_base\ns_jpeg.h(181) : while compiling class template member function 'void ns_jpeg_image_output_file<ns_component>::open_file(const std::string &,const ns_image_properties &)'
                 with
                 [
                     ns_component=ns_16_bit
                 ]
                 c:\server\ns_lifespan_machine_source\ns_image_server\src\ns_image_storage.h(91) : see reference to class template instantiation 'ns_jpeg_image_output_file<ns_component>' being compiled
                 with
                 [
                     ns_component=ns_16_bit
                 ]
                 C:\server\ns_lifespan_machine_source\ns_image_server\src\ns_image_storage_handler.h(108) : see reference to class template instantiation 'ns_image_storage_reciever_to_disk<ns_component>' being compiled
                 with
                 [
                     ns_component=ns_16_bit
                 ]
                 ..\..\..\..\ns_image_server\src\image_acquisition\ns_capture_device.cpp(178) : see reference to function template instantiation 'ns_image_storage_reciever_handle<ns_component> ns_image_storage_handler::request_volatile_storage<ns_component>(const std::string &,const unsigned long,const bool)' being compiled
                 with
                 [
                     ns_component=ns_16_bit
                 ]
                 ..\..\..\..\ns_image_server\src\image_acquisition\ns_capture_device.cpp(157) : while compiling class template member function 'void ns_output_simulated_scan_image<ns_component>::create(const std::string &)'
                 with
                 [
                     ns_component=ns_16_bit
                 ]
                 ..\..\..\..\ns_image_server\src\image_acquisition\ns_capture_device.cpp(205) : see reference to class template instantiation 'ns_output_simulated_scan_image<ns_component>' being compiled
                 with
                 [
                     ns_component=ns_16_bit
                 ]
     1>C:\server\ns_lifespan_machine_source\ns_image_server\src\image_base\ns_jpeg.h(256): warning C4244: 'argument' : conversion from 'const float' to 'int', possible loss of data
                 C:\server\ns_lifespan_machine_source\ns_image_server\src\image_base\ns_jpeg.h(237) : while compiling class template member function 'void ns_jpeg_image_output_file<ns_component>::start_decompression(const ns_image_properties &)'
                 with
                 [
                     ns_component=ns_8_bit
                 ]
                 C:\server\ns_lifespan_machine_source\ns_image_server\src\image_base\ns_jpeg.h(181) : while compiling class template member function 'void ns_jpeg_image_output_file<ns_component>::open_file(const std::string &,const ns_image_properties &)'
                 with
                 [
                     ns_component=ns_8_bit
                 ]
                 c:\server\ns_lifespan_machine_source\ns_image_server\src\ns_image_storage.h(91) : see reference to class template instantiation 'ns_jpeg_image_output_file<ns_component>' being compiled
                 with
                 [
                     ns_component=ns_8_bit
                 ]
                 C:\server\ns_lifespan_machine_source\ns_image_server\src\ns_image_storage_handler.h(108) : see reference to class template instantiation 'ns_image_storage_reciever_to_disk<ns_component>' being compiled
                 with
                 [
                     ns_component=ns_8_bit
                 ]
                 ..\..\..\..\ns_image_server\src\image_acquisition\ns_capture_device.cpp(178) : see reference to function template instantiation 'ns_image_storage_reciever_handle<ns_component> ns_image_storage_handler::request_volatile_storage<ns_component>(const std::string &,const unsigned long,const bool)' being compiled
                 with
                 [
                     ns_component=ns_image_storage_handler::ns_component
                 ]
                 ..\..\..\..\ns_image_server\src\image_acquisition\ns_capture_device.cpp(157) : while compiling class template member function 'void ns_output_simulated_scan_image<ns_component>::create(const std::string &)'
                 with
                 [
                     ns_component=ns_8_bit
                 ]
                 ..\..\..\..\ns_image_server\src\image_acquisition\ns_capture_device.cpp(206) : see reference to class template instantiation 'ns_output_simulated_scan_image<ns_component>' being compiled
                 with
                 [
                     ns_component=ns_8_bit
                 ]
         ns_capture_schedule.cpp
     1>C:\Program Files\MySQL\MySQL Connector C 6.0.2\include\config-win.h(24): warning C4005: '_WIN32_WINNT' : macro redefinition
                 command-line arguments :  see previous definition of '_WIN32_WINNT'
     1>c:\server\ns_lifespan_machine_source\ns_image_server\src\ns_image_storage_handler.h(66): warning C4800: 'const unsigned long' : forcing value to bool 'true' or 'false' (performance warning)
     1>c:\server\ns_lifespan_machine_source\ns_image_server\src\image_processing\ns_image_registration.h(117): warning C4267: '+=' : conversion from 'size_t' to 'unsigned long', possible loss of data
     1>..\..\..\..\ns_image_server\src\image_acquisition\ns_capture_schedule.cpp(104): warning C4244: '=' : conversion from 'ns_64_bit' to 'unsigned long', possible loss of data
     1>..\..\..\..\ns_image_server\src\image_acquisition\ns_capture_schedule.cpp(599): warning C4267: 'initializing' : conversion from 'size_t' to 'long', possible loss of data
     1>..\..\..\..\ns_image_server\src\image_acquisition\ns_capture_schedule.cpp(622): warning C4267: 'initializing' : conversion from 'size_t' to 'long', possible loss of data
     1>C:\server\ns_lifespan_machine_source\ns_image_server\src\statistics\ns_posture_analysis_models.h(50): warning C4244: 'initializing' : conversion from '__int64' to 'const unsigned long', possible loss of data
                 C:\server\ns_lifespan_machine_source\ns_image_server\src\statistics\ns_posture_analysis_models.h(40) : while compiling class template member function 'double ns_emperical_cdf_generator<T>::fraction_values_lower(const double &) const'
                 with
                 [
                     T=double
                 ]
                 C:\server\ns_lifespan_machine_source\ns_image_server\src\statistics\ns_posture_analysis_models.h(129) : see reference to class template instantiation 'ns_emperical_cdf_generator<T>' being compiled
                 with
                 [
                     T=double
                 ]
         ns_image_capture_data_manager.cpp
     1>C:\Program Files\MySQL\MySQL Connector C 6.0.2\include\config-win.h(24): warning C4005: '_WIN32_WINNT' : macro redefinition
                 command-line arguments :  see previous definition of '_WIN32_WINNT'
     1>C:\server\ns_lifespan_machine_source\ns_image_server\src\ns_image_storage_handler.h(66): warning C4800: 'const unsigned long' : forcing value to bool 'true' or 'false' (performance warning)
     1>C:\server\ns_lifespan_machine_source\ns_image_server\src\image_processing\ns_image_registration.h(117): warning C4267: '+=' : conversion from 'size_t' to 'unsigned long', possible loss of data
     1>..\..\..\..\ns_image_server\src\image_acquisition\ns_image_capture_data_manager.cpp(132): warning C4244: 'argument' : conversion from 'ns_64_bit' to 'const unsigned long', possible loss of data
     1>..\..\..\..\ns_image_server\src\image_acquisition\ns_image_capture_data_manager.cpp(205): warning C4244: 'argument' : conversion from 'ns_64_bit' to 'const unsigned long', possible loss of data
     1>C:\server\ns_lifespan_machine_source\ns_image_server\src\statistics\ns_posture_analysis_models.h(50): warning C4244: 'initializing' : conversion from '__int64' to 'const unsigned long', possible loss of data
                 C:\server\ns_lifespan_machine_source\ns_image_server\src\statistics\ns_posture_analysis_models.h(40) : while compiling class template member function 'double ns_emperical_cdf_generator<T>::fraction_values_lower(const double &) const'
                 with
                 [
                     T=double
                 ]
                 C:\server\ns_lifespan_machine_source\ns_image_server\src\statistics\ns_posture_analysis_models.h(129) : see reference to class template instantiation 'ns_emperical_cdf_generator<T>' being compiled
                 with
                 [
                     T=double
                 ]
     1>c:\server\ns_lifespan_machine_source\ns_image_server\src\image_processing\ns_resampler.h(61): warning C4305: '=' : truncation from 'double' to 'float'
                 c:\server\ns_lifespan_machine_source\ns_image_server\src\image_processing\ns_resampler.h(35) : while compiling class template member function 'bool ns_resampler<ns_component>::init(const ns_image_properties &)'
                 with
                 [
                     ns_component=ns_8_bit
                 ]
                 C:\server\ns_lifespan_machine_source\ns_image_server\src\image_processing\ns_process_16_bit_images.h(164) : see reference to class template instantiation 'ns_resampler<ns_component>' being compiled
                 with
                 [
                     ns_component=ns_8_bit
                 ]
                 C:\server\ns_lifespan_machine_source\ns_image_server\src\image_processing\ns_process_16_bit_images.h(170) : see reference to class template instantiation 'ns_image_process_16_bit<features,storage_buffer>' being compiled
         ns_image_server_alerts.cpp
     1>C:\Program Files\MySQL\MySQL Connector C 6.0.2\include\config-win.h(24): warning C4005: '_WIN32_WINNT' : macro redefinition
                 command-line arguments :  see previous definition of '_WIN32_WINNT'
     1>c:\server\ns_lifespan_machine_source\ns_image_server\src\ns_image_storage_handler.h(66): warning C4800: 'const unsigned long' : forcing value to bool 'true' or 'false' (performance warning)
     1>C:\server\ns_lifespan_machine_source\ns_image_server\src\image_processing\ns_image_registration.h(117): warning C4267: '+=' : conversion from 'size_t' to 'unsigned long', possible loss of data
     1>C:\server\ns_lifespan_machine_source\ns_image_server\src\statistics\ns_posture_analysis_models.h(50): warning C4244: 'initializing' : conversion from '__int64' to 'const unsigned long', possible loss of data
                 C:\server\ns_lifespan_machine_source\ns_image_server\src\statistics\ns_posture_analysis_models.h(40) : while compiling class template member function 'double ns_emperical_cdf_generator<T>::fraction_values_lower(const double &) const'
                 with
                 [
                     T=double
                 ]
                 C:\server\ns_lifespan_machine_source\ns_image_server\src\statistics\ns_posture_analysis_models.h(129) : see reference to class template instantiation 'ns_emperical_cdf_generator<T>' being compiled
                 with
                 [
                     T=double
                 ]
         ns_image_server_dispatcher.cpp
     1>C:\Program Files\MySQL\MySQL Connector C 6.0.2\include\config-win.h(24): warning C4005: '_WIN32_WINNT' : macro redefinition
                 command-line arguments :  see previous definition of '_WIN32_WINNT'
     1>c:\server\ns_lifespan_machine_source\ns_image_server\src\ns_image_storage_handler.h(66): warning C4800: 'const unsigned long' : forcing value to bool 'true' or 'false' (performance warning)
     1>C:\server\ns_lifespan_machine_source\ns_image_server\src\image_processing\ns_image_registration.h(117): warning C4267: '+=' : conversion from 'size_t' to 'unsigned long', possible loss of data
     1>C:\server\ns_lifespan_machine_source\ns_image_server\src\statistics\ns_posture_analysis_models.h(50): warning C4244: 'initializing' : conversion from '__int64' to 'const unsigned long', possible loss of data
                 C:\server\ns_lifespan_machine_source\ns_image_server\src\statistics\ns_posture_analysis_models.h(40) : while compiling class template member function 'double ns_emperical_cdf_generator<T>::fraction_values_lower(const double &) const'
                 with
                 [
                     T=double
                 ]
                 C:\server\ns_lifespan_machine_source\ns_image_server\src\statistics\ns_posture_analysis_models.h(129) : see reference to class template instantiation 'ns_emperical_cdf_generator<T>' being compiled
                 with
                 [
                     T=double
                 ]
