This file contains any messages produced by compilers while
running configure, to aid debugging if configure makes a mistake.

It was created by sane-backends configure 1.0.27, which was
generated by GNU Autoconf 2.69.  Invocation command line was

  $ ./configure BACKENDS=epson2 RELOADABLE_BACKENDS=epson2

## --------- ##
## Platform. ##
## --------- ##

hostname = Alberts
uname -m = x86_64
uname -r = 3.10.0-514.26.1.el7.x86_64
uname -s = Linux
uname -v = #1 SMP Wed Jun 28 15:10:01 CDT 2017

/usr/bin/uname -p = x86_64
/bin/uname -X     = unknown

/bin/arch              = x86_64
/usr/bin/arch -k       = unknown
/usr/convex/getsysinfo = unknown
/usr/bin/hostinfo      = unknown
/bin/machine           = unknown
/usr/bin/oslevel       = unknown
/bin/universe          = unknown

PATH: /root/perl5/bin
PATH: /usr/lib64/qt-3.3/bin
PATH: /home/image_server/perl5/bin
PATH: /usr/local/bin
PATH: /usr/local/sbin
PATH: /usr/bin
PATH: /usr/sbin
PATH: /bin
PATH: /sbin
PATH: /home/image_server/.local/bin
PATH: /home/image_server/bin


## ----------- ##
## Core tests. ##
## ----------- ##

configure:2692: checking for a BSD-compatible install
configure:2760: result: /usr/bin/install -c
configure:2771: checking whether build environment is sane
configure:2826: result: yes
configure:2977: checking for a thread-safe mkdir -p
configure:3016: result: /usr/bin/mkdir -p
configure:3023: checking for gawk
configure:3039: found /usr/bin/gawk
configure:3050: result: gawk
configure:3061: checking whether make sets $(MAKE)
configure:3083: result: yes
configure:3112: checking whether make supports nested variables
configure:3129: result: yes
configure:3265: checking whether make supports nested variables
configure:3282: result: yes
configure:3294: checking whether to enable maintainer-specific portions of Makefiles
configure:3303: result: no
configure:3437: checking for gcc
configure:3453: found /usr/bin/gcc
configure:3464: result: gcc
configure:3693: checking for C compiler version
configure:3702: gcc --version >&5
gcc (GCC) 4.8.5 20150623 (Red Hat 4.8.5-11)
Copyright (C) 2015 Free Software Foundation, Inc.
This is free software; see the source for copying conditions.  There is NO
warranty; not even for MERCHANTABILITY or FITNESS FOR A PARTICULAR PURPOSE.

configure:3713: $? = 0
configure:3702: gcc -v >&5
Using built-in specs.
COLLECT_GCC=gcc
COLLECT_LTO_WRAPPER=/usr/libexec/gcc/x86_64-redhat-linux/4.8.5/lto-wrapper
Target: x86_64-redhat-linux
Configured with: ../configure --prefix=/usr --mandir=/usr/share/man --infodir=/usr/share/info --with-bugurl=http://bugzilla.redhat.com/bugzilla --enable-bootstrap --enable-shared --enable-threads=posix --enable-checking=release --with-system-zlib --enable-__cxa_atexit --disable-libunwind-exceptions --enable-gnu-unique-object --enable-linker-build-id --with-linker-hash-style=gnu --enable-languages=c,c++,objc,obj-c++,java,fortran,ada,go,lto --enable-plugin --enable-initfini-array --disable-libgcj --with-isl=/builddir/build/BUILD/gcc-4.8.5-20150702/obj-x86_64-redhat-linux/isl-install --with-cloog=/builddir/build/BUILD/gcc-4.8.5-20150702/obj-x86_64-redhat-linux/cloog-install --enable-gnu-indirect-function --with-tune=generic --with-arch_32=x86-64 --build=x86_64-redhat-linux
Thread model: posix
gcc version 4.8.5 20150623 (Red Hat 4.8.5-11) (GCC) 
configure:3713: $? = 0
configure:3702: gcc -V >&5
gcc: error: unrecognized command line option '-V'
gcc: fatal error: no input files
compilation terminated.
configure:3713: $? = 4
configure:3702: gcc -qversion >&5
gcc: error: unrecognized command line option '-qversion'
gcc: fatal error: no input files
compilation terminated.
configure:3713: $? = 4
configure:3733: checking whether the C compiler works
configure:3755: gcc    conftest.c  >&5
configure:3759: $? = 0
configure:3807: result: yes
configure:3810: checking for C compiler default output file name
configure:3812: result: a.out
configure:3818: checking for suffix of executables
configure:3825: gcc -o conftest    conftest.c  >&5
configure:3829: $? = 0
configure:3851: result: 
configure:3873: checking whether we are cross compiling
configure:3881: gcc -o conftest    conftest.c  >&5
configure:3885: $? = 0
configure:3892: ./conftest
configure:3896: $? = 0
configure:3911: result: no
configure:3916: checking for suffix of object files
configure:3938: gcc -c   conftest.c >&5
configure:3942: $? = 0
configure:3963: result: o
configure:3967: checking whether we are using the GNU C compiler
configure:3986: gcc -c   conftest.c >&5
configure:3986: $? = 0
configure:3995: result: yes
configure:4004: checking whether gcc accepts -g
configure:4024: gcc -c -g  conftest.c >&5
configure:4024: $? = 0
configure:4065: result: yes
configure:4082: checking for gcc option to accept ISO C89
configure:4145: gcc  -c -g -O2  conftest.c >&5
configure:4145: $? = 0
configure:4158: result: none needed
configure:4183: checking whether gcc understands -c and -o together
configure:4205: gcc -c conftest.c -o conftest2.o
configure:4208: $? = 0
configure:4205: gcc -c conftest.c -o conftest2.o
configure:4208: $? = 0
configure:4220: result: yes
configure:4248: checking for style of include used by make
configure:4276: result: GNU
configure:4302: checking dependency style of gcc
configure:4413: result: gcc3
configure:4430: checking for gcc option to accept ISO C99
configure:4579: gcc  -c -g -O2  conftest.c >&5
conftest.c:64:29: error: expected ';', ',' or ')' before 'text'
 test_restrict (ccp restrict text)
                             ^
conftest.c: In function 'main':
conftest.c:118:18: error: expected '=', ',', ';', 'asm' or '__attribute__' before 'newvar'
   char *restrict newvar = "Another string";
                  ^
conftest.c:118:18: error: 'newvar' undeclared (first use in this function)
conftest.c:118:18: note: each undeclared identifier is reported only once for each function it appears in
conftest.c:128:3: error: 'for' loop initial declarations are only allowed in C99 mode
   for (int i = 0; i < ia->datasize; ++i)
   ^
conftest.c:128:3: note: use option -std=c99 or -std=gnu99 to compile your code
configure:4579: $? = 1
configure: failed program was:
| /* confdefs.h */
| #define PACKAGE_NAME "sane-backends"
| #define PACKAGE_TARNAME "sane-backends"
| #define PACKAGE_VERSION "1.0.27"
| #define PACKAGE_STRING "sane-backends 1.0.27"
| #define PACKAGE_BUGREPORT "sane-devel@lists.alioth.debian.org"
| #define PACKAGE_URL ""
| #define PACKAGE "sane-backends"
| #define VERSION "1.0.27"
| #define SANE_DLL_V_MAJOR 1
| #define SANE_DLL_V_MINOR 0
| #define SANE_DLL_V_BUILD 27
| /* end confdefs.h.  */
| #include <stdarg.h>
| #include <stdbool.h>
| #include <stdlib.h>
| #include <wchar.h>
| #include <stdio.h>
| 
| // Check varargs macros.  These examples are taken from C99 6.10.3.5.
| #define debug(...) fprintf (stderr, __VA_ARGS__)
| #define showlist(...) puts (#__VA_ARGS__)
| #define report(test,...) ((test) ? puts (#test) : printf (__VA_ARGS__))
| static void
| test_varargs_macros (void)
| {
|   int x = 1234;
|   int y = 5678;
|   debug ("Flag");
|   debug ("X = %d\n", x);
|   showlist (The first, second, and third items.);
|   report (x>y, "x is %d but y is %d", x, y);
| }
| 
| // Check long long types.
| #define BIG64 18446744073709551615ull
| #define BIG32 4294967295ul
| #define BIG_OK (BIG64 / BIG32 == 4294967297ull && BIG64 % BIG32 == 0)
| #if !BIG_OK
|   your preprocessor is broken;
| #endif
| #if BIG_OK
| #else
|   your preprocessor is broken;
| #endif
| static long long int bignum = -9223372036854775807LL;
| static unsigned long long int ubignum = BIG64;
| 
| struct incomplete_array
| {
|   int datasize;
|   double data[];
| };
| 
| struct named_init {
|   int number;
|   const wchar_t *name;
|   double average;
| };
| 
| typedef const char *ccp;
| 
| static inline int
| test_restrict (ccp restrict text)
| {
|   // See if C++-style comments work.
|   // Iterate through items via the restricted pointer.
|   // Also check for declarations in for loops.
|   for (unsigned int i = 0; *(text+i) != '\0'; ++i)
|     continue;
|   return 0;
| }
| 
| // Check varargs and va_copy.
| static void
| test_varargs (const char *format, ...)
| {
|   va_list args;
|   va_start (args, format);
|   va_list args_copy;
|   va_copy (args_copy, args);
| 
|   const char *str;
|   int number;
|   float fnumber;
| 
|   while (*format)
|     {
|       switch (*format++)
| 	{
| 	case 's': // string
| 	  str = va_arg (args_copy, const char *);
| 	  break;
| 	case 'd': // int
| 	  number = va_arg (args_copy, int);
| 	  break;
| 	case 'f': // float
| 	  fnumber = va_arg (args_copy, double);
| 	  break;
| 	default:
| 	  break;
| 	}
|     }
|   va_end (args_copy);
|   va_end (args);
| }
| 
| int
| main ()
| {
| 
|   // Check bool.
|   _Bool success = false;
| 
|   // Check restrict.
|   if (test_restrict ("String literal") == 0)
|     success = true;
|   char *restrict newvar = "Another string";
| 
|   // Check varargs.
|   test_varargs ("s, d' f .", "string", 65, 34.234);
|   test_varargs_macros ();
| 
|   // Check flexible array members.
|   struct incomplete_array *ia =
|     malloc (sizeof (struct incomplete_array) + (sizeof (double) * 10));
|   ia->datasize = 10;
|   for (int i = 0; i < ia->datasize; ++i)
|     ia->data[i] = i * 1.234;
| 
|   // Check named initializers.
|   struct named_init ni = {
|     .number = 34,
|     .name = L"Test wide string",
|     .average = 543.34343,
|   };
| 
|   ni.number = 58;
| 
|   int dynamic_array[ni.number];
|   dynamic_array[ni.number - 1] = 543;
| 
|   // work around unused variable warnings
|   return (!success || bignum == 0LL || ubignum == 0uLL || newvar[0] == 'x'
| 	  || dynamic_array[ni.number - 1] != 543);
| 
|   ;
|   return 0;
| }
configure:4579: gcc -std=gnu99 -c -g -O2  conftest.c >&5
configure:4579: $? = 0
configure:4599: result: -std=gnu99
configure:4607: checking for gcc option for ISO C99 w/o extensions
configure:4621: result: -std=c99
configure:4633: checking how to run the C preprocessor
configure:4664: gcc -std=c99 -E  conftest.c
configure:4664: $? = 0
configure:4678: gcc -std=c99 -E  conftest.c
conftest.c:14:28: fatal error: ac_nonexistent.h: No such file or directory
 #include <ac_nonexistent.h>
                            ^
compilation terminated.
configure:4678: $? = 1
configure: failed program was:
| /* confdefs.h */
| #define PACKAGE_NAME "sane-backends"
| #define PACKAGE_TARNAME "sane-backends"
| #define PACKAGE_VERSION "1.0.27"
| #define PACKAGE_STRING "sane-backends 1.0.27"
| #define PACKAGE_BUGREPORT "sane-devel@lists.alioth.debian.org"
| #define PACKAGE_URL ""
| #define PACKAGE "sane-backends"
| #define VERSION "1.0.27"
| #define SANE_DLL_V_MAJOR 1
| #define SANE_DLL_V_MINOR 0
| #define SANE_DLL_V_BUILD 27
| /* end confdefs.h.  */
| #include <ac_nonexistent.h>
configure:4703: result: gcc -std=c99 -E
configure:4723: gcc -std=c99 -E  conftest.c
configure:4723: $? = 0
configure:4737: gcc -std=c99 -E  conftest.c
conftest.c:14:28: fatal error: ac_nonexistent.h: No such file or directory
 #include <ac_nonexistent.h>
                            ^
compilation terminated.
configure:4737: $? = 1
configure: failed program was:
| /* confdefs.h */
| #define PACKAGE_NAME "sane-backends"
| #define PACKAGE_TARNAME "sane-backends"
| #define PACKAGE_VERSION "1.0.27"
| #define PACKAGE_STRING "sane-backends 1.0.27"
| #define PACKAGE_BUGREPORT "sane-devel@lists.alioth.debian.org"
| #define PACKAGE_URL ""
| #define PACKAGE "sane-backends"
| #define VERSION "1.0.27"
| #define SANE_DLL_V_MAJOR 1
| #define SANE_DLL_V_MINOR 0
| #define SANE_DLL_V_BUILD 27
| /* end confdefs.h.  */
| #include <ac_nonexistent.h>
configure:4766: checking for grep that handles long lines and -e
configure:4824: result: /usr/bin/grep
configure:4829: checking for egrep
configure:4891: result: /usr/bin/grep -E
configure:4897: checking whether gcc -std=c99 needs -traditional
configure:4931: result: no
configure:4938: checking for ANSI C header files
configure:4958: gcc -std=c99 -c -g -O2  conftest.c >&5
configure:4958: $? = 0
configure:5031: gcc -std=c99 -o conftest -g -O2   conftest.c  >&5
configure:5031: $? = 0
configure:5031: ./conftest
configure:5031: $? = 0
configure:5042: result: yes
configure:5055: checking for sys/types.h
configure:5055: gcc -std=c99 -c -g -O2  conftest.c >&5
configure:5055: $? = 0
configure:5055: result: yes
configure:5055: checking for sys/stat.h
configure:5055: gcc -std=c99 -c -g -O2  conftest.c >&5
configure:5055: $? = 0
configure:5055: result: yes
configure:5055: checking for stdlib.h
configure:5055: gcc -std=c99 -c -g -O2  conftest.c >&5
configure:5055: $? = 0
configure:5055: result: yes
configure:5055: checking for string.h
configure:5055: gcc -std=c99 -c -g -O2  conftest.c >&5
configure:5055: $? = 0
configure:5055: result: yes
configure:5055: checking for memory.h
configure:5055: gcc -std=c99 -c -g -O2  conftest.c >&5
configure:5055: $? = 0
configure:5055: result: yes
configure:5055: checking for strings.h
configure:5055: gcc -std=c99 -c -g -O2  conftest.c >&5
configure:5055: $? = 0
configure:5055: result: yes
configure:5055: checking for inttypes.h
configure:5055: gcc -std=c99 -c -g -O2  conftest.c >&5
configure:5055: $? = 0
configure:5055: result: yes
configure:5055: checking for stdint.h
configure:5055: gcc -std=c99 -c -g -O2  conftest.c >&5
configure:5055: $? = 0
configure:5055: result: yes
configure:5055: checking for unistd.h
configure:5055: gcc -std=c99 -c -g -O2  conftest.c >&5
configure:5055: $? = 0
configure:5055: result: yes
configure:5068: checking minix/config.h usability
configure:5068: gcc -std=c99 -c -g -O2  conftest.c >&5
conftest.c:57:26: fatal error: minix/config.h: No such file or directory
 #include <minix/config.h>
                          ^
compilation terminated.
configure:5068: $? = 1
configure: failed program was:
| /* confdefs.h */
| #define PACKAGE_NAME "sane-backends"
| #define PACKAGE_TARNAME "sane-backends"
| #define PACKAGE_VERSION "1.0.27"
| #define PACKAGE_STRING "sane-backends 1.0.27"
| #define PACKAGE_BUGREPORT "sane-devel@lists.alioth.debian.org"
| #define PACKAGE_URL ""
| #define PACKAGE "sane-backends"
| #define VERSION "1.0.27"
| #define SANE_DLL_V_MAJOR 1
| #define SANE_DLL_V_MINOR 0
| #define SANE_DLL_V_BUILD 27
| #define STDC_HEADERS 1
| #define HAVE_SYS_TYPES_H 1
| #define HAVE_SYS_STAT_H 1
| #define HAVE_STDLIB_H 1
| #define HAVE_STRING_H 1
| #define HAVE_MEMORY_H 1
| #define HAVE_STRINGS_H 1
| #define HAVE_INTTYPES_H 1
| #define HAVE_STDINT_H 1
| #define HAVE_UNISTD_H 1
| /* end confdefs.h.  */
| #include <stdio.h>
| #ifdef HAVE_SYS_TYPES_H
| # include <sys/types.h>
| #endif
| #ifdef HAVE_SYS_STAT_H
| # include <sys/stat.h>
| #endif
| #ifdef STDC_HEADERS
| # include <stdlib.h>
| # include <stddef.h>
| #else
| # ifdef HAVE_STDLIB_H
| #  include <stdlib.h>
| # endif
| #endif
| #ifdef HAVE_STRING_H
| # if !defined STDC_HEADERS && defined HAVE_MEMORY_H
| #  include <memory.h>
| # endif
| # include <string.h>
| #endif
| #ifdef HAVE_STRINGS_H
| # include <strings.h>
| #endif
| #ifdef HAVE_INTTYPES_H
| # include <inttypes.h>
| #endif
| #ifdef HAVE_STDINT_H
| # include <stdint.h>
| #endif
| #ifdef HAVE_UNISTD_H
| # include <unistd.h>
| #endif
| #include <minix/config.h>
configure:5068: result: no
configure:5068: checking minix/config.h presence
configure:5068: gcc -std=c99 -E  conftest.c
conftest.c:24:26: fatal error: minix/config.h: No such file or directory
 #include <minix/config.h>
                          ^
compilation terminated.
configure:5068: $? = 1
configure: failed program was:
| /* confdefs.h */
| #define PACKAGE_NAME "sane-backends"
| #define PACKAGE_TARNAME "sane-backends"
| #define PACKAGE_VERSION "1.0.27"
| #define PACKAGE_STRING "sane-backends 1.0.27"
| #define PACKAGE_BUGREPORT "sane-devel@lists.alioth.debian.org"
| #define PACKAGE_URL ""
| #define PACKAGE "sane-backends"
| #define VERSION "1.0.27"
| #define SANE_DLL_V_MAJOR 1
| #define SANE_DLL_V_MINOR 0
| #define SANE_DLL_V_BUILD 27
| #define STDC_HEADERS 1
| #define HAVE_SYS_TYPES_H 1
| #define HAVE_SYS_STAT_H 1
| #define HAVE_STDLIB_H 1
| #define HAVE_STRING_H 1
| #define HAVE_MEMORY_H 1
| #define HAVE_STRINGS_H 1
| #define HAVE_INTTYPES_H 1
| #define HAVE_STDINT_H 1
| #define HAVE_UNISTD_H 1
| /* end confdefs.h.  */
| #include <minix/config.h>
configure:5068: result: no
configure:5068: checking for minix/config.h
configure:5068: result: no
configure:5089: checking whether it is safe to define __EXTENSIONS__
configure:5107: gcc -std=c99 -c -g -O2  conftest.c >&5
configure:5107: $? = 0
configure:5114: result: yes
configure:5177: checking for ar
configure:5193: found /usr/bin/ar
configure:5204: result: ar
configure:5230: checking the archiver (ar) interface
configure:5246: gcc -std=c99 -c -g -O2  conftest.c >&5
configure:5246: $? = 0
configure:5248: ar cru libconftest.a conftest.o >&5
configure:5251: $? = 0
configure:5279: result: ar
configure:5328: checking build system type
configure:5342: result: x86_64-pc-linux-gnu
configure:5362: checking host system type
configure:5375: result: x86_64-pc-linux-gnu
configure:5416: checking how to print strings
configure:5443: result: printf
configure:5464: checking for a sed that does not truncate output
configure:5528: result: /usr/bin/sed
configure:5546: checking for fgrep
configure:5608: result: /usr/bin/grep -F
configure:5643: checking for ld used by gcc -std=c99
configure:5710: result: /usr/bin/ld
configure:5717: checking if the linker (/usr/bin/ld) is GNU ld
configure:5732: result: yes
configure:5744: checking for BSD- or MS-compatible name lister (nm)
configure:5793: result: /usr/bin/nm -B
configure:5923: checking the name lister (/usr/bin/nm -B) interface
configure:5930: gcc -std=c99 -c -g -O2  conftest.c >&5
configure:5933: /usr/bin/nm -B "conftest.o"
configure:5936: output
0000000000000000 B some_variable
configure:5943: result: BSD nm
configure:5946: checking whether ln -s works
configure:5950: result: yes
configure:5958: checking the maximum length of command line arguments
configure:6089: result: 1572864
configure:6106: checking whether the shell understands some XSI constructs
configure:6116: result: yes
configure:6120: checking whether the shell understands "+="
configure:6126: result: yes
configure:6161: checking how to convert x86_64-pc-linux-gnu file names to x86_64-pc-linux-gnu format
configure:6201: result: func_convert_file_noop
configure:6208: checking how to convert x86_64-pc-linux-gnu file names to toolchain format
configure:6228: result: func_convert_file_noop
configure:6235: checking for /usr/bin/ld option to reload object files
configure:6242: result: -r
configure:6316: checking for objdump
configure:6332: found /usr/bin/objdump
configure:6343: result: objdump
configure:6372: checking how to recognize dependent libraries
configure:6570: result: pass_all
configure:6655: checking for dlltool
configure:6685: result: no
configure:6712: checking how to associate runtime and link libraries
configure:6739: result: printf %s\n
configure:6863: checking for archiver @FILE support
configure:6880: gcc -std=c99 -c -g -O2  conftest.c >&5
configure:6880: $? = 0
configure:6883: ar cru libconftest.a @conftest.lst >&5
configure:6886: $? = 0
configure:6891: ar cru libconftest.a @conftest.lst >&5
ar: conftest.o: No such file or directory
configure:6894: $? = 1
configure:6906: result: @
configure:6964: checking for strip
configure:6980: found /usr/bin/strip
configure:6991: result: strip
configure:7063: checking for ranlib
configure:7079: found /usr/bin/ranlib
configure:7090: result: ranlib
configure:7192: checking command to parse /usr/bin/nm -B output from gcc -std=c99 object
configure:7312: gcc -std=c99 -c -g -O2  conftest.c >&5
configure:7315: $? = 0
configure:7319: /usr/bin/nm -B conftest.o \| sed -n -e 's/^.*[ ]\([ABCDGIRSTW][ABCDGIRSTW]*\)[ ][ ]*\([_A-Za-z][_A-Za-z0-9]*\)$/\1 \2 \2/p' | sed '/ __gnu_lto/d' \> conftest.nm
configure:7322: $? = 0
configure:7388: gcc -std=c99 -o conftest -g -O2   conftest.c conftstm.o >&5
configure:7391: $? = 0
configure:7429: result: ok
configure:7466: checking for sysroot
configure:7496: result: no
configure:7573: gcc -std=c99 -c -g -O2  conftest.c >&5
configure:7576: $? = 0
configure:7765: checking for mt
configure:7795: result: no
configure:7815: checking if : is a manifest tool
configure:7821: : '-?'
configure:7829: result: no
configure:8468: checking for dlfcn.h
configure:8468: gcc -std=c99 -c -g -O2  conftest.c >&5
configure:8468: $? = 0
configure:8468: result: yes
configure:8971: checking for objdir
configure:8986: result: .libs
configure:9257: checking if gcc -std=c99 supports -fno-rtti -fno-exceptions
configure:9275: gcc -std=c99 -c -g -O2  -fno-rtti -fno-exceptions conftest.c >&5
cc1: warning: command line option '-fno-rtti' is valid for C++/ObjC++ but not for C [enabled by default]
configure:9279: $? = 0
configure:9292: result: no
configure:9619: checking for gcc -std=c99 option to produce PIC
configure:9626: result: -fPIC -DPIC
configure:9634: checking if gcc -std=c99 PIC flag -fPIC -DPIC works
configure:9652: gcc -std=c99 -c -g -O2  -fPIC -DPIC -DPIC conftest.c >&5
configure:9656: $? = 0
configure:9669: result: yes
configure:9698: checking if gcc -std=c99 static flag -static works
configure:9726: result: no
configure:9741: checking if gcc -std=c99 supports -c -o file.o
configure:9762: gcc -std=c99 -c -g -O2  -o out/conftest2.o conftest.c >&5
configure:9766: $? = 0
configure:9788: result: yes
configure:9796: checking if gcc -std=c99 supports -c -o file.o
configure:9843: result: yes
configure:9876: checking whether the gcc -std=c99 linker (/usr/bin/ld -m elf_x86_64) supports shared libraries
configure:11033: result: yes
configure:11070: checking whether -lc should be explicitly linked in
configure:11078: gcc -std=c99 -c -g -O2  conftest.c >&5
configure:11081: $? = 0
configure:11096: gcc -std=c99 -shared  -fPIC -DPIC conftest.o  -v -Wl,-soname -Wl,conftest -o conftest 2\>\&1 \| /usr/bin/grep  -lc  \>/dev/null 2\>\&1
configure:11099: $? = 0
configure:11113: result: no
configure:11273: checking dynamic linker characteristics
configure:11773: gcc -std=c99 -o conftest -g -O2   -Wl,-rpath -Wl,/foo conftest.c  >&5
configure:11773: $? = 0
configure:12007: result: GNU/Linux ld.so
configure:12114: checking how to hardcode library paths into programs
configure:12139: result: immediate
configure:12679: checking whether stripping libraries is possible
configure:12684: result: yes
configure:12719: checking if libtool supports shared libraries
configure:12721: result: yes
configure:12724: checking whether to build shared libraries
configure:12745: result: yes
configure:12748: checking whether to build static libraries
configure:12752: result: no
configure:12799: checking whether NLS is requested
configure:12808: result: yes
configure:12849: checking for msgfmt
configure: trying /usr/bin/msgfmt...
0 translated messages.
configure:12881: result: /usr/bin/msgfmt
configure:12890: checking for gmsgfmt
configure:12921: result: /usr/bin/msgfmt
configure:12972: checking for xgettext
configure: trying /usr/bin/xgettext...
/usr/bin/xgettext: warning: file '/dev/null' extension '' is unknown; will try C
configure:13004: result: /usr/bin/xgettext
configure:13050: checking for msgmerge
configure: trying /usr/bin/msgmerge...
configure:13081: result: /usr/bin/msgmerge
configure:13138: checking for ld used by GCC
configure:13202: result: /usr/bin/ld -m elf_x86_64
configure:13209: checking if the linker (/usr/bin/ld -m elf_x86_64) is GNU ld
configure:13222: result: yes
configure:13229: checking for shared library run path origin
configure:13242: result: done
configure:13814: checking for CFPreferencesCopyAppValue

## ---------------- ##
## Cache variables. ##
## ---------------- ##

ac_cv_build=x86_64-pc-linux-gnu
ac_cv_c_compiler_gnu=yes
ac_cv_env_AVAHI_CFLAGS_set=
ac_cv_env_AVAHI_CFLAGS_value=
ac_cv_env_AVAHI_LIBS_set=
ac_cv_env_AVAHI_LIBS_value=
ac_cv_env_BACKENDS_set=set
ac_cv_env_BACKENDS_value=epson2
ac_cv_env_CC_set=
ac_cv_env_CC_value=
ac_cv_env_CFLAGS_set=
ac_cv_env_CFLAGS_value=
ac_cv_env_CPPFLAGS_set=
ac_cv_env_CPPFLAGS_value=
ac_cv_env_CPP_set=
ac_cv_env_CPP_value=
ac_cv_env_LDFLAGS_set=
ac_cv_env_LDFLAGS_value=
ac_cv_env_LIBS_set=
ac_cv_env_LIBS_value=
ac_cv_env_LIBV4L_CFLAGS_set=
ac_cv_env_LIBV4L_CFLAGS_value=
ac_cv_env_LIBV4L_LIBS_set=
ac_cv_env_LIBV4L_LIBS_value=
ac_cv_env_PKG_CONFIG_LIBDIR_set=
ac_cv_env_PKG_CONFIG_LIBDIR_value=
ac_cv_env_PKG_CONFIG_PATH_set=
ac_cv_env_PKG_CONFIG_PATH_value=
ac_cv_env_PKG_CONFIG_set=
ac_cv_env_PKG_CONFIG_value=
ac_cv_env_PRELOADABLE_BACKENDS_set=
ac_cv_env_PRELOADABLE_BACKENDS_value=
ac_cv_env_SYSTEMD_CFLAGS_set=
ac_cv_env_SYSTEMD_CFLAGS_value=
ac_cv_env_SYSTEMD_LIBS_set=
ac_cv_env_SYSTEMD_LIBS_value=
ac_cv_env_USB_CFLAGS_set=
ac_cv_env_USB_CFLAGS_value=
ac_cv_env_USB_LIBS_set=
ac_cv_env_USB_LIBS_value=
ac_cv_env_build_alias_set=
ac_cv_env_build_alias_value=
ac_cv_env_host_alias_set=
ac_cv_env_host_alias_value=
ac_cv_env_target_alias_set=
ac_cv_env_target_alias_value=
ac_cv_header_dlfcn_h=yes
ac_cv_header_inttypes_h=yes
ac_cv_header_memory_h=yes
ac_cv_header_minix_config_h=no
ac_cv_header_stdc=yes
ac_cv_header_stdint_h=yes
ac_cv_header_stdlib_h=yes
ac_cv_header_string_h=yes
ac_cv_header_strings_h=yes
ac_cv_header_sys_stat_h=yes
ac_cv_header_sys_types_h=yes
ac_cv_header_unistd_h=yes
ac_cv_host=x86_64-pc-linux-gnu
ac_cv_objext=o
ac_cv_path_EGREP='/usr/bin/grep -E'
ac_cv_path_FGREP='/usr/bin/grep -F'
ac_cv_path_GMSGFMT=/usr/bin/msgfmt
ac_cv_path_GREP=/usr/bin/grep
ac_cv_path_MSGFMT=/usr/bin/msgfmt
ac_cv_path_MSGMERGE=/usr/bin/msgmerge
ac_cv_path_SED=/usr/bin/sed
ac_cv_path_XGETTEXT=/usr/bin/xgettext
ac_cv_path_install='/usr/bin/install -c'
ac_cv_path_mkdir=/usr/bin/mkdir
ac_cv_prog_AWK=gawk
ac_cv_prog_CPP='gcc -std=c99 -E'
ac_cv_prog_ac_ct_AR=ar
ac_cv_prog_ac_ct_CC=gcc
ac_cv_prog_ac_ct_OBJDUMP=objdump
ac_cv_prog_ac_ct_RANLIB=ranlib
ac_cv_prog_ac_ct_STRIP=strip
ac_cv_prog_cc_c89=
ac_cv_prog_cc_c99=-std=gnu99
ac_cv_prog_cc_g=yes
ac_cv_prog_gcc_traditional=no
ac_cv_prog_make_make_set=yes
ac_cv_safe_to_define___extensions__=yes
acl_cv_hardcode_direct=no
acl_cv_hardcode_libdir_flag_spec='${wl}-rpath ${wl}$libdir'
acl_cv_hardcode_libdir_separator=
acl_cv_hardcode_minus_L=no
acl_cv_libext=a
acl_cv_libname_spec='lib$name'
acl_cv_library_names_spec='$libname$shrext'
acl_cv_path_LD='/usr/bin/ld -m elf_x86_64'
acl_cv_prog_gnu_ld=yes
acl_cv_rpath=done
acl_cv_shlibext=so
acl_cv_wl=-Wl,
am_cv_CC_dependencies_compiler_type=gcc3
am_cv_ar_interface=ar
am_cv_make_support_nested_variables=yes
am_cv_prog_cc_c_o=yes
lt_cv_ar_at_file=@
lt_cv_archive_cmds_need_lc=no
lt_cv_deplibs_check_method=pass_all
lt_cv_file_magic_cmd='$MAGIC_CMD'
lt_cv_file_magic_test_file=
lt_cv_ld_reload_flag=-r
lt_cv_nm_interface='BSD nm'
lt_cv_objdir=.libs
lt_cv_path_LD=/usr/bin/ld
lt_cv_path_NM='/usr/bin/nm -B'
lt_cv_path_mainfest_tool=no
lt_cv_prog_compiler_c_o=yes
lt_cv_prog_compiler_pic='-fPIC -DPIC'
lt_cv_prog_compiler_pic_works=yes
lt_cv_prog_compiler_rtti_exceptions=no
lt_cv_prog_compiler_static_works=no
lt_cv_prog_gnu_ld=yes
lt_cv_sharedlib_from_linklib_cmd='printf %s\n'
lt_cv_shlibpath_overrides_runpath=no
lt_cv_sys_global_symbol_pipe='sed -n -e '\''s/^.*[	 ]\([ABCDGIRSTW][ABCDGIRSTW]*\)[	 ][	 ]*\([_A-Za-z][_A-Za-z0-9]*\)$/\1 \2 \2/p'\'' | sed '\''/ __gnu_lto/d'\'''
lt_cv_sys_global_symbol_to_c_name_address='sed -n -e '\''s/^: \([^ ]*\)[ ]*$/  {\"\1\", (void *) 0},/p'\'' -e '\''s/^[ABCDGIRSTW]* \([^ ]*\) \([^ ]*\)$/  {"\2", (void *) \&\2},/p'\'''
lt_cv_sys_global_symbol_to_c_name_address_lib_prefix='sed -n -e '\''s/^: \([^ ]*\)[ ]*$/  {\"\1\", (void *) 0},/p'\'' -e '\''s/^[ABCDGIRSTW]* \([^ ]*\) \(lib[^ ]*\)$/  {"\2", (void *) \&\2},/p'\'' -e '\''s/^[ABCDGIRSTW]* \([^ ]*\) \([^ ]*\)$/  {"lib\2", (void *) \&\2},/p'\'''
lt_cv_sys_global_symbol_to_cdecl='sed -n -e '\''s/^T .* \(.*\)$/extern int \1();/p'\'' -e '\''s/^[ABCDGIRSTW]* .* \(.*\)$/extern char \1;/p'\'''
lt_cv_sys_max_cmd_len=1572864
lt_cv_to_host_file_cmd=func_convert_file_noop
lt_cv_to_tool_file_cmd=func_convert_file_noop

## ----------------- ##
## Output variables. ##
## ----------------- ##

ACLOCAL='${SHELL} /home/image_server/lifespan/external_compile_libraries/sane-backends-1.0.27/missing aclocal-1.14'
ALLOCA=''
AMDEPBACKSLASH='\'
AMDEP_FALSE='#'
AMDEP_TRUE=''
AMTAR='$${TAR-tar}'
AM_BACKSLASH='\'
AM_CFLAGS=''
AM_CPPFLAGS=''
AM_DEFAULT_V='$(AM_DEFAULT_VERBOSITY)'
AM_DEFAULT_VERBOSITY='1'
AM_LDFLAGS=''
AM_V='$(V)'
AR='ar'
AS='as'
AUTOCONF='${SHELL} /home/image_server/lifespan/external_compile_libraries/sane-backends-1.0.27/missing autoconf'
AUTOHEADER='${SHELL} /home/image_server/lifespan/external_compile_libraries/sane-backends-1.0.27/missing autoheader'
AUTOMAKE='${SHELL} /home/image_server/lifespan/external_compile_libraries/sane-backends-1.0.27/missing automake-1.14'
AVAHI_CFLAGS=''
AVAHI_LIBS=''
AWK='gawk'
BACKENDS='epson2'
BACKEND_CONFS_ENABLED=''
BACKEND_LIBS_ENABLED=''
BACKEND_MANS_ENABLED=''
CC='gcc -std=c99'
CCDEPMODE='depmode=gcc3'
CFLAGS='-g -O2'
COMPILE_SANED_FALSE=''
COMPILE_SANED_TRUE=''
CPP='gcc -std=c99 -E'
CPPFLAGS=''
CROSS_COMPILING_FALSE=''
CROSS_COMPILING_TRUE=''
CYGPATH_W='echo'
DEFS=''
DEPDIR='.deps'
DLH=''
DLLTOOL='false'
DL_LIBS=''
DSYMUTIL=''
DUMPBIN=''
DVIPS=''
DYNAMIC_FLAG=''
ECHO_C=''
ECHO_N='-n'
ECHO_T=''
EGREP='/usr/bin/grep -E'
EXEEXT=''
FGREP='/usr/bin/grep -F'
FIG2DEV=''
GETTEXT_MACRO_VERSION='0.18'
GMSGFMT='/usr/bin/msgfmt'
GMSGFMT_015='/usr/bin/msgfmt'
GPHOTO2_CPPFLAGS=''
GPHOTO2_LDFLAGS=''
GPHOTO2_LIBS=''
GREP='/usr/bin/grep'
GS=''
HAVE_GPHOTO2=''
HAVE_JPEG_FALSE=''
HAVE_JPEG_TRUE=''
IEEE1284_LIBS=''
INSTALL_DATA='${INSTALL} -m 644'
INSTALL_LOCKPATH=''
INSTALL_PROGRAM='${INSTALL}'
INSTALL_SCRIPT='${INSTALL}'
INSTALL_STRIP_PROGRAM='$(install_sh) -c -s'
INSTALL_UMAX_PP_TOOLS_FALSE=''
INSTALL_UMAX_PP_TOOLS_TRUE=''
INTLLIBS=''
INTL_MACOSX_LIBS=''
JPEG_LIBS=''
LATEX=''
LD='/usr/bin/ld -m elf_x86_64'
LDFLAGS=''
LIBICONV='-liconv'
LIBINTL=''
LIBOBJS=''
LIBS=' -Wl,-framework -Wl,CoreFoundation'
LIBTOOL='$(SHELL) $(top_builddir)/libtool'
LIBV4L_CFLAGS=''
LIBV4L_LIBS=''
LIPO=''
LN_S='ln -s'
LOCKPATH_GROUP=''
LTALLOCA=''
LTLIBICONV='-liconv'
LTLIBINTL=''
LTLIBOBJS=''
MAINT='#'
MAINTAINER_MODE_FALSE=''
MAINTAINER_MODE_TRUE='#'
MAKEINDEX=''
MAKEINFO='${SHELL} /home/image_server/lifespan/external_compile_libraries/sane-backends-1.0.27/missing makeinfo'
MANIFEST_TOOL=':'
MATH_LIB=''
MKDIR_P='/usr/bin/mkdir -p'
MSGFMT='/usr/bin/msgfmt'
MSGFMT_015='/usr/bin/msgfmt'
MSGMERGE='/usr/bin/msgmerge'
NM='/usr/bin/nm -B'
NMEDIT=''
OBJDUMP='objdump'
OBJEXT='o'
OTOOL64=''
OTOOL=''
PACKAGE='sane-backends'
PACKAGE_BUGREPORT='sane-devel@lists.alioth.debian.org'
PACKAGE_NAME='sane-backends'
PACKAGE_STRING='sane-backends 1.0.27'
PACKAGE_TARNAME='sane-backends'
PACKAGE_URL=''
PACKAGE_VERSION='1.0.27'
PATH_SEPARATOR=':'
PDFLATEX=''
PKG_CONFIG=''
PKG_CONFIG_LIBDIR=''
PKG_CONFIG_PATH=''
PNG_LIBS=''
POSUB=''
PPMTOGIF=''
PRELOADABLE_BACKENDS=''
PRELOADABLE_BACKENDS_ENABLED=''
PTHREAD_LIBS=''
RANLIB='ranlib'
RESMGR_LIBS=''
SANEI_SANEI_JPEG_LO=''
SANE_CONFIG_PATH=''
SCSI_LIBS=''
SED='/usr/bin/sed'
SET_MAKE=''
SHELL='/bin/sh'
SNMP_CFLAGS=''
SNMP_CONFIG_PATH=''
SNMP_LIBS=''
SOCKET_LIBS=''
STRICT_LDFLAGS=''
STRIP='strip'
SYSLOG_LIBS=''
SYSTEMD_CFLAGS=''
SYSTEMD_LIBS=''
TIFF_LIBS=''
USB_CFLAGS=''
USB_LIBS=''
USE_NLS='yes'
VERSION='1.0.27'
V_MAJOR='1'
V_MINOR='0'
V_REV='27'
WITH_API_HTML_FALSE=''
WITH_API_HTML_TRUE=''
WITH_API_PDF_FALSE=''
WITH_API_PDF_TRUE=''
WITH_API_PS_FALSE=''
WITH_API_PS_TRUE=''
XGETTEXT='/usr/bin/xgettext'
XGETTEXT_015='/usr/bin/xgettext'
XGETTEXT_EXTRA_OPTIONS=''
ac_ct_AR='ar'
ac_ct_CC='gcc'
ac_ct_DUMPBIN=''
am__EXEEXT_FALSE=''
am__EXEEXT_TRUE=''
am__fastdepCC_FALSE='#'
am__fastdepCC_TRUE=''
am__include='include'
am__isrc=''
am__leading_dot='.'
am__nodep='_no'
am__quote=''
am__tar='$${TAR-tar} chof - "$$tardir"'
am__untar='$${TAR-tar} xf -'
bindir='${exec_prefix}/bin'
build='x86_64-pc-linux-gnu'
build_alias=''
build_cpu='x86_64'
build_os='linux-gnu'
build_vendor='pc'
configdir=''
datadir='${datarootdir}'
datarootdir='${prefix}/share'
docdir='${datarootdir}/doc/${PACKAGE_TARNAME}'
dvidir='${docdir}'
effective_target=''
exec_prefix='NONE'
have_usblib_FALSE=''
have_usblib_TRUE=''
host='x86_64-pc-linux-gnu'
host_alias=''
host_cpu='x86_64'
host_os='linux-gnu'
host_vendor='pc'
htmldir='${docdir}'
includedir='${prefix}/include'
infodir='${datarootdir}/info'
install_sh='${SHELL} /home/image_server/lifespan/external_compile_libraries/sane-backends-1.0.27/install-sh'
libdir='${exec_prefix}/lib'
libexecdir='${exec_prefix}/libexec'
localedir='${datarootdir}/locale'
localstatedir='${prefix}/var'
locksanedir=''
mandir='${datarootdir}/man'
mkdir_p='/usr/bin/mkdir -p'
oldincludedir='/usr/include'
pdfdir='${docdir}'
prefix='NONE'
program_transform_name='s,x,x,'
psdir='${docdir}'
sbindir='${exec_prefix}/sbin'
sharedstatedir='${prefix}/com'
sysconfdir='${prefix}/etc'
target_alias=''

## ----------- ##
## confdefs.h. ##
## ----------- ##

/* confdefs.h */
#define PACKAGE_NAME "sane-backends"
#define PACKAGE_TARNAME "sane-backends"
#define PACKAGE_VERSION "1.0.27"
#define PACKAGE_STRING "sane-backends 1.0.27"
#define PACKAGE_BUGREPORT "sane-devel@lists.alioth.debian.org"
#define PACKAGE_URL ""
#define PACKAGE "sane-backends"
#define VERSION "1.0.27"
#define SANE_DLL_V_MAJOR 1
#define SANE_DLL_V_MINOR 0
#define SANE_DLL_V_BUILD 27
#define STDC_HEADERS 1
#define HAVE_SYS_TYPES_H 1
#define HAVE_SYS_STAT_H 1
#define HAVE_STDLIB_H 1
#define HAVE_STRING_H 1
#define HAVE_MEMORY_H 1
#define HAVE_STRINGS_H 1
#define HAVE_INTTYPES_H 1
#define HAVE_STDINT_H 1
#define HAVE_UNISTD_H 1
#define __EXTENSIONS__ 1
#define _ALL_SOURCE 1
#define _GNU_SOURCE 1
#define _POSIX_PTHREAD_SEMANTICS 1
#define _TANDEM_SOURCE 1
#define HAVE_DLFCN_H 1
#define LT_OBJDIR ".libs/"

configure: caught signal 2
configure: exit 1
