The system is: Linux - 2.6.32-642.3.1.el6.x86_64 - x86_64
Compiling the C compiler identification source file "CMakeCCompilerId.c" succeeded.
Compiler: /usr/bin/cc 
Build flags: 
Id flags: 

The output was:
0


Compilation of the C compiler identification source "CMakeCCompilerId.c" produced "a.out"

The C compiler identification is GNU, found in "/home/image_server/lifespan/external_compile_libraries/openjpeg-2.1.1/build/CMakeFiles/2.8.12.2/CompilerIdC/a.out"

Determining if the C compiler works passed with the following output:
Change Dir: /home/image_server/lifespan/external_compile_libraries/openjpeg-2.1.1/build/CMakeFiles/CMakeTmp

Run Build Command:/usr/bin/gmake "cmTryCompileExec946592276/fast"
/usr/bin/gmake -f CMakeFiles/cmTryCompileExec946592276.dir/build.make CMakeFiles/cmTryCompileExec946592276.dir/build
gmake[1]: Entering directory `/home/image_server/lifespan/external_compile_libraries/openjpeg-2.1.1/build/CMakeFiles/CMakeTmp'
/usr/bin/cmake -E cmake_progress_report /home/image_server/lifespan/external_compile_libraries/openjpeg-2.1.1/build/CMakeFiles/CMakeTmp/CMakeFiles 1
Building C object CMakeFiles/cmTryCompileExec946592276.dir/testCCompiler.c.o
/usr/bin/cc    -o CMakeFiles/cmTryCompileExec946592276.dir/testCCompiler.c.o   -c /home/image_server/lifespan/external_compile_libraries/openjpeg-2.1.1/build/CMakeFiles/CMakeTmp/testCCompiler.c
Linking C executable cmTryCompileExec946592276
/usr/bin/cmake -E cmake_link_script CMakeFiles/cmTryCompileExec946592276.dir/link.txt --verbose=1
/usr/bin/cc       CMakeFiles/cmTryCompileExec946592276.dir/testCCompiler.c.o  -o cmTryCompileExec946592276 -rdynamic 
gmake[1]: Leaving directory `/home/image_server/lifespan/external_compile_libraries/openjpeg-2.1.1/build/CMakeFiles/CMakeTmp'


Detecting C compiler ABI info compiled with the following output:
Change Dir: /home/image_server/lifespan/external_compile_libraries/openjpeg-2.1.1/build/CMakeFiles/CMakeTmp

Run Build Command:/usr/bin/gmake "cmTryCompileExec2773383217/fast"
/usr/bin/gmake -f CMakeFiles/cmTryCompileExec2773383217.dir/build.make CMakeFiles/cmTryCompileExec2773383217.dir/build
gmake[1]: Entering directory `/home/image_server/lifespan/external_compile_libraries/openjpeg-2.1.1/build/CMakeFiles/CMakeTmp'
/usr/bin/cmake -E cmake_progress_report /home/image_server/lifespan/external_compile_libraries/openjpeg-2.1.1/build/CMakeFiles/CMakeTmp/CMakeFiles 1
Building C object CMakeFiles/cmTryCompileExec2773383217.dir/CMakeCCompilerABI.c.o
/usr/bin/cc    -o CMakeFiles/cmTryCompileExec2773383217.dir/CMakeCCompilerABI.c.o   -c /usr/share/cmake/Modules/CMakeCCompilerABI.c
Linking C executable cmTryCompileExec2773383217
/usr/bin/cmake -E cmake_link_script CMakeFiles/cmTryCompileExec2773383217.dir/link.txt --verbose=1
/usr/bin/cc     -v CMakeFiles/cmTryCompileExec2773383217.dir/CMakeCCompilerABI.c.o  -o cmTryCompileExec2773383217 -rdynamic  
Using built-in specs.
Target: x86_64-redhat-linux
Configured with: ../configure --prefix=/usr --mandir=/usr/share/man --infodir=/usr/share/info --with-bugurl=http://bugzilla.redhat.com/bugzilla --enable-bootstrap --enable-shared --enable-threads=posix --enable-checking=release --with-system-zlib --enable-__cxa_atexit --disable-libunwind-exceptions --enable-gnu-unique-object --enable-languages=c,c++,objc,obj-c++,java,fortran,ada --enable-java-awt=gtk --disable-dssi --with-java-home=/usr/lib/jvm/java-1.5.0-gcj-1.5.0.0/jre --enable-libgcj-multifile --enable-java-maintainer-mode --with-ecj-jar=/usr/share/java/eclipse-ecj.jar --disable-libjava-multilib --with-ppl --with-cloog --with-tune=generic --with-arch_32=i686 --build=x86_64-redhat-linux
Thread model: posix
gcc version 4.4.7 20120313 (Red Hat 4.4.7-17) (GCC) 
COMPILER_PATH=/usr/libexec/gcc/x86_64-redhat-linux/4.4.7/:/usr/libexec/gcc/x86_64-redhat-linux/4.4.7/:/usr/libexec/gcc/x86_64-redhat-linux/:/usr/lib/gcc/x86_64-redhat-linux/4.4.7/:/usr/lib/gcc/x86_64-redhat-linux/:/usr/libexec/gcc/x86_64-redhat-linux/4.4.7/:/usr/libexec/gcc/x86_64-redhat-linux/:/usr/lib/gcc/x86_64-redhat-linux/4.4.7/:/usr/lib/gcc/x86_64-redhat-linux/
LIBRARY_PATH=/usr/lib/gcc/x86_64-redhat-linux/4.4.7/:/usr/lib/gcc/x86_64-redhat-linux/4.4.7/:/usr/lib/gcc/x86_64-redhat-linux/4.4.7/../../../../lib64/:/lib/../lib64/:/usr/lib/../lib64/:/usr/lib/gcc/x86_64-redhat-linux/4.4.7/../../../:/lib/:/usr/lib/
COLLECT_GCC_OPTIONS='-v' '-o' 'cmTryCompileExec2773383217' '-rdynamic' '-mtune=generic'
 /usr/libexec/gcc/x86_64-redhat-linux/4.4.7/collect2 --eh-frame-hdr --build-id -m elf_x86_64 --hash-style=gnu -export-dynamic -dynamic-linker /lib64/ld-linux-x86-64.so.2 -o cmTryCompileExec2773383217 /usr/lib/gcc/x86_64-redhat-linux/4.4.7/../../../../lib64/crt1.o /usr/lib/gcc/x86_64-redhat-linux/4.4.7/../../../../lib64/crti.o /usr/lib/gcc/x86_64-redhat-linux/4.4.7/crtbegin.o -L/usr/lib/gcc/x86_64-redhat-linux/4.4.7 -L/usr/lib/gcc/x86_64-redhat-linux/4.4.7 -L/usr/lib/gcc/x86_64-redhat-linux/4.4.7/../../../../lib64 -L/lib/../lib64 -L/usr/lib/../lib64 -L/usr/lib/gcc/x86_64-redhat-linux/4.4.7/../../.. CMakeFiles/cmTryCompileExec2773383217.dir/CMakeCCompilerABI.c.o -lgcc --as-needed -lgcc_s --no-as-needed -lc -lgcc --as-needed -lgcc_s --no-as-needed /usr/lib/gcc/x86_64-redhat-linux/4.4.7/crtend.o /usr/lib/gcc/x86_64-redhat-linux/4.4.7/../../../../lib64/crtn.o
gmake[1]: Leaving directory `/home/image_server/lifespan/external_compile_libraries/openjpeg-2.1.1/build/CMakeFiles/CMakeTmp'


Parsed C implicit link information from above output:
  link line regex: [^( *|.*[/\])(ld|([^/\]+-)?ld|collect2)[^/\]*( |$)]
  ignore line: [Change Dir: /home/image_server/lifespan/external_compile_libraries/openjpeg-2.1.1/build/CMakeFiles/CMakeTmp]
  ignore line: []
  ignore line: [Run Build Command:/usr/bin/gmake "cmTryCompileExec2773383217/fast"]
  ignore line: [/usr/bin/gmake -f CMakeFiles/cmTryCompileExec2773383217.dir/build.make CMakeFiles/cmTryCompileExec2773383217.dir/build]
  ignore line: [gmake[1]: Entering directory `/home/image_server/lifespan/external_compile_libraries/openjpeg-2.1.1/build/CMakeFiles/CMakeTmp']
  ignore line: [/usr/bin/cmake -E cmake_progress_report /home/image_server/lifespan/external_compile_libraries/openjpeg-2.1.1/build/CMakeFiles/CMakeTmp/CMakeFiles 1]
  ignore line: [Building C object CMakeFiles/cmTryCompileExec2773383217.dir/CMakeCCompilerABI.c.o]
  ignore line: [/usr/bin/cc    -o CMakeFiles/cmTryCompileExec2773383217.dir/CMakeCCompilerABI.c.o   -c /usr/share/cmake/Modules/CMakeCCompilerABI.c]
  ignore line: [Linking C executable cmTryCompileExec2773383217]
  ignore line: [/usr/bin/cmake -E cmake_link_script CMakeFiles/cmTryCompileExec2773383217.dir/link.txt --verbose=1]
  ignore line: [/usr/bin/cc     -v CMakeFiles/cmTryCompileExec2773383217.dir/CMakeCCompilerABI.c.o  -o cmTryCompileExec2773383217 -rdynamic  ]
  ignore line: [Using built-in specs.]
  ignore line: [Target: x86_64-redhat-linux]
  ignore line: [Configured with: ../configure --prefix=/usr --mandir=/usr/share/man --infodir=/usr/share/info --with-bugurl=http://bugzilla.redhat.com/bugzilla --enable-bootstrap --enable-shared --enable-threads=posix --enable-checking=release --with-system-zlib --enable-__cxa_atexit --disable-libunwind-exceptions --enable-gnu-unique-object --enable-languages=c,c++,objc,obj-c++,java,fortran,ada --enable-java-awt=gtk --disable-dssi --with-java-home=/usr/lib/jvm/java-1.5.0-gcj-1.5.0.0/jre --enable-libgcj-multifile --enable-java-maintainer-mode --with-ecj-jar=/usr/share/java/eclipse-ecj.jar --disable-libjava-multilib --with-ppl --with-cloog --with-tune=generic --with-arch_32=i686 --build=x86_64-redhat-linux]
  ignore line: [Thread model: posix]
  ignore line: [gcc version 4.4.7 20120313 (Red Hat 4.4.7-17) (GCC) ]
  ignore line: [COMPILER_PATH=/usr/libexec/gcc/x86_64-redhat-linux/4.4.7/:/usr/libexec/gcc/x86_64-redhat-linux/4.4.7/:/usr/libexec/gcc/x86_64-redhat-linux/:/usr/lib/gcc/x86_64-redhat-linux/4.4.7/:/usr/lib/gcc/x86_64-redhat-linux/:/usr/libexec/gcc/x86_64-redhat-linux/4.4.7/:/usr/libexec/gcc/x86_64-redhat-linux/:/usr/lib/gcc/x86_64-redhat-linux/4.4.7/:/usr/lib/gcc/x86_64-redhat-linux/]
  ignore line: [LIBRARY_PATH=/usr/lib/gcc/x86_64-redhat-linux/4.4.7/:/usr/lib/gcc/x86_64-redhat-linux/4.4.7/:/usr/lib/gcc/x86_64-redhat-linux/4.4.7/../../../../lib64/:/lib/../lib64/:/usr/lib/../lib64/:/usr/lib/gcc/x86_64-redhat-linux/4.4.7/../../../:/lib/:/usr/lib/]
  ignore line: [COLLECT_GCC_OPTIONS='-v' '-o' 'cmTryCompileExec2773383217' '-rdynamic' '-mtune=generic']
  link line: [ /usr/libexec/gcc/x86_64-redhat-linux/4.4.7/collect2 --eh-frame-hdr --build-id -m elf_x86_64 --hash-style=gnu -export-dynamic -dynamic-linker /lib64/ld-linux-x86-64.so.2 -o cmTryCompileExec2773383217 /usr/lib/gcc/x86_64-redhat-linux/4.4.7/../../../../lib64/crt1.o /usr/lib/gcc/x86_64-redhat-linux/4.4.7/../../../../lib64/crti.o /usr/lib/gcc/x86_64-redhat-linux/4.4.7/crtbegin.o -L/usr/lib/gcc/x86_64-redhat-linux/4.4.7 -L/usr/lib/gcc/x86_64-redhat-linux/4.4.7 -L/usr/lib/gcc/x86_64-redhat-linux/4.4.7/../../../../lib64 -L/lib/../lib64 -L/usr/lib/../lib64 -L/usr/lib/gcc/x86_64-redhat-linux/4.4.7/../../.. CMakeFiles/cmTryCompileExec2773383217.dir/CMakeCCompilerABI.c.o -lgcc --as-needed -lgcc_s --no-as-needed -lc -lgcc --as-needed -lgcc_s --no-as-needed /usr/lib/gcc/x86_64-redhat-linux/4.4.7/crtend.o /usr/lib/gcc/x86_64-redhat-linux/4.4.7/../../../../lib64/crtn.o]
    arg [/usr/libexec/gcc/x86_64-redhat-linux/4.4.7/collect2] ==> ignore
    arg [--eh-frame-hdr] ==> ignore
    arg [--build-id] ==> ignore
    arg [-m] ==> ignore
    arg [elf_x86_64] ==> ignore
    arg [--hash-style=gnu] ==> ignore
    arg [-export-dynamic] ==> ignore
    arg [-dynamic-linker] ==> ignore
    arg [/lib64/ld-linux-x86-64.so.2] ==> ignore
    arg [-o] ==> ignore
    arg [cmTryCompileExec2773383217] ==> ignore
    arg [/usr/lib/gcc/x86_64-redhat-linux/4.4.7/../../../../lib64/crt1.o] ==> ignore
    arg [/usr/lib/gcc/x86_64-redhat-linux/4.4.7/../../../../lib64/crti.o] ==> ignore
    arg [/usr/lib/gcc/x86_64-redhat-linux/4.4.7/crtbegin.o] ==> ignore
    arg [-L/usr/lib/gcc/x86_64-redhat-linux/4.4.7] ==> dir [/usr/lib/gcc/x86_64-redhat-linux/4.4.7]
    arg [-L/usr/lib/gcc/x86_64-redhat-linux/4.4.7] ==> dir [/usr/lib/gcc/x86_64-redhat-linux/4.4.7]
    arg [-L/usr/lib/gcc/x86_64-redhat-linux/4.4.7/../../../../lib64] ==> dir [/usr/lib/gcc/x86_64-redhat-linux/4.4.7/../../../../lib64]
    arg [-L/lib/../lib64] ==> dir [/lib/../lib64]
    arg [-L/usr/lib/../lib64] ==> dir [/usr/lib/../lib64]
    arg [-L/usr/lib/gcc/x86_64-redhat-linux/4.4.7/../../..] ==> dir [/usr/lib/gcc/x86_64-redhat-linux/4.4.7/../../..]
    arg [CMakeFiles/cmTryCompileExec2773383217.dir/CMakeCCompilerABI.c.o] ==> ignore
    arg [-lgcc] ==> lib [gcc]
    arg [--as-needed] ==> ignore
    arg [-lgcc_s] ==> lib [gcc_s]
    arg [--no-as-needed] ==> ignore
    arg [-lc] ==> lib [c]
    arg [-lgcc] ==> lib [gcc]
    arg [--as-needed] ==> ignore
    arg [-lgcc_s] ==> lib [gcc_s]
    arg [--no-as-needed] ==> ignore
    arg [/usr/lib/gcc/x86_64-redhat-linux/4.4.7/crtend.o] ==> ignore
    arg [/usr/lib/gcc/x86_64-redhat-linux/4.4.7/../../../../lib64/crtn.o] ==> ignore
  remove lib [gcc]
  remove lib [gcc_s]
  remove lib [gcc]
  remove lib [gcc_s]
  collapse library dir [/usr/lib/gcc/x86_64-redhat-linux/4.4.7] ==> [/usr/lib/gcc/x86_64-redhat-linux/4.4.7]
  collapse library dir [/usr/lib/gcc/x86_64-redhat-linux/4.4.7] ==> [/usr/lib/gcc/x86_64-redhat-linux/4.4.7]
  collapse library dir [/usr/lib/gcc/x86_64-redhat-linux/4.4.7/../../../../lib64] ==> [/usr/lib64]
  collapse library dir [/lib/../lib64] ==> [/lib64]
  collapse library dir [/usr/lib/../lib64] ==> [/usr/lib64]
  collapse library dir [/usr/lib/gcc/x86_64-redhat-linux/4.4.7/../../..] ==> [/usr/lib]
  implicit libs: [c]
  implicit dirs: [/usr/lib/gcc/x86_64-redhat-linux/4.4.7;/usr/lib64;/lib64;/usr/lib]
  implicit fwks: []


Determining if the include file sys/types.h exists passed with the following output:
Change Dir: /home/image_server/lifespan/external_compile_libraries/openjpeg-2.1.1/build/CMakeFiles/CMakeTmp

Run Build Command:/usr/bin/gmake "cmTryCompileExec2010754978/fast"
/usr/bin/gmake -f CMakeFiles/cmTryCompileExec2010754978.dir/build.make CMakeFiles/cmTryCompileExec2010754978.dir/build
gmake[1]: Entering directory `/home/image_server/lifespan/external_compile_libraries/openjpeg-2.1.1/build/CMakeFiles/CMakeTmp'
/usr/bin/cmake -E cmake_progress_report /home/image_server/lifespan/external_compile_libraries/openjpeg-2.1.1/build/CMakeFiles/CMakeTmp/CMakeFiles 1
Building C object CMakeFiles/cmTryCompileExec2010754978.dir/CheckIncludeFile.c.o
/usr/bin/cc    -o CMakeFiles/cmTryCompileExec2010754978.dir/CheckIncludeFile.c.o   -c /home/image_server/lifespan/external_compile_libraries/openjpeg-2.1.1/build/CMakeFiles/CMakeTmp/CheckIncludeFile.c
Linking C executable cmTryCompileExec2010754978
/usr/bin/cmake -E cmake_link_script CMakeFiles/cmTryCompileExec2010754978.dir/link.txt --verbose=1
/usr/bin/cc       CMakeFiles/cmTryCompileExec2010754978.dir/CheckIncludeFile.c.o  -o cmTryCompileExec2010754978 -rdynamic 
gmake[1]: Leaving directory `/home/image_server/lifespan/external_compile_libraries/openjpeg-2.1.1/build/CMakeFiles/CMakeTmp'


Determining if the include file stdint.h exists passed with the following output:
Change Dir: /home/image_server/lifespan/external_compile_libraries/openjpeg-2.1.1/build/CMakeFiles/CMakeTmp

Run Build Command:/usr/bin/gmake "cmTryCompileExec882095080/fast"
/usr/bin/gmake -f CMakeFiles/cmTryCompileExec882095080.dir/build.make CMakeFiles/cmTryCompileExec882095080.dir/build
gmake[1]: Entering directory `/home/image_server/lifespan/external_compile_libraries/openjpeg-2.1.1/build/CMakeFiles/CMakeTmp'
/usr/bin/cmake -E cmake_progress_report /home/image_server/lifespan/external_compile_libraries/openjpeg-2.1.1/build/CMakeFiles/CMakeTmp/CMakeFiles 1
Building C object CMakeFiles/cmTryCompileExec882095080.dir/CheckIncludeFile.c.o
/usr/bin/cc    -o CMakeFiles/cmTryCompileExec882095080.dir/CheckIncludeFile.c.o   -c /home/image_server/lifespan/external_compile_libraries/openjpeg-2.1.1/build/CMakeFiles/CMakeTmp/CheckIncludeFile.c
Linking C executable cmTryCompileExec882095080
/usr/bin/cmake -E cmake_link_script CMakeFiles/cmTryCompileExec882095080.dir/link.txt --verbose=1
/usr/bin/cc       CMakeFiles/cmTryCompileExec882095080.dir/CheckIncludeFile.c.o  -o cmTryCompileExec882095080 -rdynamic 
gmake[1]: Leaving directory `/home/image_server/lifespan/external_compile_libraries/openjpeg-2.1.1/build/CMakeFiles/CMakeTmp'


Determining if the include file stddef.h exists passed with the following output:
Change Dir: /home/image_server/lifespan/external_compile_libraries/openjpeg-2.1.1/build/CMakeFiles/CMakeTmp

Run Build Command:/usr/bin/gmake "cmTryCompileExec244691175/fast"
/usr/bin/gmake -f CMakeFiles/cmTryCompileExec244691175.dir/build.make CMakeFiles/cmTryCompileExec244691175.dir/build
gmake[1]: Entering directory `/home/image_server/lifespan/external_compile_libraries/openjpeg-2.1.1/build/CMakeFiles/CMakeTmp'
/usr/bin/cmake -E cmake_progress_report /home/image_server/lifespan/external_compile_libraries/openjpeg-2.1.1/build/CMakeFiles/CMakeTmp/CMakeFiles 1
Building C object CMakeFiles/cmTryCompileExec244691175.dir/CheckIncludeFile.c.o
/usr/bin/cc    -o CMakeFiles/cmTryCompileExec244691175.dir/CheckIncludeFile.c.o   -c /home/image_server/lifespan/external_compile_libraries/openjpeg-2.1.1/build/CMakeFiles/CMakeTmp/CheckIncludeFile.c
Linking C executable cmTryCompileExec244691175
/usr/bin/cmake -E cmake_link_script CMakeFiles/cmTryCompileExec244691175.dir/link.txt --verbose=1
/usr/bin/cc       CMakeFiles/cmTryCompileExec244691175.dir/CheckIncludeFile.c.o  -o cmTryCompileExec244691175 -rdynamic 
gmake[1]: Leaving directory `/home/image_server/lifespan/external_compile_libraries/openjpeg-2.1.1/build/CMakeFiles/CMakeTmp'


Determining size of unsigned short passed with the following output:
Change Dir: /home/image_server/lifespan/external_compile_libraries/openjpeg-2.1.1/build/CMakeFiles/CMakeTmp

Run Build Command:/usr/bin/gmake "cmTryCompileExec2077347924/fast"
/usr/bin/gmake -f CMakeFiles/cmTryCompileExec2077347924.dir/build.make CMakeFiles/cmTryCompileExec2077347924.dir/build
gmake[1]: Entering directory `/home/image_server/lifespan/external_compile_libraries/openjpeg-2.1.1/build/CMakeFiles/CMakeTmp'
/usr/bin/cmake -E cmake_progress_report /home/image_server/lifespan/external_compile_libraries/openjpeg-2.1.1/build/CMakeFiles/CMakeTmp/CMakeFiles 1
Building C object CMakeFiles/cmTryCompileExec2077347924.dir/CMAKE_SIZEOF_UNSIGNED_SHORT.c.o
/usr/bin/cc    -o CMakeFiles/cmTryCompileExec2077347924.dir/CMAKE_SIZEOF_UNSIGNED_SHORT.c.o   -c /home/image_server/lifespan/external_compile_libraries/openjpeg-2.1.1/build/CMakeFiles/CheckTypeSize/CMAKE_SIZEOF_UNSIGNED_SHORT.c
Linking C executable cmTryCompileExec2077347924
/usr/bin/cmake -E cmake_link_script CMakeFiles/cmTryCompileExec2077347924.dir/link.txt --verbose=1
/usr/bin/cc       CMakeFiles/cmTryCompileExec2077347924.dir/CMAKE_SIZEOF_UNSIGNED_SHORT.c.o  -o cmTryCompileExec2077347924 -rdynamic 
gmake[1]: Leaving directory `/home/image_server/lifespan/external_compile_libraries/openjpeg-2.1.1/build/CMakeFiles/CMakeTmp'


Determining if the include file string.h exists passed with the following output:
Change Dir: /home/image_server/lifespan/external_compile_libraries/openjpeg-2.1.1/build/CMakeFiles/CMakeTmp

Run Build Command:/usr/bin/gmake "cmTryCompileExec2805911871/fast"
/usr/bin/gmake -f CMakeFiles/cmTryCompileExec2805911871.dir/build.make CMakeFiles/cmTryCompileExec2805911871.dir/build
gmake[1]: Entering directory `/home/image_server/lifespan/external_compile_libraries/openjpeg-2.1.1/build/CMakeFiles/CMakeTmp'
/usr/bin/cmake -E cmake_progress_report /home/image_server/lifespan/external_compile_libraries/openjpeg-2.1.1/build/CMakeFiles/CMakeTmp/CMakeFiles 1
Building C object CMakeFiles/cmTryCompileExec2805911871.dir/CheckIncludeFile.c.o
/usr/bin/cc    -o CMakeFiles/cmTryCompileExec2805911871.dir/CheckIncludeFile.c.o   -c /home/image_server/lifespan/external_compile_libraries/openjpeg-2.1.1/build/CMakeFiles/CMakeTmp/CheckIncludeFile.c
Linking C executable cmTryCompileExec2805911871
/usr/bin/cmake -E cmake_link_script CMakeFiles/cmTryCompileExec2805911871.dir/link.txt --verbose=1
/usr/bin/cc       CMakeFiles/cmTryCompileExec2805911871.dir/CheckIncludeFile.c.o  -o cmTryCompileExec2805911871 -rdynamic 
gmake[1]: Leaving directory `/home/image_server/lifespan/external_compile_libraries/openjpeg-2.1.1/build/CMakeFiles/CMakeTmp'


Determining if the include file memory.h exists passed with the following output:
Change Dir: /home/image_server/lifespan/external_compile_libraries/openjpeg-2.1.1/build/CMakeFiles/CMakeTmp

Run Build Command:/usr/bin/gmake "cmTryCompileExec3384060137/fast"
/usr/bin/gmake -f CMakeFiles/cmTryCompileExec3384060137.dir/build.make CMakeFiles/cmTryCompileExec3384060137.dir/build
gmake[1]: Entering directory `/home/image_server/lifespan/external_compile_libraries/openjpeg-2.1.1/build/CMakeFiles/CMakeTmp'
/usr/bin/cmake -E cmake_progress_report /home/image_server/lifespan/external_compile_libraries/openjpeg-2.1.1/build/CMakeFiles/CMakeTmp/CMakeFiles 1
Building C object CMakeFiles/cmTryCompileExec3384060137.dir/CheckIncludeFile.c.o
/usr/bin/cc    -o CMakeFiles/cmTryCompileExec3384060137.dir/CheckIncludeFile.c.o   -c /home/image_server/lifespan/external_compile_libraries/openjpeg-2.1.1/build/CMakeFiles/CMakeTmp/CheckIncludeFile.c
Linking C executable cmTryCompileExec3384060137
/usr/bin/cmake -E cmake_link_script CMakeFiles/cmTryCompileExec3384060137.dir/link.txt --verbose=1
/usr/bin/cc       CMakeFiles/cmTryCompileExec3384060137.dir/CheckIncludeFile.c.o  -o cmTryCompileExec3384060137 -rdynamic 
gmake[1]: Leaving directory `/home/image_server/lifespan/external_compile_libraries/openjpeg-2.1.1/build/CMakeFiles/CMakeTmp'


Determining if the include file stdlib.h exists passed with the following output:
Change Dir: /home/image_server/lifespan/external_compile_libraries/openjpeg-2.1.1/build/CMakeFiles/CMakeTmp

Run Build Command:/usr/bin/gmake "cmTryCompileExec16569585/fast"
/usr/bin/gmake -f CMakeFiles/cmTryCompileExec16569585.dir/build.make CMakeFiles/cmTryCompileExec16569585.dir/build
gmake[1]: Entering directory `/home/image_server/lifespan/external_compile_libraries/openjpeg-2.1.1/build/CMakeFiles/CMakeTmp'
/usr/bin/cmake -E cmake_progress_report /home/image_server/lifespan/external_compile_libraries/openjpeg-2.1.1/build/CMakeFiles/CMakeTmp/CMakeFiles 1
Building C object CMakeFiles/cmTryCompileExec16569585.dir/CheckIncludeFile.c.o
/usr/bin/cc    -o CMakeFiles/cmTryCompileExec16569585.dir/CheckIncludeFile.c.o   -c /home/image_server/lifespan/external_compile_libraries/openjpeg-2.1.1/build/CMakeFiles/CMakeTmp/CheckIncludeFile.c
Linking C executable cmTryCompileExec16569585
/usr/bin/cmake -E cmake_link_script CMakeFiles/cmTryCompileExec16569585.dir/link.txt --verbose=1
/usr/bin/cc       CMakeFiles/cmTryCompileExec16569585.dir/CheckIncludeFile.c.o  -o cmTryCompileExec16569585 -rdynamic 
gmake[1]: Leaving directory `/home/image_server/lifespan/external_compile_libraries/openjpeg-2.1.1/build/CMakeFiles/CMakeTmp'


Determining if the include file stdio.h exists passed with the following output:
Change Dir: /home/image_server/lifespan/external_compile_libraries/openjpeg-2.1.1/build/CMakeFiles/CMakeTmp

Run Build Command:/usr/bin/gmake "cmTryCompileExec1172137266/fast"
/usr/bin/gmake -f CMakeFiles/cmTryCompileExec1172137266.dir/build.make CMakeFiles/cmTryCompileExec1172137266.dir/build
gmake[1]: Entering directory `/home/image_server/lifespan/external_compile_libraries/openjpeg-2.1.1/build/CMakeFiles/CMakeTmp'
/usr/bin/cmake -E cmake_progress_report /home/image_server/lifespan/external_compile_libraries/openjpeg-2.1.1/build/CMakeFiles/CMakeTmp/CMakeFiles 1
Building C object CMakeFiles/cmTryCompileExec1172137266.dir/CheckIncludeFile.c.o
/usr/bin/cc    -o CMakeFiles/cmTryCompileExec1172137266.dir/CheckIncludeFile.c.o   -c /home/image_server/lifespan/external_compile_libraries/openjpeg-2.1.1/build/CMakeFiles/CMakeTmp/CheckIncludeFile.c
Linking C executable cmTryCompileExec1172137266
/usr/bin/cmake -E cmake_link_script CMakeFiles/cmTryCompileExec1172137266.dir/link.txt --verbose=1
/usr/bin/cc       CMakeFiles/cmTryCompileExec1172137266.dir/CheckIncludeFile.c.o  -o cmTryCompileExec1172137266 -rdynamic 
gmake[1]: Leaving directory `/home/image_server/lifespan/external_compile_libraries/openjpeg-2.1.1/build/CMakeFiles/CMakeTmp'


Determining if the include file math.h exists passed with the following output:
Change Dir: /home/image_server/lifespan/external_compile_libraries/openjpeg-2.1.1/build/CMakeFiles/CMakeTmp

Run Build Command:/usr/bin/gmake "cmTryCompileExec1617888979/fast"
/usr/bin/gmake -f CMakeFiles/cmTryCompileExec1617888979.dir/build.make CMakeFiles/cmTryCompileExec1617888979.dir/build
gmake[1]: Entering directory `/home/image_server/lifespan/external_compile_libraries/openjpeg-2.1.1/build/CMakeFiles/CMakeTmp'
/usr/bin/cmake -E cmake_progress_report /home/image_server/lifespan/external_compile_libraries/openjpeg-2.1.1/build/CMakeFiles/CMakeTmp/CMakeFiles 1
Building C object CMakeFiles/cmTryCompileExec1617888979.dir/CheckIncludeFile.c.o
/usr/bin/cc    -o CMakeFiles/cmTryCompileExec1617888979.dir/CheckIncludeFile.c.o   -c /home/image_server/lifespan/external_compile_libraries/openjpeg-2.1.1/build/CMakeFiles/CMakeTmp/CheckIncludeFile.c
Linking C executable cmTryCompileExec1617888979
/usr/bin/cmake -E cmake_link_script CMakeFiles/cmTryCompileExec1617888979.dir/link.txt --verbose=1
/usr/bin/cc       CMakeFiles/cmTryCompileExec1617888979.dir/CheckIncludeFile.c.o  -o cmTryCompileExec1617888979 -rdynamic 
gmake[1]: Leaving directory `/home/image_server/lifespan/external_compile_libraries/openjpeg-2.1.1/build/CMakeFiles/CMakeTmp'


Determining if the include file float.h exists passed with the following output:
Change Dir: /home/image_server/lifespan/external_compile_libraries/openjpeg-2.1.1/build/CMakeFiles/CMakeTmp

Run Build Command:/usr/bin/gmake "cmTryCompileExec1894800368/fast"
/usr/bin/gmake -f CMakeFiles/cmTryCompileExec1894800368.dir/build.make CMakeFiles/cmTryCompileExec1894800368.dir/build
gmake[1]: Entering directory `/home/image_server/lifespan/external_compile_libraries/openjpeg-2.1.1/build/CMakeFiles/CMakeTmp'
/usr/bin/cmake -E cmake_progress_report /home/image_server/lifespan/external_compile_libraries/openjpeg-2.1.1/build/CMakeFiles/CMakeTmp/CMakeFiles 1
Building C object CMakeFiles/cmTryCompileExec1894800368.dir/CheckIncludeFile.c.o
/usr/bin/cc    -o CMakeFiles/cmTryCompileExec1894800368.dir/CheckIncludeFile.c.o   -c /home/image_server/lifespan/external_compile_libraries/openjpeg-2.1.1/build/CMakeFiles/CMakeTmp/CheckIncludeFile.c
Linking C executable cmTryCompileExec1894800368
/usr/bin/cmake -E cmake_link_script CMakeFiles/cmTryCompileExec1894800368.dir/link.txt --verbose=1
/usr/bin/cc       CMakeFiles/cmTryCompileExec1894800368.dir/CheckIncludeFile.c.o  -o cmTryCompileExec1894800368 -rdynamic 
gmake[1]: Leaving directory `/home/image_server/lifespan/external_compile_libraries/openjpeg-2.1.1/build/CMakeFiles/CMakeTmp'


Determining if the include file time.h exists passed with the following output:
Change Dir: /home/image_server/lifespan/external_compile_libraries/openjpeg-2.1.1/build/CMakeFiles/CMakeTmp

Run Build Command:/usr/bin/gmake "cmTryCompileExec2379866272/fast"
/usr/bin/gmake -f CMakeFiles/cmTryCompileExec2379866272.dir/build.make CMakeFiles/cmTryCompileExec2379866272.dir/build
gmake[1]: Entering directory `/home/image_server/lifespan/external_compile_libraries/openjpeg-2.1.1/build/CMakeFiles/CMakeTmp'
/usr/bin/cmake -E cmake_progress_report /home/image_server/lifespan/external_compile_libraries/openjpeg-2.1.1/build/CMakeFiles/CMakeTmp/CMakeFiles 1
Building C object CMakeFiles/cmTryCompileExec2379866272.dir/CheckIncludeFile.c.o
/usr/bin/cc    -o CMakeFiles/cmTryCompileExec2379866272.dir/CheckIncludeFile.c.o   -c /home/image_server/lifespan/external_compile_libraries/openjpeg-2.1.1/build/CMakeFiles/CMakeTmp/CheckIncludeFile.c
Linking C executable cmTryCompileExec2379866272
/usr/bin/cmake -E cmake_link_script CMakeFiles/cmTryCompileExec2379866272.dir/link.txt --verbose=1
/usr/bin/cc       CMakeFiles/cmTryCompileExec2379866272.dir/CheckIncludeFile.c.o  -o cmTryCompileExec2379866272 -rdynamic 
gmake[1]: Leaving directory `/home/image_server/lifespan/external_compile_libraries/openjpeg-2.1.1/build/CMakeFiles/CMakeTmp'


Determining if the include file stdarg.h exists passed with the following output:
Change Dir: /home/image_server/lifespan/external_compile_libraries/openjpeg-2.1.1/build/CMakeFiles/CMakeTmp

Run Build Command:/usr/bin/gmake "cmTryCompileExec3712729402/fast"
/usr/bin/gmake -f CMakeFiles/cmTryCompileExec3712729402.dir/build.make CMakeFiles/cmTryCompileExec3712729402.dir/build
gmake[1]: Entering directory `/home/image_server/lifespan/external_compile_libraries/openjpeg-2.1.1/build/CMakeFiles/CMakeTmp'
/usr/bin/cmake -E cmake_progress_report /home/image_server/lifespan/external_compile_libraries/openjpeg-2.1.1/build/CMakeFiles/CMakeTmp/CMakeFiles 1
Building C object CMakeFiles/cmTryCompileExec3712729402.dir/CheckIncludeFile.c.o
/usr/bin/cc    -o CMakeFiles/cmTryCompileExec3712729402.dir/CheckIncludeFile.c.o   -c /home/image_server/lifespan/external_compile_libraries/openjpeg-2.1.1/build/CMakeFiles/CMakeTmp/CheckIncludeFile.c
Linking C executable cmTryCompileExec3712729402
/usr/bin/cmake -E cmake_link_script CMakeFiles/cmTryCompileExec3712729402.dir/link.txt --verbose=1
/usr/bin/cc       CMakeFiles/cmTryCompileExec3712729402.dir/CheckIncludeFile.c.o  -o cmTryCompileExec3712729402 -rdynamic 
gmake[1]: Leaving directory `/home/image_server/lifespan/external_compile_libraries/openjpeg-2.1.1/build/CMakeFiles/CMakeTmp'


Determining if the include file ctype.h exists passed with the following output:
Change Dir: /home/image_server/lifespan/external_compile_libraries/openjpeg-2.1.1/build/CMakeFiles/CMakeTmp

Run Build Command:/usr/bin/gmake "cmTryCompileExec2314197690/fast"
/usr/bin/gmake -f CMakeFiles/cmTryCompileExec2314197690.dir/build.make CMakeFiles/cmTryCompileExec2314197690.dir/build
gmake[1]: Entering directory `/home/image_server/lifespan/external_compile_libraries/openjpeg-2.1.1/build/CMakeFiles/CMakeTmp'
/usr/bin/cmake -E cmake_progress_report /home/image_server/lifespan/external_compile_libraries/openjpeg-2.1.1/build/CMakeFiles/CMakeTmp/CMakeFiles 1
Building C object CMakeFiles/cmTryCompileExec2314197690.dir/CheckIncludeFile.c.o
/usr/bin/cc    -o CMakeFiles/cmTryCompileExec2314197690.dir/CheckIncludeFile.c.o   -c /home/image_server/lifespan/external_compile_libraries/openjpeg-2.1.1/build/CMakeFiles/CMakeTmp/CheckIncludeFile.c
Linking C executable cmTryCompileExec2314197690
/usr/bin/cmake -E cmake_link_script CMakeFiles/cmTryCompileExec2314197690.dir/link.txt --verbose=1
/usr/bin/cc       CMakeFiles/cmTryCompileExec2314197690.dir/CheckIncludeFile.c.o  -o cmTryCompileExec2314197690 -rdynamic 
gmake[1]: Leaving directory `/home/image_server/lifespan/external_compile_libraries/openjpeg-2.1.1/build/CMakeFiles/CMakeTmp'


Determining if the include file assert.h exists passed with the following output:
Change Dir: /home/image_server/lifespan/external_compile_libraries/openjpeg-2.1.1/build/CMakeFiles/CMakeTmp

Run Build Command:/usr/bin/gmake "cmTryCompileExec2465633493/fast"
/usr/bin/gmake -f CMakeFiles/cmTryCompileExec2465633493.dir/build.make CMakeFiles/cmTryCompileExec2465633493.dir/build
gmake[1]: Entering directory `/home/image_server/lifespan/external_compile_libraries/openjpeg-2.1.1/build/CMakeFiles/CMakeTmp'
/usr/bin/cmake -E cmake_progress_report /home/image_server/lifespan/external_compile_libraries/openjpeg-2.1.1/build/CMakeFiles/CMakeTmp/CMakeFiles 1
Building C object CMakeFiles/cmTryCompileExec2465633493.dir/CheckIncludeFile.c.o
/usr/bin/cc    -o CMakeFiles/cmTryCompileExec2465633493.dir/CheckIncludeFile.c.o   -c /home/image_server/lifespan/external_compile_libraries/openjpeg-2.1.1/build/CMakeFiles/CMakeTmp/CheckIncludeFile.c
Linking C executable cmTryCompileExec2465633493
/usr/bin/cmake -E cmake_link_script CMakeFiles/cmTryCompileExec2465633493.dir/link.txt --verbose=1
/usr/bin/cc       CMakeFiles/cmTryCompileExec2465633493.dir/CheckIncludeFile.c.o  -o cmTryCompileExec2465633493 -rdynamic 
gmake[1]: Leaving directory `/home/image_server/lifespan/external_compile_libraries/openjpeg-2.1.1/build/CMakeFiles/CMakeTmp'


Determining if the include file stdint.h exists passed with the following output:
Change Dir: /home/image_server/lifespan/external_compile_libraries/openjpeg-2.1.1/build/CMakeFiles/CMakeTmp

Run Build Command:/usr/bin/gmake "cmTryCompileExec208864933/fast"
/usr/bin/gmake -f CMakeFiles/cmTryCompileExec208864933.dir/build.make CMakeFiles/cmTryCompileExec208864933.dir/build
gmake[1]: Entering directory `/home/image_server/lifespan/external_compile_libraries/openjpeg-2.1.1/build/CMakeFiles/CMakeTmp'
/usr/bin/cmake -E cmake_progress_report /home/image_server/lifespan/external_compile_libraries/openjpeg-2.1.1/build/CMakeFiles/CMakeTmp/CMakeFiles 1
Building C object CMakeFiles/cmTryCompileExec208864933.dir/CheckIncludeFile.c.o
/usr/bin/cc    -o CMakeFiles/cmTryCompileExec208864933.dir/CheckIncludeFile.c.o   -c /home/image_server/lifespan/external_compile_libraries/openjpeg-2.1.1/build/CMakeFiles/CMakeTmp/CheckIncludeFile.c
Linking C executable cmTryCompileExec208864933
/usr/bin/cmake -E cmake_link_script CMakeFiles/cmTryCompileExec208864933.dir/link.txt --verbose=1
/usr/bin/cc       CMakeFiles/cmTryCompileExec208864933.dir/CheckIncludeFile.c.o  -o cmTryCompileExec208864933 -rdynamic 
gmake[1]: Leaving directory `/home/image_server/lifespan/external_compile_libraries/openjpeg-2.1.1/build/CMakeFiles/CMakeTmp'


Determining if the include file inttypes.h exists passed with the following output:
Change Dir: /home/image_server/lifespan/external_compile_libraries/openjpeg-2.1.1/build/CMakeFiles/CMakeTmp

Run Build Command:/usr/bin/gmake "cmTryCompileExec902191778/fast"
/usr/bin/gmake -f CMakeFiles/cmTryCompileExec902191778.dir/build.make CMakeFiles/cmTryCompileExec902191778.dir/build
gmake[1]: Entering directory `/home/image_server/lifespan/external_compile_libraries/openjpeg-2.1.1/build/CMakeFiles/CMakeTmp'
/usr/bin/cmake -E cmake_progress_report /home/image_server/lifespan/external_compile_libraries/openjpeg-2.1.1/build/CMakeFiles/CMakeTmp/CMakeFiles 1
Building C object CMakeFiles/cmTryCompileExec902191778.dir/CheckIncludeFile.c.o
/usr/bin/cc    -o CMakeFiles/cmTryCompileExec902191778.dir/CheckIncludeFile.c.o   -c /home/image_server/lifespan/external_compile_libraries/openjpeg-2.1.1/build/CMakeFiles/CMakeTmp/CheckIncludeFile.c
Linking C executable cmTryCompileExec902191778
/usr/bin/cmake -E cmake_link_script CMakeFiles/cmTryCompileExec902191778.dir/link.txt --verbose=1
/usr/bin/cc       CMakeFiles/cmTryCompileExec902191778.dir/CheckIncludeFile.c.o  -o cmTryCompileExec902191778 -rdynamic 
gmake[1]: Leaving directory `/home/image_server/lifespan/external_compile_libraries/openjpeg-2.1.1/build/CMakeFiles/CMakeTmp'


Determining if the include file strings.h exists passed with the following output:
Change Dir: /home/image_server/lifespan/external_compile_libraries/openjpeg-2.1.1/build/CMakeFiles/CMakeTmp

Run Build Command:/usr/bin/gmake "cmTryCompileExec3564846908/fast"
/usr/bin/gmake -f CMakeFiles/cmTryCompileExec3564846908.dir/build.make CMakeFiles/cmTryCompileExec3564846908.dir/build
gmake[1]: Entering directory `/home/image_server/lifespan/external_compile_libraries/openjpeg-2.1.1/build/CMakeFiles/CMakeTmp'
/usr/bin/cmake -E cmake_progress_report /home/image_server/lifespan/external_compile_libraries/openjpeg-2.1.1/build/CMakeFiles/CMakeTmp/CMakeFiles 1
Building C object CMakeFiles/cmTryCompileExec3564846908.dir/CheckIncludeFile.c.o
/usr/bin/cc    -o CMakeFiles/cmTryCompileExec3564846908.dir/CheckIncludeFile.c.o   -c /home/image_server/lifespan/external_compile_libraries/openjpeg-2.1.1/build/CMakeFiles/CMakeTmp/CheckIncludeFile.c
Linking C executable cmTryCompileExec3564846908
/usr/bin/cmake -E cmake_link_script CMakeFiles/cmTryCompileExec3564846908.dir/link.txt --verbose=1
/usr/bin/cc       CMakeFiles/cmTryCompileExec3564846908.dir/CheckIncludeFile.c.o  -o cmTryCompileExec3564846908 -rdynamic 
gmake[1]: Leaving directory `/home/image_server/lifespan/external_compile_libraries/openjpeg-2.1.1/build/CMakeFiles/CMakeTmp'


Determining if the include file sys/stat.h exists passed with the following output:
Change Dir: /home/image_server/lifespan/external_compile_libraries/openjpeg-2.1.1/build/CMakeFiles/CMakeTmp

Run Build Command:/usr/bin/gmake "cmTryCompileExec2161837152/fast"
/usr/bin/gmake -f CMakeFiles/cmTryCompileExec2161837152.dir/build.make CMakeFiles/cmTryCompileExec2161837152.dir/build
gmake[1]: Entering directory `/home/image_server/lifespan/external_compile_libraries/openjpeg-2.1.1/build/CMakeFiles/CMakeTmp'
/usr/bin/cmake -E cmake_progress_report /home/image_server/lifespan/external_compile_libraries/openjpeg-2.1.1/build/CMakeFiles/CMakeTmp/CMakeFiles 1
Building C object CMakeFiles/cmTryCompileExec2161837152.dir/CheckIncludeFile.c.o
/usr/bin/cc    -o CMakeFiles/cmTryCompileExec2161837152.dir/CheckIncludeFile.c.o   -c /home/image_server/lifespan/external_compile_libraries/openjpeg-2.1.1/build/CMakeFiles/CMakeTmp/CheckIncludeFile.c
Linking C executable cmTryCompileExec2161837152
/usr/bin/cmake -E cmake_link_script CMakeFiles/cmTryCompileExec2161837152.dir/link.txt --verbose=1
/usr/bin/cc       CMakeFiles/cmTryCompileExec2161837152.dir/CheckIncludeFile.c.o  -o cmTryCompileExec2161837152 -rdynamic 
gmake[1]: Leaving directory `/home/image_server/lifespan/external_compile_libraries/openjpeg-2.1.1/build/CMakeFiles/CMakeTmp'


Determining if the include file unistd.h exists passed with the following output:
Change Dir: /home/image_server/lifespan/external_compile_libraries/openjpeg-2.1.1/build/CMakeFiles/CMakeTmp

Run Build Command:/usr/bin/gmake "cmTryCompileExec74977843/fast"
/usr/bin/gmake -f CMakeFiles/cmTryCompileExec74977843.dir/build.make CMakeFiles/cmTryCompileExec74977843.dir/build
gmake[1]: Entering directory `/home/image_server/lifespan/external_compile_libraries/openjpeg-2.1.1/build/CMakeFiles/CMakeTmp'
/usr/bin/cmake -E cmake_progress_report /home/image_server/lifespan/external_compile_libraries/openjpeg-2.1.1/build/CMakeFiles/CMakeTmp/CMakeFiles 1
Building C object CMakeFiles/cmTryCompileExec74977843.dir/CheckIncludeFile.c.o
/usr/bin/cc    -o CMakeFiles/cmTryCompileExec74977843.dir/CheckIncludeFile.c.o   -c /home/image_server/lifespan/external_compile_libraries/openjpeg-2.1.1/build/CMakeFiles/CMakeTmp/CheckIncludeFile.c
Linking C executable cmTryCompileExec74977843
/usr/bin/cmake -E cmake_link_script CMakeFiles/cmTryCompileExec74977843.dir/link.txt --verbose=1
/usr/bin/cc       CMakeFiles/cmTryCompileExec74977843.dir/CheckIncludeFile.c.o  -o cmTryCompileExec74977843 -rdynamic 
gmake[1]: Leaving directory `/home/image_server/lifespan/external_compile_libraries/openjpeg-2.1.1/build/CMakeFiles/CMakeTmp'


Determining if files malloc.h exist passed with the following output:
Change Dir: /home/image_server/lifespan/external_compile_libraries/openjpeg-2.1.1/build/CMakeFiles/CMakeTmp

Run Build Command:/usr/bin/gmake "cmTryCompileExec4086133042/fast"
/usr/bin/gmake -f CMakeFiles/cmTryCompileExec4086133042.dir/build.make CMakeFiles/cmTryCompileExec4086133042.dir/build
gmake[1]: Entering directory `/home/image_server/lifespan/external_compile_libraries/openjpeg-2.1.1/build/CMakeFiles/CMakeTmp'
/usr/bin/cmake -E cmake_progress_report /home/image_server/lifespan/external_compile_libraries/openjpeg-2.1.1/build/CMakeFiles/CMakeTmp/CMakeFiles 1
Building C object CMakeFiles/cmTryCompileExec4086133042.dir/CheckIncludeFiles.c.o
/usr/bin/cc    -o CMakeFiles/cmTryCompileExec4086133042.dir/CheckIncludeFiles.c.o   -c /home/image_server/lifespan/external_compile_libraries/openjpeg-2.1.1/build/CMakeFiles/CMakeTmp/CheckIncludeFiles.c
Linking C executable cmTryCompileExec4086133042
/usr/bin/cmake -E cmake_link_script CMakeFiles/cmTryCompileExec4086133042.dir/link.txt --verbose=1
/usr/bin/cc       CMakeFiles/cmTryCompileExec4086133042.dir/CheckIncludeFiles.c.o  -o cmTryCompileExec4086133042 -rdynamic 
gmake[1]: Leaving directory `/home/image_server/lifespan/external_compile_libraries/openjpeg-2.1.1/build/CMakeFiles/CMakeTmp'


Determining if the posix_memalign exist passed with the following output:
Change Dir: /home/image_server/lifespan/external_compile_libraries/openjpeg-2.1.1/build/CMakeFiles/CMakeTmp

Run Build Command:/usr/bin/gmake "cmTryCompileExec3172557295/fast"
/usr/bin/gmake -f CMakeFiles/cmTryCompileExec3172557295.dir/build.make CMakeFiles/cmTryCompileExec3172557295.dir/build
gmake[1]: Entering directory `/home/image_server/lifespan/external_compile_libraries/openjpeg-2.1.1/build/CMakeFiles/CMakeTmp'
/usr/bin/cmake -E cmake_progress_report /home/image_server/lifespan/external_compile_libraries/openjpeg-2.1.1/build/CMakeFiles/CMakeTmp/CMakeFiles 1
Building C object CMakeFiles/cmTryCompileExec3172557295.dir/CheckSymbolExists.c.o
/usr/bin/cc  -D_POSIX_C_SOURCE=200112L  -o CMakeFiles/cmTryCompileExec3172557295.dir/CheckSymbolExists.c.o   -c /home/image_server/lifespan/external_compile_libraries/openjpeg-2.1.1/build/CMakeFiles/CMakeTmp/CheckSymbolExists.c
Linking C executable cmTryCompileExec3172557295
/usr/bin/cmake -E cmake_link_script CMakeFiles/cmTryCompileExec3172557295.dir/link.txt --verbose=1
/usr/bin/cc       CMakeFiles/cmTryCompileExec3172557295.dir/CheckSymbolExists.c.o  -o cmTryCompileExec3172557295 -rdynamic 
gmake[1]: Leaving directory `/home/image_server/lifespan/external_compile_libraries/openjpeg-2.1.1/build/CMakeFiles/CMakeTmp'

File /home/image_server/lifespan/external_compile_libraries/openjpeg-2.1.1/build/CMakeFiles/CMakeTmp/CheckSymbolExists.c:
/* */
#include <stdlib.h>

int main(int argc, char** argv)
{
  (void)argv;
#ifndef posix_memalign
  return ((int*)(&posix_memalign))[argc];
#else
  (void)argc;
  return 0;
#endif
}

Determining if the memalign exist passed with the following output:
Change Dir: /home/image_server/lifespan/external_compile_libraries/openjpeg-2.1.1/build/CMakeFiles/CMakeTmp

Run Build Command:/usr/bin/gmake "cmTryCompileExec2958357810/fast"
/usr/bin/gmake -f CMakeFiles/cmTryCompileExec2958357810.dir/build.make CMakeFiles/cmTryCompileExec2958357810.dir/build
gmake[1]: Entering directory `/home/image_server/lifespan/external_compile_libraries/openjpeg-2.1.1/build/CMakeFiles/CMakeTmp'
/usr/bin/cmake -E cmake_progress_report /home/image_server/lifespan/external_compile_libraries/openjpeg-2.1.1/build/CMakeFiles/CMakeTmp/CMakeFiles 1
Building C object CMakeFiles/cmTryCompileExec2958357810.dir/CheckSymbolExists.c.o
/usr/bin/cc    -o CMakeFiles/cmTryCompileExec2958357810.dir/CheckSymbolExists.c.o   -c /home/image_server/lifespan/external_compile_libraries/openjpeg-2.1.1/build/CMakeFiles/CMakeTmp/CheckSymbolExists.c
Linking C executable cmTryCompileExec2958357810
/usr/bin/cmake -E cmake_link_script CMakeFiles/cmTryCompileExec2958357810.dir/link.txt --verbose=1
/usr/bin/cc       CMakeFiles/cmTryCompileExec2958357810.dir/CheckSymbolExists.c.o  -o cmTryCompileExec2958357810 -rdynamic 
gmake[1]: Leaving directory `/home/image_server/lifespan/external_compile_libraries/openjpeg-2.1.1/build/CMakeFiles/CMakeTmp'

File /home/image_server/lifespan/external_compile_libraries/openjpeg-2.1.1/build/CMakeFiles/CMakeTmp/CheckSymbolExists.c:
/* */
#include <malloc.h>

int main(int argc, char** argv)
{
  (void)argv;
#ifndef memalign
  return ((int*)(&memalign))[argc];
#else
  (void)argc;
  return 0;
#endif
}

